<html>
<head>
<title>TestNG:  TestLogin</title>
<link href="../testng.css" rel="stylesheet" type="text/css" />
<link href="../my-testng.css" rel="stylesheet" type="text/css" />

<style type="text/css">
.log { display: none;} 
.stack-trace { display: none;} 
</style>
<script type="text/javascript">
<!--
function flip(e) {
  current = e.style.display;
  if (current == 'block') {
    e.style.display = 'none';
    return 0;
  }
  else {
    e.style.display = 'block';
    return 1;
  }
}

function toggleBox(szDivId, elem, msg1, msg2)
{
  var res = -1;  if (document.getElementById) {
    res = flip(document.getElementById(szDivId));
  }
  else if (document.all) {
    // this is the way old msie versions work
    res = flip(document.all[szDivId]);
  }
  if(elem) {
    if(res == 0) elem.innerHTML = msg1; else elem.innerHTML = msg2;
  }

}

function toggleAllBoxes() {
  if (document.getElementsByTagName) {
    d = document.getElementsByTagName('div');
    for (i = 0; i < d.length; i++) {
      if (d[i].className == 'log') {
        flip(d[i]);
      }
    }
  }
}

// -->
</script>

</head>
<body>
<h2 align='center'>TestLogin</h2><table border='1' align="center">
<tr>
<td>Tests passed/Failed/Skipped:</td><td>0/0/19</td>
</tr><tr>
<td>Started on:</td><td>Sun Sep 19 16:40:29 IST 2021</td>
</tr>
<tr><td>Total time:</td><td>12 seconds (12918 ms)</td>
</tr><tr>
<td>Included groups:</td><td></td>
</tr><tr>
<td>Excluded groups:</td><td></td>
</tr>
</table><p/>
<small><i>(Hover the method name to see the test class name)</i></small><p/>
<table width='100%' border='1' class='invocation-failed'>
<tr><td colspan='4' align='center'><b>FAILED CONFIGURATIONS</b></td></tr>
<tr><td><b>Test method</b></td>
<td width="30%"><b>Exception</b></td>
<td width="10%"><b>Time (seconds)</b></td>
<td><b>Instance</b></td>
</tr>
<tr>
<td title='test.ContactUsTest.ContactUsTest.beforeTest()'><b>beforeTest</b><br>Test class: test.ContactUsTest.ContactUsTest</td>
<td><div><pre>org.openqa.selenium.SessionNotCreatedException: session not created
from disconnected: received Inspector.detached event
  (Session info: chrome=93.0.4577.82)
Build info: version: &apos;3.141.59&apos;, revision: &apos;e82be7d358&apos;, time: &apos;2018-11-14T08:17:03&apos;
System info: host: &apos;ARPGL006256&apos;, ip: &apos;192.168.42.124&apos;, os.name: &apos;Windows 10&apos;, os.arch: &apos;amd64&apos;, os.version: &apos;10.0&apos;, java.version: &apos;16.0.2&apos;
Driver info: driver.version: ChromeDriver
remote stacktrace: Backtrace:
	Ordinal0 [0x00402A33+2501171]
	Ordinal0 [0x0039D1C1+2085313]
	Ordinal0 [0x002A1FA8+1056680]
	Ordinal0 [0x00295474+1004660]
	Ordinal0 [0x002950B6+1003702]
	Ordinal0 [0x002947FA+1001466]
	Ordinal0 [0x0029398D+997773]
	Ordinal0 [0x00293C46+998470]
	Ordinal0 [0x00293535+996661]
	Ordinal0 [0x0029E0C4+1040580]
	Ordinal0 [0x002934F1+996593]
	Ordinal0 [0x00294416+1000470]
	Ordinal0 [0x0029398D+997773]
	Ordinal0 [0x00293C46+998470]
	Ordinal0 [0x00293535+996661]
	Ordinal0 [0x0029C13A+1032506]
	Ordinal0 [0x002934F1+996593]
	Ordinal0 [0x00294416+1000470]
	Ordinal0 [0x0029398D+997773]
	Ordinal0 [0x00293C46+998470]
	Ordinal0 [0x00293535+996661]
	Ordinal0 [0x00299FC9+1023945]
	Ordinal0 [0x002934F1+996593]
	Ordinal0 [0x00294416+1000470]
	Ordinal0 [0x0029398D+997773]
	Ordinal0 [0x00293C46+998470]
	Ordinal0 [0x00293535+996661]
	Ordinal0 [0x002992EC+1020652]
	Ordinal0 [0x002934F1+996593]
	Ordinal0 [0x00294416+1000470]
	Ordinal0 [0x0029398D+997773]
	Ordinal0 [0x00293C46+998470]
	Ordinal0 [0x00293535+996661]
	Ordinal0 [0x0028F10D+979213]
	Ordinal0 [0x002934F1+996593]
	Ordinal0 [0x00293290+995984]
	Ordinal0 [0x00293029+995369]
	Ordinal0 [0x002A31C0+1061312]
	Ordinal0 [0x002EA93B+1354043]
	Ordinal0 [0x002E960A+1349130]
	Ordinal0 [0x002E551B+1332507]
	Ordinal0 [0x002C1D74+1187188]
	Ordinal0 [0x002C2BD9+1190873]
	GetHandleVerifier [0x0057EFE6+1504438]
	GetHandleVerifier [0x0062DDA5+2220661]
	GetHandleVerifier [0x00485589+481881]
	GetHandleVerifier [0x00484639+477961]
	Ordinal0 [0x003A28BD+2107581]
	Ordinal0 [0x003A6728+2123560]
	Ordinal0 [0x003A6862+2123874]
	Ordinal0 [0x003AFA81+2161281]
	BaseThreadInitThunk [0x7796FA29+25]
	RtlGetAppContainerNamedObjectPath [0x77DF7A7E+286]
	RtlGetAppContainerNamedObjectPath [0x77DF7A4E+238]

	at org.openqa.selenium.remote.W3CHandshakeResponse.lambda$errorHandler$0(W3CHandshakeResponse.java:62)
	at org.openqa.selenium.remote.HandshakeResponse.lambda$getResponseFunction$0(HandshakeResponse.java:30)
	at org.openqa.selenium.remote.ProtocolHandshake.lambda$createSession$0(ProtocolHandshake.java:126)
	at java.base/java.util.stream.ReferencePipeline$3$1.accept(ReferencePipeline.java:197)
	at java.base/java.util.Spliterators$ArraySpliterator.tryAdvance(Spliterators.java:958)
	at java.base/java.util.stream.ReferencePipeline.forEachWithCancel(ReferencePipeline.java:129)
	at java.base/java.util.stream.AbstractPipeline.copyIntoWithCancel(AbstractPipeline.java:502)
	at java.base/java.util.stream.AbstractPipeline.copyInto(AbstractPipeline.java:488)
	at java.base/java.util.stream.AbstractPipeline.wrapAndCopyInto(AbstractPipeline.java:474)
	at java.base/java.util.stream.FindOps$FindOp.evaluateSequential(FindOps.java:150)
	at java.base/java.util.stream.AbstractPipeline.evaluate(AbstractPipeline.java:234)
	at java.base/java.util.stream.ReferencePipeline.findFirst(ReferencePipeline.java:647)
	at org.openqa.selenium.remote.ProtocolHandshake.createSession(ProtocolHandshake.java:128)
	at org.openqa.selenium.remote.ProtocolHandshake.createSession(ProtocolHandshake.java:74)
	at org.openqa.selenium.remote.HttpCommandExecutor.execute(HttpCommandExecutor.java:136)
	at org.openqa.selenium.remote.service.DriverCommandExecutor.execute(DriverCommandExecutor.java:83)
	at org.openqa.selenium.remote.RemoteWebDriver.execute(RemoteWebDriver.java:552)
	at org.openqa.selenium.remote.RemoteWebDriver.startSession(RemoteWebDriver.java:213)
	at org.openqa.selenium.remote.RemoteWebDriver.&lt;init&gt;(RemoteWebDriver.java:131)
	at org.openqa.selenium.chrome.ChromeDriver.&lt;init&gt;(ChromeDriver.java:181)
	at org.openqa.selenium.chrome.ChromeDriver.&lt;init&gt;(ChromeDriver.java:168)
	at org.openqa.selenium.chrome.ChromeDriver.&lt;init&gt;(ChromeDriver.java:123)
	at test.ContactUsTest.ContactUsTest.beforeTest(ContactUsTest.java:39)
... Removed 29 stack frames</pre></div><a href='#' onClick='toggleBox("stack-trace61304908", this, "Click to show all stack frames", "Click to hide stack frames")'>Click to show all stack frames</a>
<div class='stack-trace' id='stack-trace61304908'><pre>org.openqa.selenium.SessionNotCreatedException: session not created
from disconnected: received Inspector.detached event
  (Session info: chrome=93.0.4577.82)
Build info: version: &apos;3.141.59&apos;, revision: &apos;e82be7d358&apos;, time: &apos;2018-11-14T08:17:03&apos;
System info: host: &apos;ARPGL006256&apos;, ip: &apos;192.168.42.124&apos;, os.name: &apos;Windows 10&apos;, os.arch: &apos;amd64&apos;, os.version: &apos;10.0&apos;, java.version: &apos;16.0.2&apos;
Driver info: driver.version: ChromeDriver
remote stacktrace: Backtrace:
	Ordinal0 [0x00402A33+2501171]
	Ordinal0 [0x0039D1C1+2085313]
	Ordinal0 [0x002A1FA8+1056680]
	Ordinal0 [0x00295474+1004660]
	Ordinal0 [0x002950B6+1003702]
	Ordinal0 [0x002947FA+1001466]
	Ordinal0 [0x0029398D+997773]
	Ordinal0 [0x00293C46+998470]
	Ordinal0 [0x00293535+996661]
	Ordinal0 [0x0029E0C4+1040580]
	Ordinal0 [0x002934F1+996593]
	Ordinal0 [0x00294416+1000470]
	Ordinal0 [0x0029398D+997773]
	Ordinal0 [0x00293C46+998470]
	Ordinal0 [0x00293535+996661]
	Ordinal0 [0x0029C13A+1032506]
	Ordinal0 [0x002934F1+996593]
	Ordinal0 [0x00294416+1000470]
	Ordinal0 [0x0029398D+997773]
	Ordinal0 [0x00293C46+998470]
	Ordinal0 [0x00293535+996661]
	Ordinal0 [0x00299FC9+1023945]
	Ordinal0 [0x002934F1+996593]
	Ordinal0 [0x00294416+1000470]
	Ordinal0 [0x0029398D+997773]
	Ordinal0 [0x00293C46+998470]
	Ordinal0 [0x00293535+996661]
	Ordinal0 [0x002992EC+1020652]
	Ordinal0 [0x002934F1+996593]
	Ordinal0 [0x00294416+1000470]
	Ordinal0 [0x0029398D+997773]
	Ordinal0 [0x00293C46+998470]
	Ordinal0 [0x00293535+996661]
	Ordinal0 [0x0028F10D+979213]
	Ordinal0 [0x002934F1+996593]
	Ordinal0 [0x00293290+995984]
	Ordinal0 [0x00293029+995369]
	Ordinal0 [0x002A31C0+1061312]
	Ordinal0 [0x002EA93B+1354043]
	Ordinal0 [0x002E960A+1349130]
	Ordinal0 [0x002E551B+1332507]
	Ordinal0 [0x002C1D74+1187188]
	Ordinal0 [0x002C2BD9+1190873]
	GetHandleVerifier [0x0057EFE6+1504438]
	GetHandleVerifier [0x0062DDA5+2220661]
	GetHandleVerifier [0x00485589+481881]
	GetHandleVerifier [0x00484639+477961]
	Ordinal0 [0x003A28BD+2107581]
	Ordinal0 [0x003A6728+2123560]
	Ordinal0 [0x003A6862+2123874]
	Ordinal0 [0x003AFA81+2161281]
	BaseThreadInitThunk [0x7796FA29+25]
	RtlGetAppContainerNamedObjectPath [0x77DF7A7E+286]
	RtlGetAppContainerNamedObjectPath [0x77DF7A4E+238]

	at java.base/jdk.internal.reflect.NativeConstructorAccessorImpl.newInstance0(Native Method)
	at java.base/jdk.internal.reflect.NativeConstructorAccessorImpl.newInstance(NativeConstructorAccessorImpl.java:78)
	at java.base/jdk.internal.reflect.DelegatingConstructorAccessorImpl.newInstance(DelegatingConstructorAccessorImpl.java:45)
	at java.base/java.lang.reflect.Constructor.newInstanceWithCaller(Constructor.java:499)
	at java.base/java.lang.reflect.Constructor.newInstance(Constructor.java:480)
	at org.openqa.selenium.remote.W3CHandshakeResponse.lambda$errorHandler$0(W3CHandshakeResponse.java:62)
	at org.openqa.selenium.remote.HandshakeResponse.lambda$getResponseFunction$0(HandshakeResponse.java:30)
	at org.openqa.selenium.remote.ProtocolHandshake.lambda$createSession$0(ProtocolHandshake.java:126)
	at java.base/java.util.stream.ReferencePipeline$3$1.accept(ReferencePipeline.java:197)
	at java.base/java.util.Spliterators$ArraySpliterator.tryAdvance(Spliterators.java:958)
	at java.base/java.util.stream.ReferencePipeline.forEachWithCancel(ReferencePipeline.java:129)
	at java.base/java.util.stream.AbstractPipeline.copyIntoWithCancel(AbstractPipeline.java:502)
	at java.base/java.util.stream.AbstractPipeline.copyInto(AbstractPipeline.java:488)
	at java.base/java.util.stream.AbstractPipeline.wrapAndCopyInto(AbstractPipeline.java:474)
	at java.base/java.util.stream.FindOps$FindOp.evaluateSequential(FindOps.java:150)
	at java.base/java.util.stream.AbstractPipeline.evaluate(AbstractPipeline.java:234)
	at java.base/java.util.stream.ReferencePipeline.findFirst(ReferencePipeline.java:647)
	at org.openqa.selenium.remote.ProtocolHandshake.createSession(ProtocolHandshake.java:128)
	at org.openqa.selenium.remote.ProtocolHandshake.createSession(ProtocolHandshake.java:74)
	at org.openqa.selenium.remote.HttpCommandExecutor.execute(HttpCommandExecutor.java:136)
	at org.openqa.selenium.remote.service.DriverCommandExecutor.execute(DriverCommandExecutor.java:83)
	at org.openqa.selenium.remote.RemoteWebDriver.execute(RemoteWebDriver.java:552)
	at org.openqa.selenium.remote.RemoteWebDriver.startSession(RemoteWebDriver.java:213)
	at org.openqa.selenium.remote.RemoteWebDriver.&lt;init&gt;(RemoteWebDriver.java:131)
	at org.openqa.selenium.chrome.ChromeDriver.&lt;init&gt;(ChromeDriver.java:181)
	at org.openqa.selenium.chrome.ChromeDriver.&lt;init&gt;(ChromeDriver.java:168)
	at org.openqa.selenium.chrome.ChromeDriver.&lt;init&gt;(ChromeDriver.java:123)
	at test.ContactUsTest.ContactUsTest.beforeTest(ContactUsTest.java:39)
	at java.base/jdk.internal.reflect.NativeMethodAccessorImpl.invoke0(Native Method)
	at java.base/jdk.internal.reflect.NativeMethodAccessorImpl.invoke(NativeMethodAccessorImpl.java:78)
	at java.base/jdk.internal.reflect.DelegatingMethodAccessorImpl.invoke(DelegatingMethodAccessorImpl.java:43)
	at java.base/java.lang.reflect.Method.invoke(Method.java:567)
	at org.testng.internal.MethodInvocationHelper.invokeMethod(MethodInvocationHelper.java:133)
	at org.testng.internal.MethodInvocationHelper.invokeMethodConsideringTimeout(MethodInvocationHelper.java:62)
	at org.testng.internal.ConfigInvoker.invokeConfigurationMethod(ConfigInvoker.java:385)
	at org.testng.internal.ConfigInvoker.invokeConfigurations(ConfigInvoker.java:321)
	at org.testng.TestRunner.invokeTestConfigurations(TestRunner.java:637)
	at org.testng.TestRunner.beforeRun(TestRunner.java:627)
	at org.testng.TestRunner.run(TestRunner.java:589)
	at org.testng.SuiteRunner.runTest(SuiteRunner.java:377)
	at org.testng.SuiteRunner.runSequentially(SuiteRunner.java:371)
	at org.testng.SuiteRunner.privateRun(SuiteRunner.java:332)
	at org.testng.SuiteRunner.run(SuiteRunner.java:276)
	at org.testng.SuiteRunnerWorker.runSuite(SuiteRunnerWorker.java:53)
	at org.testng.SuiteRunnerWorker.run(SuiteRunnerWorker.java:96)
	at org.testng.TestNG.runSuitesSequentially(TestNG.java:1212)
	at org.testng.TestNG.runSuitesLocally(TestNG.java:1134)
	at org.testng.TestNG.runSuites(TestNG.java:1063)
	at org.testng.TestNG.run(TestNG.java:1031)
	at org.testng.remote.AbstractRemoteTestNG.run(AbstractRemoteTestNG.java:115)
	at org.testng.remote.RemoteTestNG.initAndRun(RemoteTestNG.java:251)
	at org.testng.remote.RemoteTestNG.main(RemoteTestNG.java:77)
</pre></div></td>
<td>3</td>
<td>test.ContactUsTest.ContactUsTest@4b8ee4de</td></tr>
</table><p>
<table width='100%' border='1' class='invocation-skipped'>
<tr><td colspan='4' align='center'><b>SKIPPED CONFIGURATIONS</b></td></tr>
<tr><td><b>Test method</b></td>
<td width="30%"><b>Exception</b></td>
<td width="10%"><b>Time (seconds)</b></td>
<td><b>Instance</b></td>
</tr>
<tr>
<td title='test.adminfunctional.AdminPassword.beforeMethod()'><b>beforeMethod</b><br>Test class: test.adminfunctional.AdminPassword</td>
<td></td>
<td>-1632049842</td>
<td>test.adminfunctional.AdminPassword@47d9a273</td></tr>
<tr>
<td title='test.carlistingTests.BookCarTests.afterMethod()'><b>afterMethod</b><br>Test class: test.carlistingTests.BookCarTests</td>
<td></td>
<td>-1632049842</td>
<td>test.carlistingTests.BookCarTests@1151e434</td></tr>
<tr>
<td title='test.adminfunctional.ManageBooking.afterTest()'><b>afterTest</b><br>Test class: test.adminfunctional.ManageBooking</td>
<td></td>
<td>-1632049842</td>
<td>test.adminfunctional.ManageBooking@2dc54ad4</td></tr>
<tr>
<td title='test.carlistingTests.FetchCarTest.afterTest()'><b>afterTest</b><br>Test class: test.carlistingTests.FetchCarTest</td>
<td></td>
<td>-1632049842</td>
<td>test.carlistingTests.FetchCarTest@1b11171f</td></tr>
<tr>
<td title='test.homepageTests.HomePageMyBooking.beforeTest()'><b>beforeTest</b><br>Test class: test.homepageTests.HomePageMyBooking</td>
<td></td>
<td>-1632049842</td>
<td>test.homepageTests.HomePageMyBooking@27f981c6</td></tr>
<tr>
<td title='test.ContactUsTest.ContactUsTest.afterTest()'><b>afterTest</b><br>Test class: test.ContactUsTest.ContactUsTest</td>
<td></td>
<td>-1632049842</td>
<td>test.ContactUsTest.ContactUsTest@4b8ee4de</td></tr>
<tr>
<td title='test.adminfunctional.AdminPassword.beforeMethod()'><b>beforeMethod</b><br>Test class: test.adminfunctional.AdminPassword</td>
<td></td>
<td>-1632049842</td>
<td>test.adminfunctional.AdminPassword@47d9a273</td></tr>
<tr>
<td title='test.userlogin.UserLogin.beforeTest()'><b>beforeTest</b><br>Test class: test.userlogin.UserLogin</td>
<td></td>
<td>-1632049842</td>
<td>test.userlogin.UserLogin@12aba8be</td></tr>
<tr>
<td title='test.carlistingTests.BookCarTests.beforeMethod()'><b>beforeMethod</b><br>Test class: test.carlistingTests.BookCarTests</td>
<td></td>
<td>-1632049842</td>
<td>test.carlistingTests.BookCarTests@1151e434</td></tr>
<tr>
<td title='test.userlogin.UserLogin.beforeMethod()'><b>beforeMethod</b><br>Test class: test.userlogin.UserLogin</td>
<td></td>
<td>-1632049842</td>
<td>test.userlogin.UserLogin@12aba8be</td></tr>
<tr>
<td title='test.carlistingTests.BookCarTests.beforeMethod()'><b>beforeMethod</b><br>Test class: test.carlistingTests.BookCarTests</td>
<td></td>
<td>-1632049842</td>
<td>test.carlistingTests.BookCarTests@1151e434</td></tr>
<tr>
<td title='test.userlogin.UserLogin.beforeMethod()'><b>beforeMethod</b><br>Test class: test.userlogin.UserLogin</td>
<td></td>
<td>-1632049842</td>
<td>test.userlogin.UserLogin@12aba8be</td></tr>
<tr>
<td title='test.usersignup.ForgotPassword.beforeTest()'><b>beforeTest</b><br>Test class: test.usersignup.ForgotPassword</td>
<td></td>
<td>-1632049842</td>
<td>test.usersignup.ForgotPassword@26e356f0</td></tr>
<tr>
<td title='test.usersignup.ForgotPassword.beforeMethod()'><b>beforeMethod</b><br>Test class: test.usersignup.ForgotPassword</td>
<td></td>
<td>-1632049842</td>
<td>test.usersignup.ForgotPassword@26e356f0</td></tr>
<tr>
<td title='test.adminfunctional.ManageBooking.beforeTest()'><b>beforeTest</b><br>Test class: test.adminfunctional.ManageBooking</td>
<td></td>
<td>-1632049842</td>
<td>test.adminfunctional.ManageBooking@2dc54ad4</td></tr>
<tr>
<td title='test.usersignup.SignUp.beforeMethod()'><b>beforeMethod</b><br>Test class: test.usersignup.SignUp</td>
<td></td>
<td>-1632049842</td>
<td>test.usersignup.SignUp@201a4587</td></tr>
<tr>
<td title='test.adminfunctional.AdminPassword.AfterTest()'><b>AfterTest</b><br>Test class: test.adminfunctional.AdminPassword</td>
<td></td>
<td>-1632049842</td>
<td>test.adminfunctional.AdminPassword@47d9a273</td></tr>
<tr>
<td title='test.usersignup.ForgotPassword.beforeMethod()'><b>beforeMethod</b><br>Test class: test.usersignup.ForgotPassword</td>
<td></td>
<td>-1632049842</td>
<td>test.usersignup.ForgotPassword@26e356f0</td></tr>
<tr>
<td title='test.usersignup.ForgotPassword.afterTest()'><b>afterTest</b><br>Test class: test.usersignup.ForgotPassword</td>
<td></td>
<td>-1632049842</td>
<td>test.usersignup.ForgotPassword@26e356f0</td></tr>
<tr>
<td title='test.usersignup.SignUp.beforeTest()'><b>beforeTest</b><br>Test class: test.usersignup.SignUp</td>
<td></td>
<td>-1632049842</td>
<td>test.usersignup.SignUp@201a4587</td></tr>
<tr>
<td title='test.carlistingTests.BookCarTests.beforeMethod()'><b>beforeMethod</b><br>Test class: test.carlistingTests.BookCarTests</td>
<td></td>
<td>-1632049842</td>
<td>test.carlistingTests.BookCarTests@1151e434</td></tr>
<tr>
<td title='test.carlistingTests.FetchCarTest.beforeTest()'><b>beforeTest</b><br>Test class: test.carlistingTests.FetchCarTest</td>
<td></td>
<td>-1632049842</td>
<td>test.carlistingTests.FetchCarTest@1b11171f</td></tr>
<tr>
<td title='test.userlogin.UserLogin.AfterTest()'><b>AfterTest</b><br>Test class: test.userlogin.UserLogin</td>
<td></td>
<td>-1632049842</td>
<td>test.userlogin.UserLogin@12aba8be</td></tr>
<tr>
<td title='test.homepageTests.HomePageMyBooking.afteTest()'><b>afteTest</b><br>Test class: test.homepageTests.HomePageMyBooking</td>
<td></td>
<td>-1632049842</td>
<td>test.homepageTests.HomePageMyBooking@27f981c6</td></tr>
<tr>
<td title='test.usersignup.SignUp.AfterTest()'><b>AfterTest</b><br>Test class: test.usersignup.SignUp</td>
<td></td>
<td>-1632049842</td>
<td>test.usersignup.SignUp@201a4587</td></tr>
<tr>
<td title='test.adminfunctional.AdminPassword.beforeMethod()'><b>beforeMethod</b><br>Test class: test.adminfunctional.AdminPassword</td>
<td></td>
<td>-1632049842</td>
<td>test.adminfunctional.AdminPassword@47d9a273</td></tr>
<tr>
<td title='test.adminfunctional.AdminLogin.afterTest()'><b>afterTest</b><br>Test class: test.adminfunctional.AdminLogin</td>
<td></td>
<td>-1632049842</td>
<td>test.adminfunctional.AdminLogin@61001b64</td></tr>
</table><p>
<table width='100%' border='1' class='invocation-skipped'>
<tr><td colspan='4' align='center'><b>SKIPPED TESTS</b></td></tr>
<tr><td><b>Test method</b></td>
<td width="30%"><b>Exception</b></td>
<td width="10%"><b>Time (seconds)</b></td>
<td><b>Instance</b></td>
</tr>
<tr>
<td title='test.userlogin.UserLogin.loginWithInValidDetailsTest()'><b>loginWithInValidDetailsTest</b><br>Test class: test.userlogin.UserLogin</td>
<td><div><pre>org.openqa.selenium.SessionNotCreatedException: session not created
from disconnected: received Inspector.detached event
  (Session info: chrome=93.0.4577.82)
Build info: version: &apos;3.141.59&apos;, revision: &apos;e82be7d358&apos;, time: &apos;2018-11-14T08:17:03&apos;
System info: host: &apos;ARPGL006256&apos;, ip: &apos;192.168.42.124&apos;, os.name: &apos;Windows 10&apos;, os.arch: &apos;amd64&apos;, os.version: &apos;10.0&apos;, java.version: &apos;16.0.2&apos;
Driver info: driver.version: ChromeDriver
remote stacktrace: Backtrace:
	Ordinal0 [0x00402A33+2501171]
	Ordinal0 [0x0039D1C1+2085313]
	Ordinal0 [0x002A1FA8+1056680]
	Ordinal0 [0x00295474+1004660]
	Ordinal0 [0x002950B6+1003702]
	Ordinal0 [0x002947FA+1001466]
	Ordinal0 [0x0029398D+997773]
	Ordinal0 [0x00293C46+998470]
	Ordinal0 [0x00293535+996661]
	Ordinal0 [0x0029E0C4+1040580]
	Ordinal0 [0x002934F1+996593]
	Ordinal0 [0x00294416+1000470]
	Ordinal0 [0x0029398D+997773]
	Ordinal0 [0x00293C46+998470]
	Ordinal0 [0x00293535+996661]
	Ordinal0 [0x0029C13A+1032506]
	Ordinal0 [0x002934F1+996593]
	Ordinal0 [0x00294416+1000470]
	Ordinal0 [0x0029398D+997773]
	Ordinal0 [0x00293C46+998470]
	Ordinal0 [0x00293535+996661]
	Ordinal0 [0x00299FC9+1023945]
	Ordinal0 [0x002934F1+996593]
	Ordinal0 [0x00294416+1000470]
	Ordinal0 [0x0029398D+997773]
	Ordinal0 [0x00293C46+998470]
	Ordinal0 [0x00293535+996661]
	Ordinal0 [0x002992EC+1020652]
	Ordinal0 [0x002934F1+996593]
	Ordinal0 [0x00294416+1000470]
	Ordinal0 [0x0029398D+997773]
	Ordinal0 [0x00293C46+998470]
	Ordinal0 [0x00293535+996661]
	Ordinal0 [0x0028F10D+979213]
	Ordinal0 [0x002934F1+996593]
	Ordinal0 [0x00293290+995984]
	Ordinal0 [0x00293029+995369]
	Ordinal0 [0x002A31C0+1061312]
	Ordinal0 [0x002EA93B+1354043]
	Ordinal0 [0x002E960A+1349130]
	Ordinal0 [0x002E551B+1332507]
	Ordinal0 [0x002C1D74+1187188]
	Ordinal0 [0x002C2BD9+1190873]
	GetHandleVerifier [0x0057EFE6+1504438]
	GetHandleVerifier [0x0062DDA5+2220661]
	GetHandleVerifier [0x00485589+481881]
	GetHandleVerifier [0x00484639+477961]
	Ordinal0 [0x003A28BD+2107581]
	Ordinal0 [0x003A6728+2123560]
	Ordinal0 [0x003A6862+2123874]
	Ordinal0 [0x003AFA81+2161281]
	BaseThreadInitThunk [0x7796FA29+25]
	RtlGetAppContainerNamedObjectPath [0x77DF7A7E+286]
	RtlGetAppContainerNamedObjectPath [0x77DF7A4E+238]

	at org.openqa.selenium.remote.W3CHandshakeResponse.lambda$errorHandler$0(W3CHandshakeResponse.java:62)
	at org.openqa.selenium.remote.HandshakeResponse.lambda$getResponseFunction$0(HandshakeResponse.java:30)
	at org.openqa.selenium.remote.ProtocolHandshake.lambda$createSession$0(ProtocolHandshake.java:126)
	at java.base/java.util.stream.ReferencePipeline$3$1.accept(ReferencePipeline.java:197)
	at java.base/java.util.Spliterators$ArraySpliterator.tryAdvance(Spliterators.java:958)
	at java.base/java.util.stream.ReferencePipeline.forEachWithCancel(ReferencePipeline.java:129)
	at java.base/java.util.stream.AbstractPipeline.copyIntoWithCancel(AbstractPipeline.java:502)
	at java.base/java.util.stream.AbstractPipeline.copyInto(AbstractPipeline.java:488)
	at java.base/java.util.stream.AbstractPipeline.wrapAndCopyInto(AbstractPipeline.java:474)
	at java.base/java.util.stream.FindOps$FindOp.evaluateSequential(FindOps.java:150)
	at java.base/java.util.stream.AbstractPipeline.evaluate(AbstractPipeline.java:234)
	at java.base/java.util.stream.ReferencePipeline.findFirst(ReferencePipeline.java:647)
	at org.openqa.selenium.remote.ProtocolHandshake.createSession(ProtocolHandshake.java:128)
	at org.openqa.selenium.remote.ProtocolHandshake.createSession(ProtocolHandshake.java:74)
	at org.openqa.selenium.remote.HttpCommandExecutor.execute(HttpCommandExecutor.java:136)
	at org.openqa.selenium.remote.service.DriverCommandExecutor.execute(DriverCommandExecutor.java:83)
	at org.openqa.selenium.remote.RemoteWebDriver.execute(RemoteWebDriver.java:552)
	at org.openqa.selenium.remote.RemoteWebDriver.startSession(RemoteWebDriver.java:213)
	at org.openqa.selenium.remote.RemoteWebDriver.&lt;init&gt;(RemoteWebDriver.java:131)
	at org.openqa.selenium.chrome.ChromeDriver.&lt;init&gt;(ChromeDriver.java:181)
	at org.openqa.selenium.chrome.ChromeDriver.&lt;init&gt;(ChromeDriver.java:168)
	at org.openqa.selenium.chrome.ChromeDriver.&lt;init&gt;(ChromeDriver.java:123)
	at test.ContactUsTest.ContactUsTest.beforeTest(ContactUsTest.java:39)
... Removed 29 stack frames</pre></div><a href='#' onClick='toggleBox("stack-trace1008608255", this, "Click to show all stack frames", "Click to hide stack frames")'>Click to show all stack frames</a>
<div class='stack-trace' id='stack-trace1008608255'><pre>org.openqa.selenium.SessionNotCreatedException: session not created
from disconnected: received Inspector.detached event
  (Session info: chrome=93.0.4577.82)
Build info: version: &apos;3.141.59&apos;, revision: &apos;e82be7d358&apos;, time: &apos;2018-11-14T08:17:03&apos;
System info: host: &apos;ARPGL006256&apos;, ip: &apos;192.168.42.124&apos;, os.name: &apos;Windows 10&apos;, os.arch: &apos;amd64&apos;, os.version: &apos;10.0&apos;, java.version: &apos;16.0.2&apos;
Driver info: driver.version: ChromeDriver
remote stacktrace: Backtrace:
	Ordinal0 [0x00402A33+2501171]
	Ordinal0 [0x0039D1C1+2085313]
	Ordinal0 [0x002A1FA8+1056680]
	Ordinal0 [0x00295474+1004660]
	Ordinal0 [0x002950B6+1003702]
	Ordinal0 [0x002947FA+1001466]
	Ordinal0 [0x0029398D+997773]
	Ordinal0 [0x00293C46+998470]
	Ordinal0 [0x00293535+996661]
	Ordinal0 [0x0029E0C4+1040580]
	Ordinal0 [0x002934F1+996593]
	Ordinal0 [0x00294416+1000470]
	Ordinal0 [0x0029398D+997773]
	Ordinal0 [0x00293C46+998470]
	Ordinal0 [0x00293535+996661]
	Ordinal0 [0x0029C13A+1032506]
	Ordinal0 [0x002934F1+996593]
	Ordinal0 [0x00294416+1000470]
	Ordinal0 [0x0029398D+997773]
	Ordinal0 [0x00293C46+998470]
	Ordinal0 [0x00293535+996661]
	Ordinal0 [0x00299FC9+1023945]
	Ordinal0 [0x002934F1+996593]
	Ordinal0 [0x00294416+1000470]
	Ordinal0 [0x0029398D+997773]
	Ordinal0 [0x00293C46+998470]
	Ordinal0 [0x00293535+996661]
	Ordinal0 [0x002992EC+1020652]
	Ordinal0 [0x002934F1+996593]
	Ordinal0 [0x00294416+1000470]
	Ordinal0 [0x0029398D+997773]
	Ordinal0 [0x00293C46+998470]
	Ordinal0 [0x00293535+996661]
	Ordinal0 [0x0028F10D+979213]
	Ordinal0 [0x002934F1+996593]
	Ordinal0 [0x00293290+995984]
	Ordinal0 [0x00293029+995369]
	Ordinal0 [0x002A31C0+1061312]
	Ordinal0 [0x002EA93B+1354043]
	Ordinal0 [0x002E960A+1349130]
	Ordinal0 [0x002E551B+1332507]
	Ordinal0 [0x002C1D74+1187188]
	Ordinal0 [0x002C2BD9+1190873]
	GetHandleVerifier [0x0057EFE6+1504438]
	GetHandleVerifier [0x0062DDA5+2220661]
	GetHandleVerifier [0x00485589+481881]
	GetHandleVerifier [0x00484639+477961]
	Ordinal0 [0x003A28BD+2107581]
	Ordinal0 [0x003A6728+2123560]
	Ordinal0 [0x003A6862+2123874]
	Ordinal0 [0x003AFA81+2161281]
	BaseThreadInitThunk [0x7796FA29+25]
	RtlGetAppContainerNamedObjectPath [0x77DF7A7E+286]
	RtlGetAppContainerNamedObjectPath [0x77DF7A4E+238]

	at java.base/jdk.internal.reflect.NativeConstructorAccessorImpl.newInstance0(Native Method)
	at java.base/jdk.internal.reflect.NativeConstructorAccessorImpl.newInstance(NativeConstructorAccessorImpl.java:78)
	at java.base/jdk.internal.reflect.DelegatingConstructorAccessorImpl.newInstance(DelegatingConstructorAccessorImpl.java:45)
	at java.base/java.lang.reflect.Constructor.newInstanceWithCaller(Constructor.java:499)
	at java.base/java.lang.reflect.Constructor.newInstance(Constructor.java:480)
	at org.openqa.selenium.remote.W3CHandshakeResponse.lambda$errorHandler$0(W3CHandshakeResponse.java:62)
	at org.openqa.selenium.remote.HandshakeResponse.lambda$getResponseFunction$0(HandshakeResponse.java:30)
	at org.openqa.selenium.remote.ProtocolHandshake.lambda$createSession$0(ProtocolHandshake.java:126)
	at java.base/java.util.stream.ReferencePipeline$3$1.accept(ReferencePipeline.java:197)
	at java.base/java.util.Spliterators$ArraySpliterator.tryAdvance(Spliterators.java:958)
	at java.base/java.util.stream.ReferencePipeline.forEachWithCancel(ReferencePipeline.java:129)
	at java.base/java.util.stream.AbstractPipeline.copyIntoWithCancel(AbstractPipeline.java:502)
	at java.base/java.util.stream.AbstractPipeline.copyInto(AbstractPipeline.java:488)
	at java.base/java.util.stream.AbstractPipeline.wrapAndCopyInto(AbstractPipeline.java:474)
	at java.base/java.util.stream.FindOps$FindOp.evaluateSequential(FindOps.java:150)
	at java.base/java.util.stream.AbstractPipeline.evaluate(AbstractPipeline.java:234)
	at java.base/java.util.stream.ReferencePipeline.findFirst(ReferencePipeline.java:647)
	at org.openqa.selenium.remote.ProtocolHandshake.createSession(ProtocolHandshake.java:128)
	at org.openqa.selenium.remote.ProtocolHandshake.createSession(ProtocolHandshake.java:74)
	at org.openqa.selenium.remote.HttpCommandExecutor.execute(HttpCommandExecutor.java:136)
	at org.openqa.selenium.remote.service.DriverCommandExecutor.execute(DriverCommandExecutor.java:83)
	at org.openqa.selenium.remote.RemoteWebDriver.execute(RemoteWebDriver.java:552)
	at org.openqa.selenium.remote.RemoteWebDriver.startSession(RemoteWebDriver.java:213)
	at org.openqa.selenium.remote.RemoteWebDriver.&lt;init&gt;(RemoteWebDriver.java:131)
	at org.openqa.selenium.chrome.ChromeDriver.&lt;init&gt;(ChromeDriver.java:181)
	at org.openqa.selenium.chrome.ChromeDriver.&lt;init&gt;(ChromeDriver.java:168)
	at org.openqa.selenium.chrome.ChromeDriver.&lt;init&gt;(ChromeDriver.java:123)
	at test.ContactUsTest.ContactUsTest.beforeTest(ContactUsTest.java:39)
	at java.base/jdk.internal.reflect.NativeMethodAccessorImpl.invoke0(Native Method)
	at java.base/jdk.internal.reflect.NativeMethodAccessorImpl.invoke(NativeMethodAccessorImpl.java:78)
	at java.base/jdk.internal.reflect.DelegatingMethodAccessorImpl.invoke(DelegatingMethodAccessorImpl.java:43)
	at java.base/java.lang.reflect.Method.invoke(Method.java:567)
	at org.testng.internal.MethodInvocationHelper.invokeMethod(MethodInvocationHelper.java:133)
	at org.testng.internal.MethodInvocationHelper.invokeMethodConsideringTimeout(MethodInvocationHelper.java:62)
	at org.testng.internal.ConfigInvoker.invokeConfigurationMethod(ConfigInvoker.java:385)
	at org.testng.internal.ConfigInvoker.invokeConfigurations(ConfigInvoker.java:321)
	at org.testng.TestRunner.invokeTestConfigurations(TestRunner.java:637)
	at org.testng.TestRunner.beforeRun(TestRunner.java:627)
	at org.testng.TestRunner.run(TestRunner.java:589)
	at org.testng.SuiteRunner.runTest(SuiteRunner.java:377)
	at org.testng.SuiteRunner.runSequentially(SuiteRunner.java:371)
	at org.testng.SuiteRunner.privateRun(SuiteRunner.java:332)
	at org.testng.SuiteRunner.run(SuiteRunner.java:276)
	at org.testng.SuiteRunnerWorker.runSuite(SuiteRunnerWorker.java:53)
	at org.testng.SuiteRunnerWorker.run(SuiteRunnerWorker.java:96)
	at org.testng.TestNG.runSuitesSequentially(TestNG.java:1212)
	at org.testng.TestNG.runSuitesLocally(TestNG.java:1134)
	at org.testng.TestNG.runSuites(TestNG.java:1063)
	at org.testng.TestNG.run(TestNG.java:1031)
	at org.testng.remote.AbstractRemoteTestNG.run(AbstractRemoteTestNG.java:115)
	at org.testng.remote.RemoteTestNG.initAndRun(RemoteTestNG.java:251)
	at org.testng.remote.RemoteTestNG.main(RemoteTestNG.java:77)
</pre></div></td>
<td>0</td>
<td>test.userlogin.UserLogin@12aba8be</td></tr>
<tr>
<td title='test.adminfunctional.AdminLogin.validLogin()'><b>validLogin</b><br>Test class: test.adminfunctional.AdminLogin</td>
<td><div><pre>org.openqa.selenium.SessionNotCreatedException: session not created
from disconnected: received Inspector.detached event
  (Session info: chrome=93.0.4577.82)
Build info: version: &apos;3.141.59&apos;, revision: &apos;e82be7d358&apos;, time: &apos;2018-11-14T08:17:03&apos;
System info: host: &apos;ARPGL006256&apos;, ip: &apos;192.168.42.124&apos;, os.name: &apos;Windows 10&apos;, os.arch: &apos;amd64&apos;, os.version: &apos;10.0&apos;, java.version: &apos;16.0.2&apos;
Driver info: driver.version: ChromeDriver
remote stacktrace: Backtrace:
	Ordinal0 [0x00402A33+2501171]
	Ordinal0 [0x0039D1C1+2085313]
	Ordinal0 [0x002A1FA8+1056680]
	Ordinal0 [0x00295474+1004660]
	Ordinal0 [0x002950B6+1003702]
	Ordinal0 [0x002947FA+1001466]
	Ordinal0 [0x0029398D+997773]
	Ordinal0 [0x00293C46+998470]
	Ordinal0 [0x00293535+996661]
	Ordinal0 [0x0029E0C4+1040580]
	Ordinal0 [0x002934F1+996593]
	Ordinal0 [0x00294416+1000470]
	Ordinal0 [0x0029398D+997773]
	Ordinal0 [0x00293C46+998470]
	Ordinal0 [0x00293535+996661]
	Ordinal0 [0x0029C13A+1032506]
	Ordinal0 [0x002934F1+996593]
	Ordinal0 [0x00294416+1000470]
	Ordinal0 [0x0029398D+997773]
	Ordinal0 [0x00293C46+998470]
	Ordinal0 [0x00293535+996661]
	Ordinal0 [0x00299FC9+1023945]
	Ordinal0 [0x002934F1+996593]
	Ordinal0 [0x00294416+1000470]
	Ordinal0 [0x0029398D+997773]
	Ordinal0 [0x00293C46+998470]
	Ordinal0 [0x00293535+996661]
	Ordinal0 [0x002992EC+1020652]
	Ordinal0 [0x002934F1+996593]
	Ordinal0 [0x00294416+1000470]
	Ordinal0 [0x0029398D+997773]
	Ordinal0 [0x00293C46+998470]
	Ordinal0 [0x00293535+996661]
	Ordinal0 [0x0028F10D+979213]
	Ordinal0 [0x002934F1+996593]
	Ordinal0 [0x00293290+995984]
	Ordinal0 [0x00293029+995369]
	Ordinal0 [0x002A31C0+1061312]
	Ordinal0 [0x002EA93B+1354043]
	Ordinal0 [0x002E960A+1349130]
	Ordinal0 [0x002E551B+1332507]
	Ordinal0 [0x002C1D74+1187188]
	Ordinal0 [0x002C2BD9+1190873]
	GetHandleVerifier [0x0057EFE6+1504438]
	GetHandleVerifier [0x0062DDA5+2220661]
	GetHandleVerifier [0x00485589+481881]
	GetHandleVerifier [0x00484639+477961]
	Ordinal0 [0x003A28BD+2107581]
	Ordinal0 [0x003A6728+2123560]
	Ordinal0 [0x003A6862+2123874]
	Ordinal0 [0x003AFA81+2161281]
	BaseThreadInitThunk [0x7796FA29+25]
	RtlGetAppContainerNamedObjectPath [0x77DF7A7E+286]
	RtlGetAppContainerNamedObjectPath [0x77DF7A4E+238]

	at org.openqa.selenium.remote.W3CHandshakeResponse.lambda$errorHandler$0(W3CHandshakeResponse.java:62)
	at org.openqa.selenium.remote.HandshakeResponse.lambda$getResponseFunction$0(HandshakeResponse.java:30)
	at org.openqa.selenium.remote.ProtocolHandshake.lambda$createSession$0(ProtocolHandshake.java:126)
	at java.base/java.util.stream.ReferencePipeline$3$1.accept(ReferencePipeline.java:197)
	at java.base/java.util.Spliterators$ArraySpliterator.tryAdvance(Spliterators.java:958)
	at java.base/java.util.stream.ReferencePipeline.forEachWithCancel(ReferencePipeline.java:129)
	at java.base/java.util.stream.AbstractPipeline.copyIntoWithCancel(AbstractPipeline.java:502)
	at java.base/java.util.stream.AbstractPipeline.copyInto(AbstractPipeline.java:488)
	at java.base/java.util.stream.AbstractPipeline.wrapAndCopyInto(AbstractPipeline.java:474)
	at java.base/java.util.stream.FindOps$FindOp.evaluateSequential(FindOps.java:150)
	at java.base/java.util.stream.AbstractPipeline.evaluate(AbstractPipeline.java:234)
	at java.base/java.util.stream.ReferencePipeline.findFirst(ReferencePipeline.java:647)
	at org.openqa.selenium.remote.ProtocolHandshake.createSession(ProtocolHandshake.java:128)
	at org.openqa.selenium.remote.ProtocolHandshake.createSession(ProtocolHandshake.java:74)
	at org.openqa.selenium.remote.HttpCommandExecutor.execute(HttpCommandExecutor.java:136)
	at org.openqa.selenium.remote.service.DriverCommandExecutor.execute(DriverCommandExecutor.java:83)
	at org.openqa.selenium.remote.RemoteWebDriver.execute(RemoteWebDriver.java:552)
	at org.openqa.selenium.remote.RemoteWebDriver.startSession(RemoteWebDriver.java:213)
	at org.openqa.selenium.remote.RemoteWebDriver.&lt;init&gt;(RemoteWebDriver.java:131)
	at org.openqa.selenium.chrome.ChromeDriver.&lt;init&gt;(ChromeDriver.java:181)
	at org.openqa.selenium.chrome.ChromeDriver.&lt;init&gt;(ChromeDriver.java:168)
	at org.openqa.selenium.chrome.ChromeDriver.&lt;init&gt;(ChromeDriver.java:123)
	at test.ContactUsTest.ContactUsTest.beforeTest(ContactUsTest.java:39)
... Removed 29 stack frames</pre></div><a href='#' onClick='toggleBox("stack-trace2005706991", this, "Click to show all stack frames", "Click to hide stack frames")'>Click to show all stack frames</a>
<div class='stack-trace' id='stack-trace2005706991'><pre>org.openqa.selenium.SessionNotCreatedException: session not created
from disconnected: received Inspector.detached event
  (Session info: chrome=93.0.4577.82)
Build info: version: &apos;3.141.59&apos;, revision: &apos;e82be7d358&apos;, time: &apos;2018-11-14T08:17:03&apos;
System info: host: &apos;ARPGL006256&apos;, ip: &apos;192.168.42.124&apos;, os.name: &apos;Windows 10&apos;, os.arch: &apos;amd64&apos;, os.version: &apos;10.0&apos;, java.version: &apos;16.0.2&apos;
Driver info: driver.version: ChromeDriver
remote stacktrace: Backtrace:
	Ordinal0 [0x00402A33+2501171]
	Ordinal0 [0x0039D1C1+2085313]
	Ordinal0 [0x002A1FA8+1056680]
	Ordinal0 [0x00295474+1004660]
	Ordinal0 [0x002950B6+1003702]
	Ordinal0 [0x002947FA+1001466]
	Ordinal0 [0x0029398D+997773]
	Ordinal0 [0x00293C46+998470]
	Ordinal0 [0x00293535+996661]
	Ordinal0 [0x0029E0C4+1040580]
	Ordinal0 [0x002934F1+996593]
	Ordinal0 [0x00294416+1000470]
	Ordinal0 [0x0029398D+997773]
	Ordinal0 [0x00293C46+998470]
	Ordinal0 [0x00293535+996661]
	Ordinal0 [0x0029C13A+1032506]
	Ordinal0 [0x002934F1+996593]
	Ordinal0 [0x00294416+1000470]
	Ordinal0 [0x0029398D+997773]
	Ordinal0 [0x00293C46+998470]
	Ordinal0 [0x00293535+996661]
	Ordinal0 [0x00299FC9+1023945]
	Ordinal0 [0x002934F1+996593]
	Ordinal0 [0x00294416+1000470]
	Ordinal0 [0x0029398D+997773]
	Ordinal0 [0x00293C46+998470]
	Ordinal0 [0x00293535+996661]
	Ordinal0 [0x002992EC+1020652]
	Ordinal0 [0x002934F1+996593]
	Ordinal0 [0x00294416+1000470]
	Ordinal0 [0x0029398D+997773]
	Ordinal0 [0x00293C46+998470]
	Ordinal0 [0x00293535+996661]
	Ordinal0 [0x0028F10D+979213]
	Ordinal0 [0x002934F1+996593]
	Ordinal0 [0x00293290+995984]
	Ordinal0 [0x00293029+995369]
	Ordinal0 [0x002A31C0+1061312]
	Ordinal0 [0x002EA93B+1354043]
	Ordinal0 [0x002E960A+1349130]
	Ordinal0 [0x002E551B+1332507]
	Ordinal0 [0x002C1D74+1187188]
	Ordinal0 [0x002C2BD9+1190873]
	GetHandleVerifier [0x0057EFE6+1504438]
	GetHandleVerifier [0x0062DDA5+2220661]
	GetHandleVerifier [0x00485589+481881]
	GetHandleVerifier [0x00484639+477961]
	Ordinal0 [0x003A28BD+2107581]
	Ordinal0 [0x003A6728+2123560]
	Ordinal0 [0x003A6862+2123874]
	Ordinal0 [0x003AFA81+2161281]
	BaseThreadInitThunk [0x7796FA29+25]
	RtlGetAppContainerNamedObjectPath [0x77DF7A7E+286]
	RtlGetAppContainerNamedObjectPath [0x77DF7A4E+238]

	at java.base/jdk.internal.reflect.NativeConstructorAccessorImpl.newInstance0(Native Method)
	at java.base/jdk.internal.reflect.NativeConstructorAccessorImpl.newInstance(NativeConstructorAccessorImpl.java:78)
	at java.base/jdk.internal.reflect.DelegatingConstructorAccessorImpl.newInstance(DelegatingConstructorAccessorImpl.java:45)
	at java.base/java.lang.reflect.Constructor.newInstanceWithCaller(Constructor.java:499)
	at java.base/java.lang.reflect.Constructor.newInstance(Constructor.java:480)
	at org.openqa.selenium.remote.W3CHandshakeResponse.lambda$errorHandler$0(W3CHandshakeResponse.java:62)
	at org.openqa.selenium.remote.HandshakeResponse.lambda$getResponseFunction$0(HandshakeResponse.java:30)
	at org.openqa.selenium.remote.ProtocolHandshake.lambda$createSession$0(ProtocolHandshake.java:126)
	at java.base/java.util.stream.ReferencePipeline$3$1.accept(ReferencePipeline.java:197)
	at java.base/java.util.Spliterators$ArraySpliterator.tryAdvance(Spliterators.java:958)
	at java.base/java.util.stream.ReferencePipeline.forEachWithCancel(ReferencePipeline.java:129)
	at java.base/java.util.stream.AbstractPipeline.copyIntoWithCancel(AbstractPipeline.java:502)
	at java.base/java.util.stream.AbstractPipeline.copyInto(AbstractPipeline.java:488)
	at java.base/java.util.stream.AbstractPipeline.wrapAndCopyInto(AbstractPipeline.java:474)
	at java.base/java.util.stream.FindOps$FindOp.evaluateSequential(FindOps.java:150)
	at java.base/java.util.stream.AbstractPipeline.evaluate(AbstractPipeline.java:234)
	at java.base/java.util.stream.ReferencePipeline.findFirst(ReferencePipeline.java:647)
	at org.openqa.selenium.remote.ProtocolHandshake.createSession(ProtocolHandshake.java:128)
	at org.openqa.selenium.remote.ProtocolHandshake.createSession(ProtocolHandshake.java:74)
	at org.openqa.selenium.remote.HttpCommandExecutor.execute(HttpCommandExecutor.java:136)
	at org.openqa.selenium.remote.service.DriverCommandExecutor.execute(DriverCommandExecutor.java:83)
	at org.openqa.selenium.remote.RemoteWebDriver.execute(RemoteWebDriver.java:552)
	at org.openqa.selenium.remote.RemoteWebDriver.startSession(RemoteWebDriver.java:213)
	at org.openqa.selenium.remote.RemoteWebDriver.&lt;init&gt;(RemoteWebDriver.java:131)
	at org.openqa.selenium.chrome.ChromeDriver.&lt;init&gt;(ChromeDriver.java:181)
	at org.openqa.selenium.chrome.ChromeDriver.&lt;init&gt;(ChromeDriver.java:168)
	at org.openqa.selenium.chrome.ChromeDriver.&lt;init&gt;(ChromeDriver.java:123)
	at test.ContactUsTest.ContactUsTest.beforeTest(ContactUsTest.java:39)
	at java.base/jdk.internal.reflect.NativeMethodAccessorImpl.invoke0(Native Method)
	at java.base/jdk.internal.reflect.NativeMethodAccessorImpl.invoke(NativeMethodAccessorImpl.java:78)
	at java.base/jdk.internal.reflect.DelegatingMethodAccessorImpl.invoke(DelegatingMethodAccessorImpl.java:43)
	at java.base/java.lang.reflect.Method.invoke(Method.java:567)
	at org.testng.internal.MethodInvocationHelper.invokeMethod(MethodInvocationHelper.java:133)
	at org.testng.internal.MethodInvocationHelper.invokeMethodConsideringTimeout(MethodInvocationHelper.java:62)
	at org.testng.internal.ConfigInvoker.invokeConfigurationMethod(ConfigInvoker.java:385)
	at org.testng.internal.ConfigInvoker.invokeConfigurations(ConfigInvoker.java:321)
	at org.testng.TestRunner.invokeTestConfigurations(TestRunner.java:637)
	at org.testng.TestRunner.beforeRun(TestRunner.java:627)
	at org.testng.TestRunner.run(TestRunner.java:589)
	at org.testng.SuiteRunner.runTest(SuiteRunner.java:377)
	at org.testng.SuiteRunner.runSequentially(SuiteRunner.java:371)
	at org.testng.SuiteRunner.privateRun(SuiteRunner.java:332)
	at org.testng.SuiteRunner.run(SuiteRunner.java:276)
	at org.testng.SuiteRunnerWorker.runSuite(SuiteRunnerWorker.java:53)
	at org.testng.SuiteRunnerWorker.run(SuiteRunnerWorker.java:96)
	at org.testng.TestNG.runSuitesSequentially(TestNG.java:1212)
	at org.testng.TestNG.runSuitesLocally(TestNG.java:1134)
	at org.testng.TestNG.runSuites(TestNG.java:1063)
	at org.testng.TestNG.run(TestNG.java:1031)
	at org.testng.remote.AbstractRemoteTestNG.run(AbstractRemoteTestNG.java:115)
	at org.testng.remote.RemoteTestNG.initAndRun(RemoteTestNG.java:251)
	at org.testng.remote.RemoteTestNG.main(RemoteTestNG.java:77)
</pre></div></td>
<td>0</td>
<td>test.adminfunctional.AdminLogin@61001b64</td></tr>
<tr>
<td title='test.adminfunctional.ManageBooking.manageBooking()'><b>manageBooking</b><br>Test class: test.adminfunctional.ManageBooking</td>
<td><div><pre>org.openqa.selenium.SessionNotCreatedException: session not created
from disconnected: received Inspector.detached event
  (Session info: chrome=93.0.4577.82)
Build info: version: &apos;3.141.59&apos;, revision: &apos;e82be7d358&apos;, time: &apos;2018-11-14T08:17:03&apos;
System info: host: &apos;ARPGL006256&apos;, ip: &apos;192.168.42.124&apos;, os.name: &apos;Windows 10&apos;, os.arch: &apos;amd64&apos;, os.version: &apos;10.0&apos;, java.version: &apos;16.0.2&apos;
Driver info: driver.version: ChromeDriver
remote stacktrace: Backtrace:
	Ordinal0 [0x00402A33+2501171]
	Ordinal0 [0x0039D1C1+2085313]
	Ordinal0 [0x002A1FA8+1056680]
	Ordinal0 [0x00295474+1004660]
	Ordinal0 [0x002950B6+1003702]
	Ordinal0 [0x002947FA+1001466]
	Ordinal0 [0x0029398D+997773]
	Ordinal0 [0x00293C46+998470]
	Ordinal0 [0x00293535+996661]
	Ordinal0 [0x0029E0C4+1040580]
	Ordinal0 [0x002934F1+996593]
	Ordinal0 [0x00294416+1000470]
	Ordinal0 [0x0029398D+997773]
	Ordinal0 [0x00293C46+998470]
	Ordinal0 [0x00293535+996661]
	Ordinal0 [0x0029C13A+1032506]
	Ordinal0 [0x002934F1+996593]
	Ordinal0 [0x00294416+1000470]
	Ordinal0 [0x0029398D+997773]
	Ordinal0 [0x00293C46+998470]
	Ordinal0 [0x00293535+996661]
	Ordinal0 [0x00299FC9+1023945]
	Ordinal0 [0x002934F1+996593]
	Ordinal0 [0x00294416+1000470]
	Ordinal0 [0x0029398D+997773]
	Ordinal0 [0x00293C46+998470]
	Ordinal0 [0x00293535+996661]
	Ordinal0 [0x002992EC+1020652]
	Ordinal0 [0x002934F1+996593]
	Ordinal0 [0x00294416+1000470]
	Ordinal0 [0x0029398D+997773]
	Ordinal0 [0x00293C46+998470]
	Ordinal0 [0x00293535+996661]
	Ordinal0 [0x0028F10D+979213]
	Ordinal0 [0x002934F1+996593]
	Ordinal0 [0x00293290+995984]
	Ordinal0 [0x00293029+995369]
	Ordinal0 [0x002A31C0+1061312]
	Ordinal0 [0x002EA93B+1354043]
	Ordinal0 [0x002E960A+1349130]
	Ordinal0 [0x002E551B+1332507]
	Ordinal0 [0x002C1D74+1187188]
	Ordinal0 [0x002C2BD9+1190873]
	GetHandleVerifier [0x0057EFE6+1504438]
	GetHandleVerifier [0x0062DDA5+2220661]
	GetHandleVerifier [0x00485589+481881]
	GetHandleVerifier [0x00484639+477961]
	Ordinal0 [0x003A28BD+2107581]
	Ordinal0 [0x003A6728+2123560]
	Ordinal0 [0x003A6862+2123874]
	Ordinal0 [0x003AFA81+2161281]
	BaseThreadInitThunk [0x7796FA29+25]
	RtlGetAppContainerNamedObjectPath [0x77DF7A7E+286]
	RtlGetAppContainerNamedObjectPath [0x77DF7A4E+238]

	at org.openqa.selenium.remote.W3CHandshakeResponse.lambda$errorHandler$0(W3CHandshakeResponse.java:62)
	at org.openqa.selenium.remote.HandshakeResponse.lambda$getResponseFunction$0(HandshakeResponse.java:30)
	at org.openqa.selenium.remote.ProtocolHandshake.lambda$createSession$0(ProtocolHandshake.java:126)
	at java.base/java.util.stream.ReferencePipeline$3$1.accept(ReferencePipeline.java:197)
	at java.base/java.util.Spliterators$ArraySpliterator.tryAdvance(Spliterators.java:958)
	at java.base/java.util.stream.ReferencePipeline.forEachWithCancel(ReferencePipeline.java:129)
	at java.base/java.util.stream.AbstractPipeline.copyIntoWithCancel(AbstractPipeline.java:502)
	at java.base/java.util.stream.AbstractPipeline.copyInto(AbstractPipeline.java:488)
	at java.base/java.util.stream.AbstractPipeline.wrapAndCopyInto(AbstractPipeline.java:474)
	at java.base/java.util.stream.FindOps$FindOp.evaluateSequential(FindOps.java:150)
	at java.base/java.util.stream.AbstractPipeline.evaluate(AbstractPipeline.java:234)
	at java.base/java.util.stream.ReferencePipeline.findFirst(ReferencePipeline.java:647)
	at org.openqa.selenium.remote.ProtocolHandshake.createSession(ProtocolHandshake.java:128)
	at org.openqa.selenium.remote.ProtocolHandshake.createSession(ProtocolHandshake.java:74)
	at org.openqa.selenium.remote.HttpCommandExecutor.execute(HttpCommandExecutor.java:136)
	at org.openqa.selenium.remote.service.DriverCommandExecutor.execute(DriverCommandExecutor.java:83)
	at org.openqa.selenium.remote.RemoteWebDriver.execute(RemoteWebDriver.java:552)
	at org.openqa.selenium.remote.RemoteWebDriver.startSession(RemoteWebDriver.java:213)
	at org.openqa.selenium.remote.RemoteWebDriver.&lt;init&gt;(RemoteWebDriver.java:131)
	at org.openqa.selenium.chrome.ChromeDriver.&lt;init&gt;(ChromeDriver.java:181)
	at org.openqa.selenium.chrome.ChromeDriver.&lt;init&gt;(ChromeDriver.java:168)
	at org.openqa.selenium.chrome.ChromeDriver.&lt;init&gt;(ChromeDriver.java:123)
	at test.ContactUsTest.ContactUsTest.beforeTest(ContactUsTest.java:39)
... Removed 29 stack frames</pre></div><a href='#' onClick='toggleBox("stack-trace1677984391", this, "Click to show all stack frames", "Click to hide stack frames")'>Click to show all stack frames</a>
<div class='stack-trace' id='stack-trace1677984391'><pre>org.openqa.selenium.SessionNotCreatedException: session not created
from disconnected: received Inspector.detached event
  (Session info: chrome=93.0.4577.82)
Build info: version: &apos;3.141.59&apos;, revision: &apos;e82be7d358&apos;, time: &apos;2018-11-14T08:17:03&apos;
System info: host: &apos;ARPGL006256&apos;, ip: &apos;192.168.42.124&apos;, os.name: &apos;Windows 10&apos;, os.arch: &apos;amd64&apos;, os.version: &apos;10.0&apos;, java.version: &apos;16.0.2&apos;
Driver info: driver.version: ChromeDriver
remote stacktrace: Backtrace:
	Ordinal0 [0x00402A33+2501171]
	Ordinal0 [0x0039D1C1+2085313]
	Ordinal0 [0x002A1FA8+1056680]
	Ordinal0 [0x00295474+1004660]
	Ordinal0 [0x002950B6+1003702]
	Ordinal0 [0x002947FA+1001466]
	Ordinal0 [0x0029398D+997773]
	Ordinal0 [0x00293C46+998470]
	Ordinal0 [0x00293535+996661]
	Ordinal0 [0x0029E0C4+1040580]
	Ordinal0 [0x002934F1+996593]
	Ordinal0 [0x00294416+1000470]
	Ordinal0 [0x0029398D+997773]
	Ordinal0 [0x00293C46+998470]
	Ordinal0 [0x00293535+996661]
	Ordinal0 [0x0029C13A+1032506]
	Ordinal0 [0x002934F1+996593]
	Ordinal0 [0x00294416+1000470]
	Ordinal0 [0x0029398D+997773]
	Ordinal0 [0x00293C46+998470]
	Ordinal0 [0x00293535+996661]
	Ordinal0 [0x00299FC9+1023945]
	Ordinal0 [0x002934F1+996593]
	Ordinal0 [0x00294416+1000470]
	Ordinal0 [0x0029398D+997773]
	Ordinal0 [0x00293C46+998470]
	Ordinal0 [0x00293535+996661]
	Ordinal0 [0x002992EC+1020652]
	Ordinal0 [0x002934F1+996593]
	Ordinal0 [0x00294416+1000470]
	Ordinal0 [0x0029398D+997773]
	Ordinal0 [0x00293C46+998470]
	Ordinal0 [0x00293535+996661]
	Ordinal0 [0x0028F10D+979213]
	Ordinal0 [0x002934F1+996593]
	Ordinal0 [0x00293290+995984]
	Ordinal0 [0x00293029+995369]
	Ordinal0 [0x002A31C0+1061312]
	Ordinal0 [0x002EA93B+1354043]
	Ordinal0 [0x002E960A+1349130]
	Ordinal0 [0x002E551B+1332507]
	Ordinal0 [0x002C1D74+1187188]
	Ordinal0 [0x002C2BD9+1190873]
	GetHandleVerifier [0x0057EFE6+1504438]
	GetHandleVerifier [0x0062DDA5+2220661]
	GetHandleVerifier [0x00485589+481881]
	GetHandleVerifier [0x00484639+477961]
	Ordinal0 [0x003A28BD+2107581]
	Ordinal0 [0x003A6728+2123560]
	Ordinal0 [0x003A6862+2123874]
	Ordinal0 [0x003AFA81+2161281]
	BaseThreadInitThunk [0x7796FA29+25]
	RtlGetAppContainerNamedObjectPath [0x77DF7A7E+286]
	RtlGetAppContainerNamedObjectPath [0x77DF7A4E+238]

	at java.base/jdk.internal.reflect.NativeConstructorAccessorImpl.newInstance0(Native Method)
	at java.base/jdk.internal.reflect.NativeConstructorAccessorImpl.newInstance(NativeConstructorAccessorImpl.java:78)
	at java.base/jdk.internal.reflect.DelegatingConstructorAccessorImpl.newInstance(DelegatingConstructorAccessorImpl.java:45)
	at java.base/java.lang.reflect.Constructor.newInstanceWithCaller(Constructor.java:499)
	at java.base/java.lang.reflect.Constructor.newInstance(Constructor.java:480)
	at org.openqa.selenium.remote.W3CHandshakeResponse.lambda$errorHandler$0(W3CHandshakeResponse.java:62)
	at org.openqa.selenium.remote.HandshakeResponse.lambda$getResponseFunction$0(HandshakeResponse.java:30)
	at org.openqa.selenium.remote.ProtocolHandshake.lambda$createSession$0(ProtocolHandshake.java:126)
	at java.base/java.util.stream.ReferencePipeline$3$1.accept(ReferencePipeline.java:197)
	at java.base/java.util.Spliterators$ArraySpliterator.tryAdvance(Spliterators.java:958)
	at java.base/java.util.stream.ReferencePipeline.forEachWithCancel(ReferencePipeline.java:129)
	at java.base/java.util.stream.AbstractPipeline.copyIntoWithCancel(AbstractPipeline.java:502)
	at java.base/java.util.stream.AbstractPipeline.copyInto(AbstractPipeline.java:488)
	at java.base/java.util.stream.AbstractPipeline.wrapAndCopyInto(AbstractPipeline.java:474)
	at java.base/java.util.stream.FindOps$FindOp.evaluateSequential(FindOps.java:150)
	at java.base/java.util.stream.AbstractPipeline.evaluate(AbstractPipeline.java:234)
	at java.base/java.util.stream.ReferencePipeline.findFirst(ReferencePipeline.java:647)
	at org.openqa.selenium.remote.ProtocolHandshake.createSession(ProtocolHandshake.java:128)
	at org.openqa.selenium.remote.ProtocolHandshake.createSession(ProtocolHandshake.java:74)
	at org.openqa.selenium.remote.HttpCommandExecutor.execute(HttpCommandExecutor.java:136)
	at org.openqa.selenium.remote.service.DriverCommandExecutor.execute(DriverCommandExecutor.java:83)
	at org.openqa.selenium.remote.RemoteWebDriver.execute(RemoteWebDriver.java:552)
	at org.openqa.selenium.remote.RemoteWebDriver.startSession(RemoteWebDriver.java:213)
	at org.openqa.selenium.remote.RemoteWebDriver.&lt;init&gt;(RemoteWebDriver.java:131)
	at org.openqa.selenium.chrome.ChromeDriver.&lt;init&gt;(ChromeDriver.java:181)
	at org.openqa.selenium.chrome.ChromeDriver.&lt;init&gt;(ChromeDriver.java:168)
	at org.openqa.selenium.chrome.ChromeDriver.&lt;init&gt;(ChromeDriver.java:123)
	at test.ContactUsTest.ContactUsTest.beforeTest(ContactUsTest.java:39)
	at java.base/jdk.internal.reflect.NativeMethodAccessorImpl.invoke0(Native Method)
	at java.base/jdk.internal.reflect.NativeMethodAccessorImpl.invoke(NativeMethodAccessorImpl.java:78)
	at java.base/jdk.internal.reflect.DelegatingMethodAccessorImpl.invoke(DelegatingMethodAccessorImpl.java:43)
	at java.base/java.lang.reflect.Method.invoke(Method.java:567)
	at org.testng.internal.MethodInvocationHelper.invokeMethod(MethodInvocationHelper.java:133)
	at org.testng.internal.MethodInvocationHelper.invokeMethodConsideringTimeout(MethodInvocationHelper.java:62)
	at org.testng.internal.ConfigInvoker.invokeConfigurationMethod(ConfigInvoker.java:385)
	at org.testng.internal.ConfigInvoker.invokeConfigurations(ConfigInvoker.java:321)
	at org.testng.TestRunner.invokeTestConfigurations(TestRunner.java:637)
	at org.testng.TestRunner.beforeRun(TestRunner.java:627)
	at org.testng.TestRunner.run(TestRunner.java:589)
	at org.testng.SuiteRunner.runTest(SuiteRunner.java:377)
	at org.testng.SuiteRunner.runSequentially(SuiteRunner.java:371)
	at org.testng.SuiteRunner.privateRun(SuiteRunner.java:332)
	at org.testng.SuiteRunner.run(SuiteRunner.java:276)
	at org.testng.SuiteRunnerWorker.runSuite(SuiteRunnerWorker.java:53)
	at org.testng.SuiteRunnerWorker.run(SuiteRunnerWorker.java:96)
	at org.testng.TestNG.runSuitesSequentially(TestNG.java:1212)
	at org.testng.TestNG.runSuitesLocally(TestNG.java:1134)
	at org.testng.TestNG.runSuites(TestNG.java:1063)
	at org.testng.TestNG.run(TestNG.java:1031)
	at org.testng.remote.AbstractRemoteTestNG.run(AbstractRemoteTestNG.java:115)
	at org.testng.remote.RemoteTestNG.initAndRun(RemoteTestNG.java:251)
	at org.testng.remote.RemoteTestNG.main(RemoteTestNG.java:77)
</pre></div></td>
<td>0</td>
<td>test.adminfunctional.ManageBooking@2dc54ad4</td></tr>
<tr>
<td title='test.userlogin.UserLogin.loginWithValidDetailsTest()'><b>loginWithValidDetailsTest</b><br>Test class: test.userlogin.UserLogin</td>
<td><div><pre>org.openqa.selenium.SessionNotCreatedException: session not created
from disconnected: received Inspector.detached event
  (Session info: chrome=93.0.4577.82)
Build info: version: &apos;3.141.59&apos;, revision: &apos;e82be7d358&apos;, time: &apos;2018-11-14T08:17:03&apos;
System info: host: &apos;ARPGL006256&apos;, ip: &apos;192.168.42.124&apos;, os.name: &apos;Windows 10&apos;, os.arch: &apos;amd64&apos;, os.version: &apos;10.0&apos;, java.version: &apos;16.0.2&apos;
Driver info: driver.version: ChromeDriver
remote stacktrace: Backtrace:
	Ordinal0 [0x00402A33+2501171]
	Ordinal0 [0x0039D1C1+2085313]
	Ordinal0 [0x002A1FA8+1056680]
	Ordinal0 [0x00295474+1004660]
	Ordinal0 [0x002950B6+1003702]
	Ordinal0 [0x002947FA+1001466]
	Ordinal0 [0x0029398D+997773]
	Ordinal0 [0x00293C46+998470]
	Ordinal0 [0x00293535+996661]
	Ordinal0 [0x0029E0C4+1040580]
	Ordinal0 [0x002934F1+996593]
	Ordinal0 [0x00294416+1000470]
	Ordinal0 [0x0029398D+997773]
	Ordinal0 [0x00293C46+998470]
	Ordinal0 [0x00293535+996661]
	Ordinal0 [0x0029C13A+1032506]
	Ordinal0 [0x002934F1+996593]
	Ordinal0 [0x00294416+1000470]
	Ordinal0 [0x0029398D+997773]
	Ordinal0 [0x00293C46+998470]
	Ordinal0 [0x00293535+996661]
	Ordinal0 [0x00299FC9+1023945]
	Ordinal0 [0x002934F1+996593]
	Ordinal0 [0x00294416+1000470]
	Ordinal0 [0x0029398D+997773]
	Ordinal0 [0x00293C46+998470]
	Ordinal0 [0x00293535+996661]
	Ordinal0 [0x002992EC+1020652]
	Ordinal0 [0x002934F1+996593]
	Ordinal0 [0x00294416+1000470]
	Ordinal0 [0x0029398D+997773]
	Ordinal0 [0x00293C46+998470]
	Ordinal0 [0x00293535+996661]
	Ordinal0 [0x0028F10D+979213]
	Ordinal0 [0x002934F1+996593]
	Ordinal0 [0x00293290+995984]
	Ordinal0 [0x00293029+995369]
	Ordinal0 [0x002A31C0+1061312]
	Ordinal0 [0x002EA93B+1354043]
	Ordinal0 [0x002E960A+1349130]
	Ordinal0 [0x002E551B+1332507]
	Ordinal0 [0x002C1D74+1187188]
	Ordinal0 [0x002C2BD9+1190873]
	GetHandleVerifier [0x0057EFE6+1504438]
	GetHandleVerifier [0x0062DDA5+2220661]
	GetHandleVerifier [0x00485589+481881]
	GetHandleVerifier [0x00484639+477961]
	Ordinal0 [0x003A28BD+2107581]
	Ordinal0 [0x003A6728+2123560]
	Ordinal0 [0x003A6862+2123874]
	Ordinal0 [0x003AFA81+2161281]
	BaseThreadInitThunk [0x7796FA29+25]
	RtlGetAppContainerNamedObjectPath [0x77DF7A7E+286]
	RtlGetAppContainerNamedObjectPath [0x77DF7A4E+238]

	at org.openqa.selenium.remote.W3CHandshakeResponse.lambda$errorHandler$0(W3CHandshakeResponse.java:62)
	at org.openqa.selenium.remote.HandshakeResponse.lambda$getResponseFunction$0(HandshakeResponse.java:30)
	at org.openqa.selenium.remote.ProtocolHandshake.lambda$createSession$0(ProtocolHandshake.java:126)
	at java.base/java.util.stream.ReferencePipeline$3$1.accept(ReferencePipeline.java:197)
	at java.base/java.util.Spliterators$ArraySpliterator.tryAdvance(Spliterators.java:958)
	at java.base/java.util.stream.ReferencePipeline.forEachWithCancel(ReferencePipeline.java:129)
	at java.base/java.util.stream.AbstractPipeline.copyIntoWithCancel(AbstractPipeline.java:502)
	at java.base/java.util.stream.AbstractPipeline.copyInto(AbstractPipeline.java:488)
	at java.base/java.util.stream.AbstractPipeline.wrapAndCopyInto(AbstractPipeline.java:474)
	at java.base/java.util.stream.FindOps$FindOp.evaluateSequential(FindOps.java:150)
	at java.base/java.util.stream.AbstractPipeline.evaluate(AbstractPipeline.java:234)
	at java.base/java.util.stream.ReferencePipeline.findFirst(ReferencePipeline.java:647)
	at org.openqa.selenium.remote.ProtocolHandshake.createSession(ProtocolHandshake.java:128)
	at org.openqa.selenium.remote.ProtocolHandshake.createSession(ProtocolHandshake.java:74)
	at org.openqa.selenium.remote.HttpCommandExecutor.execute(HttpCommandExecutor.java:136)
	at org.openqa.selenium.remote.service.DriverCommandExecutor.execute(DriverCommandExecutor.java:83)
	at org.openqa.selenium.remote.RemoteWebDriver.execute(RemoteWebDriver.java:552)
	at org.openqa.selenium.remote.RemoteWebDriver.startSession(RemoteWebDriver.java:213)
	at org.openqa.selenium.remote.RemoteWebDriver.&lt;init&gt;(RemoteWebDriver.java:131)
	at org.openqa.selenium.chrome.ChromeDriver.&lt;init&gt;(ChromeDriver.java:181)
	at org.openqa.selenium.chrome.ChromeDriver.&lt;init&gt;(ChromeDriver.java:168)
	at org.openqa.selenium.chrome.ChromeDriver.&lt;init&gt;(ChromeDriver.java:123)
	at test.ContactUsTest.ContactUsTest.beforeTest(ContactUsTest.java:39)
... Removed 29 stack frames</pre></div><a href='#' onClick='toggleBox("stack-trace1937693946", this, "Click to show all stack frames", "Click to hide stack frames")'>Click to show all stack frames</a>
<div class='stack-trace' id='stack-trace1937693946'><pre>org.openqa.selenium.SessionNotCreatedException: session not created
from disconnected: received Inspector.detached event
  (Session info: chrome=93.0.4577.82)
Build info: version: &apos;3.141.59&apos;, revision: &apos;e82be7d358&apos;, time: &apos;2018-11-14T08:17:03&apos;
System info: host: &apos;ARPGL006256&apos;, ip: &apos;192.168.42.124&apos;, os.name: &apos;Windows 10&apos;, os.arch: &apos;amd64&apos;, os.version: &apos;10.0&apos;, java.version: &apos;16.0.2&apos;
Driver info: driver.version: ChromeDriver
remote stacktrace: Backtrace:
	Ordinal0 [0x00402A33+2501171]
	Ordinal0 [0x0039D1C1+2085313]
	Ordinal0 [0x002A1FA8+1056680]
	Ordinal0 [0x00295474+1004660]
	Ordinal0 [0x002950B6+1003702]
	Ordinal0 [0x002947FA+1001466]
	Ordinal0 [0x0029398D+997773]
	Ordinal0 [0x00293C46+998470]
	Ordinal0 [0x00293535+996661]
	Ordinal0 [0x0029E0C4+1040580]
	Ordinal0 [0x002934F1+996593]
	Ordinal0 [0x00294416+1000470]
	Ordinal0 [0x0029398D+997773]
	Ordinal0 [0x00293C46+998470]
	Ordinal0 [0x00293535+996661]
	Ordinal0 [0x0029C13A+1032506]
	Ordinal0 [0x002934F1+996593]
	Ordinal0 [0x00294416+1000470]
	Ordinal0 [0x0029398D+997773]
	Ordinal0 [0x00293C46+998470]
	Ordinal0 [0x00293535+996661]
	Ordinal0 [0x00299FC9+1023945]
	Ordinal0 [0x002934F1+996593]
	Ordinal0 [0x00294416+1000470]
	Ordinal0 [0x0029398D+997773]
	Ordinal0 [0x00293C46+998470]
	Ordinal0 [0x00293535+996661]
	Ordinal0 [0x002992EC+1020652]
	Ordinal0 [0x002934F1+996593]
	Ordinal0 [0x00294416+1000470]
	Ordinal0 [0x0029398D+997773]
	Ordinal0 [0x00293C46+998470]
	Ordinal0 [0x00293535+996661]
	Ordinal0 [0x0028F10D+979213]
	Ordinal0 [0x002934F1+996593]
	Ordinal0 [0x00293290+995984]
	Ordinal0 [0x00293029+995369]
	Ordinal0 [0x002A31C0+1061312]
	Ordinal0 [0x002EA93B+1354043]
	Ordinal0 [0x002E960A+1349130]
	Ordinal0 [0x002E551B+1332507]
	Ordinal0 [0x002C1D74+1187188]
	Ordinal0 [0x002C2BD9+1190873]
	GetHandleVerifier [0x0057EFE6+1504438]
	GetHandleVerifier [0x0062DDA5+2220661]
	GetHandleVerifier [0x00485589+481881]
	GetHandleVerifier [0x00484639+477961]
	Ordinal0 [0x003A28BD+2107581]
	Ordinal0 [0x003A6728+2123560]
	Ordinal0 [0x003A6862+2123874]
	Ordinal0 [0x003AFA81+2161281]
	BaseThreadInitThunk [0x7796FA29+25]
	RtlGetAppContainerNamedObjectPath [0x77DF7A7E+286]
	RtlGetAppContainerNamedObjectPath [0x77DF7A4E+238]

	at java.base/jdk.internal.reflect.NativeConstructorAccessorImpl.newInstance0(Native Method)
	at java.base/jdk.internal.reflect.NativeConstructorAccessorImpl.newInstance(NativeConstructorAccessorImpl.java:78)
	at java.base/jdk.internal.reflect.DelegatingConstructorAccessorImpl.newInstance(DelegatingConstructorAccessorImpl.java:45)
	at java.base/java.lang.reflect.Constructor.newInstanceWithCaller(Constructor.java:499)
	at java.base/java.lang.reflect.Constructor.newInstance(Constructor.java:480)
	at org.openqa.selenium.remote.W3CHandshakeResponse.lambda$errorHandler$0(W3CHandshakeResponse.java:62)
	at org.openqa.selenium.remote.HandshakeResponse.lambda$getResponseFunction$0(HandshakeResponse.java:30)
	at org.openqa.selenium.remote.ProtocolHandshake.lambda$createSession$0(ProtocolHandshake.java:126)
	at java.base/java.util.stream.ReferencePipeline$3$1.accept(ReferencePipeline.java:197)
	at java.base/java.util.Spliterators$ArraySpliterator.tryAdvance(Spliterators.java:958)
	at java.base/java.util.stream.ReferencePipeline.forEachWithCancel(ReferencePipeline.java:129)
	at java.base/java.util.stream.AbstractPipeline.copyIntoWithCancel(AbstractPipeline.java:502)
	at java.base/java.util.stream.AbstractPipeline.copyInto(AbstractPipeline.java:488)
	at java.base/java.util.stream.AbstractPipeline.wrapAndCopyInto(AbstractPipeline.java:474)
	at java.base/java.util.stream.FindOps$FindOp.evaluateSequential(FindOps.java:150)
	at java.base/java.util.stream.AbstractPipeline.evaluate(AbstractPipeline.java:234)
	at java.base/java.util.stream.ReferencePipeline.findFirst(ReferencePipeline.java:647)
	at org.openqa.selenium.remote.ProtocolHandshake.createSession(ProtocolHandshake.java:128)
	at org.openqa.selenium.remote.ProtocolHandshake.createSession(ProtocolHandshake.java:74)
	at org.openqa.selenium.remote.HttpCommandExecutor.execute(HttpCommandExecutor.java:136)
	at org.openqa.selenium.remote.service.DriverCommandExecutor.execute(DriverCommandExecutor.java:83)
	at org.openqa.selenium.remote.RemoteWebDriver.execute(RemoteWebDriver.java:552)
	at org.openqa.selenium.remote.RemoteWebDriver.startSession(RemoteWebDriver.java:213)
	at org.openqa.selenium.remote.RemoteWebDriver.&lt;init&gt;(RemoteWebDriver.java:131)
	at org.openqa.selenium.chrome.ChromeDriver.&lt;init&gt;(ChromeDriver.java:181)
	at org.openqa.selenium.chrome.ChromeDriver.&lt;init&gt;(ChromeDriver.java:168)
	at org.openqa.selenium.chrome.ChromeDriver.&lt;init&gt;(ChromeDriver.java:123)
	at test.ContactUsTest.ContactUsTest.beforeTest(ContactUsTest.java:39)
	at java.base/jdk.internal.reflect.NativeMethodAccessorImpl.invoke0(Native Method)
	at java.base/jdk.internal.reflect.NativeMethodAccessorImpl.invoke(NativeMethodAccessorImpl.java:78)
	at java.base/jdk.internal.reflect.DelegatingMethodAccessorImpl.invoke(DelegatingMethodAccessorImpl.java:43)
	at java.base/java.lang.reflect.Method.invoke(Method.java:567)
	at org.testng.internal.MethodInvocationHelper.invokeMethod(MethodInvocationHelper.java:133)
	at org.testng.internal.MethodInvocationHelper.invokeMethodConsideringTimeout(MethodInvocationHelper.java:62)
	at org.testng.internal.ConfigInvoker.invokeConfigurationMethod(ConfigInvoker.java:385)
	at org.testng.internal.ConfigInvoker.invokeConfigurations(ConfigInvoker.java:321)
	at org.testng.TestRunner.invokeTestConfigurations(TestRunner.java:637)
	at org.testng.TestRunner.beforeRun(TestRunner.java:627)
	at org.testng.TestRunner.run(TestRunner.java:589)
	at org.testng.SuiteRunner.runTest(SuiteRunner.java:377)
	at org.testng.SuiteRunner.runSequentially(SuiteRunner.java:371)
	at org.testng.SuiteRunner.privateRun(SuiteRunner.java:332)
	at org.testng.SuiteRunner.run(SuiteRunner.java:276)
	at org.testng.SuiteRunnerWorker.runSuite(SuiteRunnerWorker.java:53)
	at org.testng.SuiteRunnerWorker.run(SuiteRunnerWorker.java:96)
	at org.testng.TestNG.runSuitesSequentially(TestNG.java:1212)
	at org.testng.TestNG.runSuitesLocally(TestNG.java:1134)
	at org.testng.TestNG.runSuites(TestNG.java:1063)
	at org.testng.TestNG.run(TestNG.java:1031)
	at org.testng.remote.AbstractRemoteTestNG.run(AbstractRemoteTestNG.java:115)
	at org.testng.remote.RemoteTestNG.initAndRun(RemoteTestNG.java:251)
	at org.testng.remote.RemoteTestNG.main(RemoteTestNG.java:77)
</pre></div></td>
<td>0</td>
<td>test.userlogin.UserLogin@12aba8be</td></tr>
<tr>
<td title='test.adminfunctional.AdminPassword.changePasswordOne()'><b>changePasswordOne</b><br>Test class: test.adminfunctional.AdminPassword</td>
<td><div><pre>org.openqa.selenium.SessionNotCreatedException: session not created
from disconnected: received Inspector.detached event
  (Session info: chrome=93.0.4577.82)
Build info: version: &apos;3.141.59&apos;, revision: &apos;e82be7d358&apos;, time: &apos;2018-11-14T08:17:03&apos;
System info: host: &apos;ARPGL006256&apos;, ip: &apos;192.168.42.124&apos;, os.name: &apos;Windows 10&apos;, os.arch: &apos;amd64&apos;, os.version: &apos;10.0&apos;, java.version: &apos;16.0.2&apos;
Driver info: driver.version: ChromeDriver
remote stacktrace: Backtrace:
	Ordinal0 [0x00402A33+2501171]
	Ordinal0 [0x0039D1C1+2085313]
	Ordinal0 [0x002A1FA8+1056680]
	Ordinal0 [0x00295474+1004660]
	Ordinal0 [0x002950B6+1003702]
	Ordinal0 [0x002947FA+1001466]
	Ordinal0 [0x0029398D+997773]
	Ordinal0 [0x00293C46+998470]
	Ordinal0 [0x00293535+996661]
	Ordinal0 [0x0029E0C4+1040580]
	Ordinal0 [0x002934F1+996593]
	Ordinal0 [0x00294416+1000470]
	Ordinal0 [0x0029398D+997773]
	Ordinal0 [0x00293C46+998470]
	Ordinal0 [0x00293535+996661]
	Ordinal0 [0x0029C13A+1032506]
	Ordinal0 [0x002934F1+996593]
	Ordinal0 [0x00294416+1000470]
	Ordinal0 [0x0029398D+997773]
	Ordinal0 [0x00293C46+998470]
	Ordinal0 [0x00293535+996661]
	Ordinal0 [0x00299FC9+1023945]
	Ordinal0 [0x002934F1+996593]
	Ordinal0 [0x00294416+1000470]
	Ordinal0 [0x0029398D+997773]
	Ordinal0 [0x00293C46+998470]
	Ordinal0 [0x00293535+996661]
	Ordinal0 [0x002992EC+1020652]
	Ordinal0 [0x002934F1+996593]
	Ordinal0 [0x00294416+1000470]
	Ordinal0 [0x0029398D+997773]
	Ordinal0 [0x00293C46+998470]
	Ordinal0 [0x00293535+996661]
	Ordinal0 [0x0028F10D+979213]
	Ordinal0 [0x002934F1+996593]
	Ordinal0 [0x00293290+995984]
	Ordinal0 [0x00293029+995369]
	Ordinal0 [0x002A31C0+1061312]
	Ordinal0 [0x002EA93B+1354043]
	Ordinal0 [0x002E960A+1349130]
	Ordinal0 [0x002E551B+1332507]
	Ordinal0 [0x002C1D74+1187188]
	Ordinal0 [0x002C2BD9+1190873]
	GetHandleVerifier [0x0057EFE6+1504438]
	GetHandleVerifier [0x0062DDA5+2220661]
	GetHandleVerifier [0x00485589+481881]
	GetHandleVerifier [0x00484639+477961]
	Ordinal0 [0x003A28BD+2107581]
	Ordinal0 [0x003A6728+2123560]
	Ordinal0 [0x003A6862+2123874]
	Ordinal0 [0x003AFA81+2161281]
	BaseThreadInitThunk [0x7796FA29+25]
	RtlGetAppContainerNamedObjectPath [0x77DF7A7E+286]
	RtlGetAppContainerNamedObjectPath [0x77DF7A4E+238]

	at org.openqa.selenium.remote.W3CHandshakeResponse.lambda$errorHandler$0(W3CHandshakeResponse.java:62)
	at org.openqa.selenium.remote.HandshakeResponse.lambda$getResponseFunction$0(HandshakeResponse.java:30)
	at org.openqa.selenium.remote.ProtocolHandshake.lambda$createSession$0(ProtocolHandshake.java:126)
	at java.base/java.util.stream.ReferencePipeline$3$1.accept(ReferencePipeline.java:197)
	at java.base/java.util.Spliterators$ArraySpliterator.tryAdvance(Spliterators.java:958)
	at java.base/java.util.stream.ReferencePipeline.forEachWithCancel(ReferencePipeline.java:129)
	at java.base/java.util.stream.AbstractPipeline.copyIntoWithCancel(AbstractPipeline.java:502)
	at java.base/java.util.stream.AbstractPipeline.copyInto(AbstractPipeline.java:488)
	at java.base/java.util.stream.AbstractPipeline.wrapAndCopyInto(AbstractPipeline.java:474)
	at java.base/java.util.stream.FindOps$FindOp.evaluateSequential(FindOps.java:150)
	at java.base/java.util.stream.AbstractPipeline.evaluate(AbstractPipeline.java:234)
	at java.base/java.util.stream.ReferencePipeline.findFirst(ReferencePipeline.java:647)
	at org.openqa.selenium.remote.ProtocolHandshake.createSession(ProtocolHandshake.java:128)
	at org.openqa.selenium.remote.ProtocolHandshake.createSession(ProtocolHandshake.java:74)
	at org.openqa.selenium.remote.HttpCommandExecutor.execute(HttpCommandExecutor.java:136)
	at org.openqa.selenium.remote.service.DriverCommandExecutor.execute(DriverCommandExecutor.java:83)
	at org.openqa.selenium.remote.RemoteWebDriver.execute(RemoteWebDriver.java:552)
	at org.openqa.selenium.remote.RemoteWebDriver.startSession(RemoteWebDriver.java:213)
	at org.openqa.selenium.remote.RemoteWebDriver.&lt;init&gt;(RemoteWebDriver.java:131)
	at org.openqa.selenium.chrome.ChromeDriver.&lt;init&gt;(ChromeDriver.java:181)
	at org.openqa.selenium.chrome.ChromeDriver.&lt;init&gt;(ChromeDriver.java:168)
	at org.openqa.selenium.chrome.ChromeDriver.&lt;init&gt;(ChromeDriver.java:123)
	at test.ContactUsTest.ContactUsTest.beforeTest(ContactUsTest.java:39)
... Removed 29 stack frames</pre></div><a href='#' onClick='toggleBox("stack-trace1264701638", this, "Click to show all stack frames", "Click to hide stack frames")'>Click to show all stack frames</a>
<div class='stack-trace' id='stack-trace1264701638'><pre>org.openqa.selenium.SessionNotCreatedException: session not created
from disconnected: received Inspector.detached event
  (Session info: chrome=93.0.4577.82)
Build info: version: &apos;3.141.59&apos;, revision: &apos;e82be7d358&apos;, time: &apos;2018-11-14T08:17:03&apos;
System info: host: &apos;ARPGL006256&apos;, ip: &apos;192.168.42.124&apos;, os.name: &apos;Windows 10&apos;, os.arch: &apos;amd64&apos;, os.version: &apos;10.0&apos;, java.version: &apos;16.0.2&apos;
Driver info: driver.version: ChromeDriver
remote stacktrace: Backtrace:
	Ordinal0 [0x00402A33+2501171]
	Ordinal0 [0x0039D1C1+2085313]
	Ordinal0 [0x002A1FA8+1056680]
	Ordinal0 [0x00295474+1004660]
	Ordinal0 [0x002950B6+1003702]
	Ordinal0 [0x002947FA+1001466]
	Ordinal0 [0x0029398D+997773]
	Ordinal0 [0x00293C46+998470]
	Ordinal0 [0x00293535+996661]
	Ordinal0 [0x0029E0C4+1040580]
	Ordinal0 [0x002934F1+996593]
	Ordinal0 [0x00294416+1000470]
	Ordinal0 [0x0029398D+997773]
	Ordinal0 [0x00293C46+998470]
	Ordinal0 [0x00293535+996661]
	Ordinal0 [0x0029C13A+1032506]
	Ordinal0 [0x002934F1+996593]
	Ordinal0 [0x00294416+1000470]
	Ordinal0 [0x0029398D+997773]
	Ordinal0 [0x00293C46+998470]
	Ordinal0 [0x00293535+996661]
	Ordinal0 [0x00299FC9+1023945]
	Ordinal0 [0x002934F1+996593]
	Ordinal0 [0x00294416+1000470]
	Ordinal0 [0x0029398D+997773]
	Ordinal0 [0x00293C46+998470]
	Ordinal0 [0x00293535+996661]
	Ordinal0 [0x002992EC+1020652]
	Ordinal0 [0x002934F1+996593]
	Ordinal0 [0x00294416+1000470]
	Ordinal0 [0x0029398D+997773]
	Ordinal0 [0x00293C46+998470]
	Ordinal0 [0x00293535+996661]
	Ordinal0 [0x0028F10D+979213]
	Ordinal0 [0x002934F1+996593]
	Ordinal0 [0x00293290+995984]
	Ordinal0 [0x00293029+995369]
	Ordinal0 [0x002A31C0+1061312]
	Ordinal0 [0x002EA93B+1354043]
	Ordinal0 [0x002E960A+1349130]
	Ordinal0 [0x002E551B+1332507]
	Ordinal0 [0x002C1D74+1187188]
	Ordinal0 [0x002C2BD9+1190873]
	GetHandleVerifier [0x0057EFE6+1504438]
	GetHandleVerifier [0x0062DDA5+2220661]
	GetHandleVerifier [0x00485589+481881]
	GetHandleVerifier [0x00484639+477961]
	Ordinal0 [0x003A28BD+2107581]
	Ordinal0 [0x003A6728+2123560]
	Ordinal0 [0x003A6862+2123874]
	Ordinal0 [0x003AFA81+2161281]
	BaseThreadInitThunk [0x7796FA29+25]
	RtlGetAppContainerNamedObjectPath [0x77DF7A7E+286]
	RtlGetAppContainerNamedObjectPath [0x77DF7A4E+238]

	at java.base/jdk.internal.reflect.NativeConstructorAccessorImpl.newInstance0(Native Method)
	at java.base/jdk.internal.reflect.NativeConstructorAccessorImpl.newInstance(NativeConstructorAccessorImpl.java:78)
	at java.base/jdk.internal.reflect.DelegatingConstructorAccessorImpl.newInstance(DelegatingConstructorAccessorImpl.java:45)
	at java.base/java.lang.reflect.Constructor.newInstanceWithCaller(Constructor.java:499)
	at java.base/java.lang.reflect.Constructor.newInstance(Constructor.java:480)
	at org.openqa.selenium.remote.W3CHandshakeResponse.lambda$errorHandler$0(W3CHandshakeResponse.java:62)
	at org.openqa.selenium.remote.HandshakeResponse.lambda$getResponseFunction$0(HandshakeResponse.java:30)
	at org.openqa.selenium.remote.ProtocolHandshake.lambda$createSession$0(ProtocolHandshake.java:126)
	at java.base/java.util.stream.ReferencePipeline$3$1.accept(ReferencePipeline.java:197)
	at java.base/java.util.Spliterators$ArraySpliterator.tryAdvance(Spliterators.java:958)
	at java.base/java.util.stream.ReferencePipeline.forEachWithCancel(ReferencePipeline.java:129)
	at java.base/java.util.stream.AbstractPipeline.copyIntoWithCancel(AbstractPipeline.java:502)
	at java.base/java.util.stream.AbstractPipeline.copyInto(AbstractPipeline.java:488)
	at java.base/java.util.stream.AbstractPipeline.wrapAndCopyInto(AbstractPipeline.java:474)
	at java.base/java.util.stream.FindOps$FindOp.evaluateSequential(FindOps.java:150)
	at java.base/java.util.stream.AbstractPipeline.evaluate(AbstractPipeline.java:234)
	at java.base/java.util.stream.ReferencePipeline.findFirst(ReferencePipeline.java:647)
	at org.openqa.selenium.remote.ProtocolHandshake.createSession(ProtocolHandshake.java:128)
	at org.openqa.selenium.remote.ProtocolHandshake.createSession(ProtocolHandshake.java:74)
	at org.openqa.selenium.remote.HttpCommandExecutor.execute(HttpCommandExecutor.java:136)
	at org.openqa.selenium.remote.service.DriverCommandExecutor.execute(DriverCommandExecutor.java:83)
	at org.openqa.selenium.remote.RemoteWebDriver.execute(RemoteWebDriver.java:552)
	at org.openqa.selenium.remote.RemoteWebDriver.startSession(RemoteWebDriver.java:213)
	at org.openqa.selenium.remote.RemoteWebDriver.&lt;init&gt;(RemoteWebDriver.java:131)
	at org.openqa.selenium.chrome.ChromeDriver.&lt;init&gt;(ChromeDriver.java:181)
	at org.openqa.selenium.chrome.ChromeDriver.&lt;init&gt;(ChromeDriver.java:168)
	at org.openqa.selenium.chrome.ChromeDriver.&lt;init&gt;(ChromeDriver.java:123)
	at test.ContactUsTest.ContactUsTest.beforeTest(ContactUsTest.java:39)
	at java.base/jdk.internal.reflect.NativeMethodAccessorImpl.invoke0(Native Method)
	at java.base/jdk.internal.reflect.NativeMethodAccessorImpl.invoke(NativeMethodAccessorImpl.java:78)
	at java.base/jdk.internal.reflect.DelegatingMethodAccessorImpl.invoke(DelegatingMethodAccessorImpl.java:43)
	at java.base/java.lang.reflect.Method.invoke(Method.java:567)
	at org.testng.internal.MethodInvocationHelper.invokeMethod(MethodInvocationHelper.java:133)
	at org.testng.internal.MethodInvocationHelper.invokeMethodConsideringTimeout(MethodInvocationHelper.java:62)
	at org.testng.internal.ConfigInvoker.invokeConfigurationMethod(ConfigInvoker.java:385)
	at org.testng.internal.ConfigInvoker.invokeConfigurations(ConfigInvoker.java:321)
	at org.testng.TestRunner.invokeTestConfigurations(TestRunner.java:637)
	at org.testng.TestRunner.beforeRun(TestRunner.java:627)
	at org.testng.TestRunner.run(TestRunner.java:589)
	at org.testng.SuiteRunner.runTest(SuiteRunner.java:377)
	at org.testng.SuiteRunner.runSequentially(SuiteRunner.java:371)
	at org.testng.SuiteRunner.privateRun(SuiteRunner.java:332)
	at org.testng.SuiteRunner.run(SuiteRunner.java:276)
	at org.testng.SuiteRunnerWorker.runSuite(SuiteRunnerWorker.java:53)
	at org.testng.SuiteRunnerWorker.run(SuiteRunnerWorker.java:96)
	at org.testng.TestNG.runSuitesSequentially(TestNG.java:1212)
	at org.testng.TestNG.runSuitesLocally(TestNG.java:1134)
	at org.testng.TestNG.runSuites(TestNG.java:1063)
	at org.testng.TestNG.run(TestNG.java:1031)
	at org.testng.remote.AbstractRemoteTestNG.run(AbstractRemoteTestNG.java:115)
	at org.testng.remote.RemoteTestNG.initAndRun(RemoteTestNG.java:251)
	at org.testng.remote.RemoteTestNG.main(RemoteTestNG.java:77)
</pre></div></td>
<td>0</td>
<td>test.adminfunctional.AdminPassword@47d9a273</td></tr>
<tr>
<td title='test.carlistingTests.BookCarTests.bookwithoutloginTest()'><b>bookwithoutloginTest</b><br>Test class: test.carlistingTests.BookCarTests</td>
<td><div><pre>org.openqa.selenium.SessionNotCreatedException: session not created
from disconnected: received Inspector.detached event
  (Session info: chrome=93.0.4577.82)
Build info: version: &apos;3.141.59&apos;, revision: &apos;e82be7d358&apos;, time: &apos;2018-11-14T08:17:03&apos;
System info: host: &apos;ARPGL006256&apos;, ip: &apos;192.168.42.124&apos;, os.name: &apos;Windows 10&apos;, os.arch: &apos;amd64&apos;, os.version: &apos;10.0&apos;, java.version: &apos;16.0.2&apos;
Driver info: driver.version: ChromeDriver
remote stacktrace: Backtrace:
	Ordinal0 [0x00402A33+2501171]
	Ordinal0 [0x0039D1C1+2085313]
	Ordinal0 [0x002A1FA8+1056680]
	Ordinal0 [0x00295474+1004660]
	Ordinal0 [0x002950B6+1003702]
	Ordinal0 [0x002947FA+1001466]
	Ordinal0 [0x0029398D+997773]
	Ordinal0 [0x00293C46+998470]
	Ordinal0 [0x00293535+996661]
	Ordinal0 [0x0029E0C4+1040580]
	Ordinal0 [0x002934F1+996593]
	Ordinal0 [0x00294416+1000470]
	Ordinal0 [0x0029398D+997773]
	Ordinal0 [0x00293C46+998470]
	Ordinal0 [0x00293535+996661]
	Ordinal0 [0x0029C13A+1032506]
	Ordinal0 [0x002934F1+996593]
	Ordinal0 [0x00294416+1000470]
	Ordinal0 [0x0029398D+997773]
	Ordinal0 [0x00293C46+998470]
	Ordinal0 [0x00293535+996661]
	Ordinal0 [0x00299FC9+1023945]
	Ordinal0 [0x002934F1+996593]
	Ordinal0 [0x00294416+1000470]
	Ordinal0 [0x0029398D+997773]
	Ordinal0 [0x00293C46+998470]
	Ordinal0 [0x00293535+996661]
	Ordinal0 [0x002992EC+1020652]
	Ordinal0 [0x002934F1+996593]
	Ordinal0 [0x00294416+1000470]
	Ordinal0 [0x0029398D+997773]
	Ordinal0 [0x00293C46+998470]
	Ordinal0 [0x00293535+996661]
	Ordinal0 [0x0028F10D+979213]
	Ordinal0 [0x002934F1+996593]
	Ordinal0 [0x00293290+995984]
	Ordinal0 [0x00293029+995369]
	Ordinal0 [0x002A31C0+1061312]
	Ordinal0 [0x002EA93B+1354043]
	Ordinal0 [0x002E960A+1349130]
	Ordinal0 [0x002E551B+1332507]
	Ordinal0 [0x002C1D74+1187188]
	Ordinal0 [0x002C2BD9+1190873]
	GetHandleVerifier [0x0057EFE6+1504438]
	GetHandleVerifier [0x0062DDA5+2220661]
	GetHandleVerifier [0x00485589+481881]
	GetHandleVerifier [0x00484639+477961]
	Ordinal0 [0x003A28BD+2107581]
	Ordinal0 [0x003A6728+2123560]
	Ordinal0 [0x003A6862+2123874]
	Ordinal0 [0x003AFA81+2161281]
	BaseThreadInitThunk [0x7796FA29+25]
	RtlGetAppContainerNamedObjectPath [0x77DF7A7E+286]
	RtlGetAppContainerNamedObjectPath [0x77DF7A4E+238]

	at org.openqa.selenium.remote.W3CHandshakeResponse.lambda$errorHandler$0(W3CHandshakeResponse.java:62)
	at org.openqa.selenium.remote.HandshakeResponse.lambda$getResponseFunction$0(HandshakeResponse.java:30)
	at org.openqa.selenium.remote.ProtocolHandshake.lambda$createSession$0(ProtocolHandshake.java:126)
	at java.base/java.util.stream.ReferencePipeline$3$1.accept(ReferencePipeline.java:197)
	at java.base/java.util.Spliterators$ArraySpliterator.tryAdvance(Spliterators.java:958)
	at java.base/java.util.stream.ReferencePipeline.forEachWithCancel(ReferencePipeline.java:129)
	at java.base/java.util.stream.AbstractPipeline.copyIntoWithCancel(AbstractPipeline.java:502)
	at java.base/java.util.stream.AbstractPipeline.copyInto(AbstractPipeline.java:488)
	at java.base/java.util.stream.AbstractPipeline.wrapAndCopyInto(AbstractPipeline.java:474)
	at java.base/java.util.stream.FindOps$FindOp.evaluateSequential(FindOps.java:150)
	at java.base/java.util.stream.AbstractPipeline.evaluate(AbstractPipeline.java:234)
	at java.base/java.util.stream.ReferencePipeline.findFirst(ReferencePipeline.java:647)
	at org.openqa.selenium.remote.ProtocolHandshake.createSession(ProtocolHandshake.java:128)
	at org.openqa.selenium.remote.ProtocolHandshake.createSession(ProtocolHandshake.java:74)
	at org.openqa.selenium.remote.HttpCommandExecutor.execute(HttpCommandExecutor.java:136)
	at org.openqa.selenium.remote.service.DriverCommandExecutor.execute(DriverCommandExecutor.java:83)
	at org.openqa.selenium.remote.RemoteWebDriver.execute(RemoteWebDriver.java:552)
	at org.openqa.selenium.remote.RemoteWebDriver.startSession(RemoteWebDriver.java:213)
	at org.openqa.selenium.remote.RemoteWebDriver.&lt;init&gt;(RemoteWebDriver.java:131)
	at org.openqa.selenium.chrome.ChromeDriver.&lt;init&gt;(ChromeDriver.java:181)
	at org.openqa.selenium.chrome.ChromeDriver.&lt;init&gt;(ChromeDriver.java:168)
	at org.openqa.selenium.chrome.ChromeDriver.&lt;init&gt;(ChromeDriver.java:123)
	at test.ContactUsTest.ContactUsTest.beforeTest(ContactUsTest.java:39)
... Removed 29 stack frames</pre></div><a href='#' onClick='toggleBox("stack-trace2029645118", this, "Click to show all stack frames", "Click to hide stack frames")'>Click to show all stack frames</a>
<div class='stack-trace' id='stack-trace2029645118'><pre>org.openqa.selenium.SessionNotCreatedException: session not created
from disconnected: received Inspector.detached event
  (Session info: chrome=93.0.4577.82)
Build info: version: &apos;3.141.59&apos;, revision: &apos;e82be7d358&apos;, time: &apos;2018-11-14T08:17:03&apos;
System info: host: &apos;ARPGL006256&apos;, ip: &apos;192.168.42.124&apos;, os.name: &apos;Windows 10&apos;, os.arch: &apos;amd64&apos;, os.version: &apos;10.0&apos;, java.version: &apos;16.0.2&apos;
Driver info: driver.version: ChromeDriver
remote stacktrace: Backtrace:
	Ordinal0 [0x00402A33+2501171]
	Ordinal0 [0x0039D1C1+2085313]
	Ordinal0 [0x002A1FA8+1056680]
	Ordinal0 [0x00295474+1004660]
	Ordinal0 [0x002950B6+1003702]
	Ordinal0 [0x002947FA+1001466]
	Ordinal0 [0x0029398D+997773]
	Ordinal0 [0x00293C46+998470]
	Ordinal0 [0x00293535+996661]
	Ordinal0 [0x0029E0C4+1040580]
	Ordinal0 [0x002934F1+996593]
	Ordinal0 [0x00294416+1000470]
	Ordinal0 [0x0029398D+997773]
	Ordinal0 [0x00293C46+998470]
	Ordinal0 [0x00293535+996661]
	Ordinal0 [0x0029C13A+1032506]
	Ordinal0 [0x002934F1+996593]
	Ordinal0 [0x00294416+1000470]
	Ordinal0 [0x0029398D+997773]
	Ordinal0 [0x00293C46+998470]
	Ordinal0 [0x00293535+996661]
	Ordinal0 [0x00299FC9+1023945]
	Ordinal0 [0x002934F1+996593]
	Ordinal0 [0x00294416+1000470]
	Ordinal0 [0x0029398D+997773]
	Ordinal0 [0x00293C46+998470]
	Ordinal0 [0x00293535+996661]
	Ordinal0 [0x002992EC+1020652]
	Ordinal0 [0x002934F1+996593]
	Ordinal0 [0x00294416+1000470]
	Ordinal0 [0x0029398D+997773]
	Ordinal0 [0x00293C46+998470]
	Ordinal0 [0x00293535+996661]
	Ordinal0 [0x0028F10D+979213]
	Ordinal0 [0x002934F1+996593]
	Ordinal0 [0x00293290+995984]
	Ordinal0 [0x00293029+995369]
	Ordinal0 [0x002A31C0+1061312]
	Ordinal0 [0x002EA93B+1354043]
	Ordinal0 [0x002E960A+1349130]
	Ordinal0 [0x002E551B+1332507]
	Ordinal0 [0x002C1D74+1187188]
	Ordinal0 [0x002C2BD9+1190873]
	GetHandleVerifier [0x0057EFE6+1504438]
	GetHandleVerifier [0x0062DDA5+2220661]
	GetHandleVerifier [0x00485589+481881]
	GetHandleVerifier [0x00484639+477961]
	Ordinal0 [0x003A28BD+2107581]
	Ordinal0 [0x003A6728+2123560]
	Ordinal0 [0x003A6862+2123874]
	Ordinal0 [0x003AFA81+2161281]
	BaseThreadInitThunk [0x7796FA29+25]
	RtlGetAppContainerNamedObjectPath [0x77DF7A7E+286]
	RtlGetAppContainerNamedObjectPath [0x77DF7A4E+238]

	at java.base/jdk.internal.reflect.NativeConstructorAccessorImpl.newInstance0(Native Method)
	at java.base/jdk.internal.reflect.NativeConstructorAccessorImpl.newInstance(NativeConstructorAccessorImpl.java:78)
	at java.base/jdk.internal.reflect.DelegatingConstructorAccessorImpl.newInstance(DelegatingConstructorAccessorImpl.java:45)
	at java.base/java.lang.reflect.Constructor.newInstanceWithCaller(Constructor.java:499)
	at java.base/java.lang.reflect.Constructor.newInstance(Constructor.java:480)
	at org.openqa.selenium.remote.W3CHandshakeResponse.lambda$errorHandler$0(W3CHandshakeResponse.java:62)
	at org.openqa.selenium.remote.HandshakeResponse.lambda$getResponseFunction$0(HandshakeResponse.java:30)
	at org.openqa.selenium.remote.ProtocolHandshake.lambda$createSession$0(ProtocolHandshake.java:126)
	at java.base/java.util.stream.ReferencePipeline$3$1.accept(ReferencePipeline.java:197)
	at java.base/java.util.Spliterators$ArraySpliterator.tryAdvance(Spliterators.java:958)
	at java.base/java.util.stream.ReferencePipeline.forEachWithCancel(ReferencePipeline.java:129)
	at java.base/java.util.stream.AbstractPipeline.copyIntoWithCancel(AbstractPipeline.java:502)
	at java.base/java.util.stream.AbstractPipeline.copyInto(AbstractPipeline.java:488)
	at java.base/java.util.stream.AbstractPipeline.wrapAndCopyInto(AbstractPipeline.java:474)
	at java.base/java.util.stream.FindOps$FindOp.evaluateSequential(FindOps.java:150)
	at java.base/java.util.stream.AbstractPipeline.evaluate(AbstractPipeline.java:234)
	at java.base/java.util.stream.ReferencePipeline.findFirst(ReferencePipeline.java:647)
	at org.openqa.selenium.remote.ProtocolHandshake.createSession(ProtocolHandshake.java:128)
	at org.openqa.selenium.remote.ProtocolHandshake.createSession(ProtocolHandshake.java:74)
	at org.openqa.selenium.remote.HttpCommandExecutor.execute(HttpCommandExecutor.java:136)
	at org.openqa.selenium.remote.service.DriverCommandExecutor.execute(DriverCommandExecutor.java:83)
	at org.openqa.selenium.remote.RemoteWebDriver.execute(RemoteWebDriver.java:552)
	at org.openqa.selenium.remote.RemoteWebDriver.startSession(RemoteWebDriver.java:213)
	at org.openqa.selenium.remote.RemoteWebDriver.&lt;init&gt;(RemoteWebDriver.java:131)
	at org.openqa.selenium.chrome.ChromeDriver.&lt;init&gt;(ChromeDriver.java:181)
	at org.openqa.selenium.chrome.ChromeDriver.&lt;init&gt;(ChromeDriver.java:168)
	at org.openqa.selenium.chrome.ChromeDriver.&lt;init&gt;(ChromeDriver.java:123)
	at test.ContactUsTest.ContactUsTest.beforeTest(ContactUsTest.java:39)
	at java.base/jdk.internal.reflect.NativeMethodAccessorImpl.invoke0(Native Method)
	at java.base/jdk.internal.reflect.NativeMethodAccessorImpl.invoke(NativeMethodAccessorImpl.java:78)
	at java.base/jdk.internal.reflect.DelegatingMethodAccessorImpl.invoke(DelegatingMethodAccessorImpl.java:43)
	at java.base/java.lang.reflect.Method.invoke(Method.java:567)
	at org.testng.internal.MethodInvocationHelper.invokeMethod(MethodInvocationHelper.java:133)
	at org.testng.internal.MethodInvocationHelper.invokeMethodConsideringTimeout(MethodInvocationHelper.java:62)
	at org.testng.internal.ConfigInvoker.invokeConfigurationMethod(ConfigInvoker.java:385)
	at org.testng.internal.ConfigInvoker.invokeConfigurations(ConfigInvoker.java:321)
	at org.testng.TestRunner.invokeTestConfigurations(TestRunner.java:637)
	at org.testng.TestRunner.beforeRun(TestRunner.java:627)
	at org.testng.TestRunner.run(TestRunner.java:589)
	at org.testng.SuiteRunner.runTest(SuiteRunner.java:377)
	at org.testng.SuiteRunner.runSequentially(SuiteRunner.java:371)
	at org.testng.SuiteRunner.privateRun(SuiteRunner.java:332)
	at org.testng.SuiteRunner.run(SuiteRunner.java:276)
	at org.testng.SuiteRunnerWorker.runSuite(SuiteRunnerWorker.java:53)
	at org.testng.SuiteRunnerWorker.run(SuiteRunnerWorker.java:96)
	at org.testng.TestNG.runSuitesSequentially(TestNG.java:1212)
	at org.testng.TestNG.runSuitesLocally(TestNG.java:1134)
	at org.testng.TestNG.runSuites(TestNG.java:1063)
	at org.testng.TestNG.run(TestNG.java:1031)
	at org.testng.remote.AbstractRemoteTestNG.run(AbstractRemoteTestNG.java:115)
	at org.testng.remote.RemoteTestNG.initAndRun(RemoteTestNG.java:251)
	at org.testng.remote.RemoteTestNG.main(RemoteTestNG.java:77)
</pre></div></td>
<td>0</td>
<td>test.carlistingTests.BookCarTests@1151e434</td></tr>
<tr>
<td title='test.ContactUsTest.ContactUsTest.contactusTest()'><b>contactusTest</b><br>Test class: test.ContactUsTest.ContactUsTest</td>
<td><div><pre>org.openqa.selenium.SessionNotCreatedException: session not created
from disconnected: received Inspector.detached event
  (Session info: chrome=93.0.4577.82)
Build info: version: &apos;3.141.59&apos;, revision: &apos;e82be7d358&apos;, time: &apos;2018-11-14T08:17:03&apos;
System info: host: &apos;ARPGL006256&apos;, ip: &apos;192.168.42.124&apos;, os.name: &apos;Windows 10&apos;, os.arch: &apos;amd64&apos;, os.version: &apos;10.0&apos;, java.version: &apos;16.0.2&apos;
Driver info: driver.version: ChromeDriver
remote stacktrace: Backtrace:
	Ordinal0 [0x00402A33+2501171]
	Ordinal0 [0x0039D1C1+2085313]
	Ordinal0 [0x002A1FA8+1056680]
	Ordinal0 [0x00295474+1004660]
	Ordinal0 [0x002950B6+1003702]
	Ordinal0 [0x002947FA+1001466]
	Ordinal0 [0x0029398D+997773]
	Ordinal0 [0x00293C46+998470]
	Ordinal0 [0x00293535+996661]
	Ordinal0 [0x0029E0C4+1040580]
	Ordinal0 [0x002934F1+996593]
	Ordinal0 [0x00294416+1000470]
	Ordinal0 [0x0029398D+997773]
	Ordinal0 [0x00293C46+998470]
	Ordinal0 [0x00293535+996661]
	Ordinal0 [0x0029C13A+1032506]
	Ordinal0 [0x002934F1+996593]
	Ordinal0 [0x00294416+1000470]
	Ordinal0 [0x0029398D+997773]
	Ordinal0 [0x00293C46+998470]
	Ordinal0 [0x00293535+996661]
	Ordinal0 [0x00299FC9+1023945]
	Ordinal0 [0x002934F1+996593]
	Ordinal0 [0x00294416+1000470]
	Ordinal0 [0x0029398D+997773]
	Ordinal0 [0x00293C46+998470]
	Ordinal0 [0x00293535+996661]
	Ordinal0 [0x002992EC+1020652]
	Ordinal0 [0x002934F1+996593]
	Ordinal0 [0x00294416+1000470]
	Ordinal0 [0x0029398D+997773]
	Ordinal0 [0x00293C46+998470]
	Ordinal0 [0x00293535+996661]
	Ordinal0 [0x0028F10D+979213]
	Ordinal0 [0x002934F1+996593]
	Ordinal0 [0x00293290+995984]
	Ordinal0 [0x00293029+995369]
	Ordinal0 [0x002A31C0+1061312]
	Ordinal0 [0x002EA93B+1354043]
	Ordinal0 [0x002E960A+1349130]
	Ordinal0 [0x002E551B+1332507]
	Ordinal0 [0x002C1D74+1187188]
	Ordinal0 [0x002C2BD9+1190873]
	GetHandleVerifier [0x0057EFE6+1504438]
	GetHandleVerifier [0x0062DDA5+2220661]
	GetHandleVerifier [0x00485589+481881]
	GetHandleVerifier [0x00484639+477961]
	Ordinal0 [0x003A28BD+2107581]
	Ordinal0 [0x003A6728+2123560]
	Ordinal0 [0x003A6862+2123874]
	Ordinal0 [0x003AFA81+2161281]
	BaseThreadInitThunk [0x7796FA29+25]
	RtlGetAppContainerNamedObjectPath [0x77DF7A7E+286]
	RtlGetAppContainerNamedObjectPath [0x77DF7A4E+238]

	at org.openqa.selenium.remote.W3CHandshakeResponse.lambda$errorHandler$0(W3CHandshakeResponse.java:62)
	at org.openqa.selenium.remote.HandshakeResponse.lambda$getResponseFunction$0(HandshakeResponse.java:30)
	at org.openqa.selenium.remote.ProtocolHandshake.lambda$createSession$0(ProtocolHandshake.java:126)
	at java.base/java.util.stream.ReferencePipeline$3$1.accept(ReferencePipeline.java:197)
	at java.base/java.util.Spliterators$ArraySpliterator.tryAdvance(Spliterators.java:958)
	at java.base/java.util.stream.ReferencePipeline.forEachWithCancel(ReferencePipeline.java:129)
	at java.base/java.util.stream.AbstractPipeline.copyIntoWithCancel(AbstractPipeline.java:502)
	at java.base/java.util.stream.AbstractPipeline.copyInto(AbstractPipeline.java:488)
	at java.base/java.util.stream.AbstractPipeline.wrapAndCopyInto(AbstractPipeline.java:474)
	at java.base/java.util.stream.FindOps$FindOp.evaluateSequential(FindOps.java:150)
	at java.base/java.util.stream.AbstractPipeline.evaluate(AbstractPipeline.java:234)
	at java.base/java.util.stream.ReferencePipeline.findFirst(ReferencePipeline.java:647)
	at org.openqa.selenium.remote.ProtocolHandshake.createSession(ProtocolHandshake.java:128)
	at org.openqa.selenium.remote.ProtocolHandshake.createSession(ProtocolHandshake.java:74)
	at org.openqa.selenium.remote.HttpCommandExecutor.execute(HttpCommandExecutor.java:136)
	at org.openqa.selenium.remote.service.DriverCommandExecutor.execute(DriverCommandExecutor.java:83)
	at org.openqa.selenium.remote.RemoteWebDriver.execute(RemoteWebDriver.java:552)
	at org.openqa.selenium.remote.RemoteWebDriver.startSession(RemoteWebDriver.java:213)
	at org.openqa.selenium.remote.RemoteWebDriver.&lt;init&gt;(RemoteWebDriver.java:131)
	at org.openqa.selenium.chrome.ChromeDriver.&lt;init&gt;(ChromeDriver.java:181)
	at org.openqa.selenium.chrome.ChromeDriver.&lt;init&gt;(ChromeDriver.java:168)
	at org.openqa.selenium.chrome.ChromeDriver.&lt;init&gt;(ChromeDriver.java:123)
	at test.ContactUsTest.ContactUsTest.beforeTest(ContactUsTest.java:39)
... Removed 29 stack frames</pre></div><a href='#' onClick='toggleBox("stack-trace1256893889", this, "Click to show all stack frames", "Click to hide stack frames")'>Click to show all stack frames</a>
<div class='stack-trace' id='stack-trace1256893889'><pre>org.openqa.selenium.SessionNotCreatedException: session not created
from disconnected: received Inspector.detached event
  (Session info: chrome=93.0.4577.82)
Build info: version: &apos;3.141.59&apos;, revision: &apos;e82be7d358&apos;, time: &apos;2018-11-14T08:17:03&apos;
System info: host: &apos;ARPGL006256&apos;, ip: &apos;192.168.42.124&apos;, os.name: &apos;Windows 10&apos;, os.arch: &apos;amd64&apos;, os.version: &apos;10.0&apos;, java.version: &apos;16.0.2&apos;
Driver info: driver.version: ChromeDriver
remote stacktrace: Backtrace:
	Ordinal0 [0x00402A33+2501171]
	Ordinal0 [0x0039D1C1+2085313]
	Ordinal0 [0x002A1FA8+1056680]
	Ordinal0 [0x00295474+1004660]
	Ordinal0 [0x002950B6+1003702]
	Ordinal0 [0x002947FA+1001466]
	Ordinal0 [0x0029398D+997773]
	Ordinal0 [0x00293C46+998470]
	Ordinal0 [0x00293535+996661]
	Ordinal0 [0x0029E0C4+1040580]
	Ordinal0 [0x002934F1+996593]
	Ordinal0 [0x00294416+1000470]
	Ordinal0 [0x0029398D+997773]
	Ordinal0 [0x00293C46+998470]
	Ordinal0 [0x00293535+996661]
	Ordinal0 [0x0029C13A+1032506]
	Ordinal0 [0x002934F1+996593]
	Ordinal0 [0x00294416+1000470]
	Ordinal0 [0x0029398D+997773]
	Ordinal0 [0x00293C46+998470]
	Ordinal0 [0x00293535+996661]
	Ordinal0 [0x00299FC9+1023945]
	Ordinal0 [0x002934F1+996593]
	Ordinal0 [0x00294416+1000470]
	Ordinal0 [0x0029398D+997773]
	Ordinal0 [0x00293C46+998470]
	Ordinal0 [0x00293535+996661]
	Ordinal0 [0x002992EC+1020652]
	Ordinal0 [0x002934F1+996593]
	Ordinal0 [0x00294416+1000470]
	Ordinal0 [0x0029398D+997773]
	Ordinal0 [0x00293C46+998470]
	Ordinal0 [0x00293535+996661]
	Ordinal0 [0x0028F10D+979213]
	Ordinal0 [0x002934F1+996593]
	Ordinal0 [0x00293290+995984]
	Ordinal0 [0x00293029+995369]
	Ordinal0 [0x002A31C0+1061312]
	Ordinal0 [0x002EA93B+1354043]
	Ordinal0 [0x002E960A+1349130]
	Ordinal0 [0x002E551B+1332507]
	Ordinal0 [0x002C1D74+1187188]
	Ordinal0 [0x002C2BD9+1190873]
	GetHandleVerifier [0x0057EFE6+1504438]
	GetHandleVerifier [0x0062DDA5+2220661]
	GetHandleVerifier [0x00485589+481881]
	GetHandleVerifier [0x00484639+477961]
	Ordinal0 [0x003A28BD+2107581]
	Ordinal0 [0x003A6728+2123560]
	Ordinal0 [0x003A6862+2123874]
	Ordinal0 [0x003AFA81+2161281]
	BaseThreadInitThunk [0x7796FA29+25]
	RtlGetAppContainerNamedObjectPath [0x77DF7A7E+286]
	RtlGetAppContainerNamedObjectPath [0x77DF7A4E+238]

	at java.base/jdk.internal.reflect.NativeConstructorAccessorImpl.newInstance0(Native Method)
	at java.base/jdk.internal.reflect.NativeConstructorAccessorImpl.newInstance(NativeConstructorAccessorImpl.java:78)
	at java.base/jdk.internal.reflect.DelegatingConstructorAccessorImpl.newInstance(DelegatingConstructorAccessorImpl.java:45)
	at java.base/java.lang.reflect.Constructor.newInstanceWithCaller(Constructor.java:499)
	at java.base/java.lang.reflect.Constructor.newInstance(Constructor.java:480)
	at org.openqa.selenium.remote.W3CHandshakeResponse.lambda$errorHandler$0(W3CHandshakeResponse.java:62)
	at org.openqa.selenium.remote.HandshakeResponse.lambda$getResponseFunction$0(HandshakeResponse.java:30)
	at org.openqa.selenium.remote.ProtocolHandshake.lambda$createSession$0(ProtocolHandshake.java:126)
	at java.base/java.util.stream.ReferencePipeline$3$1.accept(ReferencePipeline.java:197)
	at java.base/java.util.Spliterators$ArraySpliterator.tryAdvance(Spliterators.java:958)
	at java.base/java.util.stream.ReferencePipeline.forEachWithCancel(ReferencePipeline.java:129)
	at java.base/java.util.stream.AbstractPipeline.copyIntoWithCancel(AbstractPipeline.java:502)
	at java.base/java.util.stream.AbstractPipeline.copyInto(AbstractPipeline.java:488)
	at java.base/java.util.stream.AbstractPipeline.wrapAndCopyInto(AbstractPipeline.java:474)
	at java.base/java.util.stream.FindOps$FindOp.evaluateSequential(FindOps.java:150)
	at java.base/java.util.stream.AbstractPipeline.evaluate(AbstractPipeline.java:234)
	at java.base/java.util.stream.ReferencePipeline.findFirst(ReferencePipeline.java:647)
	at org.openqa.selenium.remote.ProtocolHandshake.createSession(ProtocolHandshake.java:128)
	at org.openqa.selenium.remote.ProtocolHandshake.createSession(ProtocolHandshake.java:74)
	at org.openqa.selenium.remote.HttpCommandExecutor.execute(HttpCommandExecutor.java:136)
	at org.openqa.selenium.remote.service.DriverCommandExecutor.execute(DriverCommandExecutor.java:83)
	at org.openqa.selenium.remote.RemoteWebDriver.execute(RemoteWebDriver.java:552)
	at org.openqa.selenium.remote.RemoteWebDriver.startSession(RemoteWebDriver.java:213)
	at org.openqa.selenium.remote.RemoteWebDriver.&lt;init&gt;(RemoteWebDriver.java:131)
	at org.openqa.selenium.chrome.ChromeDriver.&lt;init&gt;(ChromeDriver.java:181)
	at org.openqa.selenium.chrome.ChromeDriver.&lt;init&gt;(ChromeDriver.java:168)
	at org.openqa.selenium.chrome.ChromeDriver.&lt;init&gt;(ChromeDriver.java:123)
	at test.ContactUsTest.ContactUsTest.beforeTest(ContactUsTest.java:39)
	at java.base/jdk.internal.reflect.NativeMethodAccessorImpl.invoke0(Native Method)
	at java.base/jdk.internal.reflect.NativeMethodAccessorImpl.invoke(NativeMethodAccessorImpl.java:78)
	at java.base/jdk.internal.reflect.DelegatingMethodAccessorImpl.invoke(DelegatingMethodAccessorImpl.java:43)
	at java.base/java.lang.reflect.Method.invoke(Method.java:567)
	at org.testng.internal.MethodInvocationHelper.invokeMethod(MethodInvocationHelper.java:133)
	at org.testng.internal.MethodInvocationHelper.invokeMethodConsideringTimeout(MethodInvocationHelper.java:62)
	at org.testng.internal.ConfigInvoker.invokeConfigurationMethod(ConfigInvoker.java:385)
	at org.testng.internal.ConfigInvoker.invokeConfigurations(ConfigInvoker.java:321)
	at org.testng.TestRunner.invokeTestConfigurations(TestRunner.java:637)
	at org.testng.TestRunner.beforeRun(TestRunner.java:627)
	at org.testng.TestRunner.run(TestRunner.java:589)
	at org.testng.SuiteRunner.runTest(SuiteRunner.java:377)
	at org.testng.SuiteRunner.runSequentially(SuiteRunner.java:371)
	at org.testng.SuiteRunner.privateRun(SuiteRunner.java:332)
	at org.testng.SuiteRunner.run(SuiteRunner.java:276)
	at org.testng.SuiteRunnerWorker.runSuite(SuiteRunnerWorker.java:53)
	at org.testng.SuiteRunnerWorker.run(SuiteRunnerWorker.java:96)
	at org.testng.TestNG.runSuitesSequentially(TestNG.java:1212)
	at org.testng.TestNG.runSuitesLocally(TestNG.java:1134)
	at org.testng.TestNG.runSuites(TestNG.java:1063)
	at org.testng.TestNG.run(TestNG.java:1031)
	at org.testng.remote.AbstractRemoteTestNG.run(AbstractRemoteTestNG.java:115)
	at org.testng.remote.RemoteTestNG.initAndRun(RemoteTestNG.java:251)
	at org.testng.remote.RemoteTestNG.main(RemoteTestNG.java:77)
</pre></div></td>
<td>0</td>
<td>test.ContactUsTest.ContactUsTest@4b8ee4de</td></tr>
<tr>
<td title='test.adminfunctional.AdminPassword.changePasswordTwo()'><b>changePasswordTwo</b><br>Test class: test.adminfunctional.AdminPassword</td>
<td><div><pre>org.openqa.selenium.SessionNotCreatedException: session not created
from disconnected: received Inspector.detached event
  (Session info: chrome=93.0.4577.82)
Build info: version: &apos;3.141.59&apos;, revision: &apos;e82be7d358&apos;, time: &apos;2018-11-14T08:17:03&apos;
System info: host: &apos;ARPGL006256&apos;, ip: &apos;192.168.42.124&apos;, os.name: &apos;Windows 10&apos;, os.arch: &apos;amd64&apos;, os.version: &apos;10.0&apos;, java.version: &apos;16.0.2&apos;
Driver info: driver.version: ChromeDriver
remote stacktrace: Backtrace:
	Ordinal0 [0x00402A33+2501171]
	Ordinal0 [0x0039D1C1+2085313]
	Ordinal0 [0x002A1FA8+1056680]
	Ordinal0 [0x00295474+1004660]
	Ordinal0 [0x002950B6+1003702]
	Ordinal0 [0x002947FA+1001466]
	Ordinal0 [0x0029398D+997773]
	Ordinal0 [0x00293C46+998470]
	Ordinal0 [0x00293535+996661]
	Ordinal0 [0x0029E0C4+1040580]
	Ordinal0 [0x002934F1+996593]
	Ordinal0 [0x00294416+1000470]
	Ordinal0 [0x0029398D+997773]
	Ordinal0 [0x00293C46+998470]
	Ordinal0 [0x00293535+996661]
	Ordinal0 [0x0029C13A+1032506]
	Ordinal0 [0x002934F1+996593]
	Ordinal0 [0x00294416+1000470]
	Ordinal0 [0x0029398D+997773]
	Ordinal0 [0x00293C46+998470]
	Ordinal0 [0x00293535+996661]
	Ordinal0 [0x00299FC9+1023945]
	Ordinal0 [0x002934F1+996593]
	Ordinal0 [0x00294416+1000470]
	Ordinal0 [0x0029398D+997773]
	Ordinal0 [0x00293C46+998470]
	Ordinal0 [0x00293535+996661]
	Ordinal0 [0x002992EC+1020652]
	Ordinal0 [0x002934F1+996593]
	Ordinal0 [0x00294416+1000470]
	Ordinal0 [0x0029398D+997773]
	Ordinal0 [0x00293C46+998470]
	Ordinal0 [0x00293535+996661]
	Ordinal0 [0x0028F10D+979213]
	Ordinal0 [0x002934F1+996593]
	Ordinal0 [0x00293290+995984]
	Ordinal0 [0x00293029+995369]
	Ordinal0 [0x002A31C0+1061312]
	Ordinal0 [0x002EA93B+1354043]
	Ordinal0 [0x002E960A+1349130]
	Ordinal0 [0x002E551B+1332507]
	Ordinal0 [0x002C1D74+1187188]
	Ordinal0 [0x002C2BD9+1190873]
	GetHandleVerifier [0x0057EFE6+1504438]
	GetHandleVerifier [0x0062DDA5+2220661]
	GetHandleVerifier [0x00485589+481881]
	GetHandleVerifier [0x00484639+477961]
	Ordinal0 [0x003A28BD+2107581]
	Ordinal0 [0x003A6728+2123560]
	Ordinal0 [0x003A6862+2123874]
	Ordinal0 [0x003AFA81+2161281]
	BaseThreadInitThunk [0x7796FA29+25]
	RtlGetAppContainerNamedObjectPath [0x77DF7A7E+286]
	RtlGetAppContainerNamedObjectPath [0x77DF7A4E+238]

	at org.openqa.selenium.remote.W3CHandshakeResponse.lambda$errorHandler$0(W3CHandshakeResponse.java:62)
	at org.openqa.selenium.remote.HandshakeResponse.lambda$getResponseFunction$0(HandshakeResponse.java:30)
	at org.openqa.selenium.remote.ProtocolHandshake.lambda$createSession$0(ProtocolHandshake.java:126)
	at java.base/java.util.stream.ReferencePipeline$3$1.accept(ReferencePipeline.java:197)
	at java.base/java.util.Spliterators$ArraySpliterator.tryAdvance(Spliterators.java:958)
	at java.base/java.util.stream.ReferencePipeline.forEachWithCancel(ReferencePipeline.java:129)
	at java.base/java.util.stream.AbstractPipeline.copyIntoWithCancel(AbstractPipeline.java:502)
	at java.base/java.util.stream.AbstractPipeline.copyInto(AbstractPipeline.java:488)
	at java.base/java.util.stream.AbstractPipeline.wrapAndCopyInto(AbstractPipeline.java:474)
	at java.base/java.util.stream.FindOps$FindOp.evaluateSequential(FindOps.java:150)
	at java.base/java.util.stream.AbstractPipeline.evaluate(AbstractPipeline.java:234)
	at java.base/java.util.stream.ReferencePipeline.findFirst(ReferencePipeline.java:647)
	at org.openqa.selenium.remote.ProtocolHandshake.createSession(ProtocolHandshake.java:128)
	at org.openqa.selenium.remote.ProtocolHandshake.createSession(ProtocolHandshake.java:74)
	at org.openqa.selenium.remote.HttpCommandExecutor.execute(HttpCommandExecutor.java:136)
	at org.openqa.selenium.remote.service.DriverCommandExecutor.execute(DriverCommandExecutor.java:83)
	at org.openqa.selenium.remote.RemoteWebDriver.execute(RemoteWebDriver.java:552)
	at org.openqa.selenium.remote.RemoteWebDriver.startSession(RemoteWebDriver.java:213)
	at org.openqa.selenium.remote.RemoteWebDriver.&lt;init&gt;(RemoteWebDriver.java:131)
	at org.openqa.selenium.chrome.ChromeDriver.&lt;init&gt;(ChromeDriver.java:181)
	at org.openqa.selenium.chrome.ChromeDriver.&lt;init&gt;(ChromeDriver.java:168)
	at org.openqa.selenium.chrome.ChromeDriver.&lt;init&gt;(ChromeDriver.java:123)
	at test.ContactUsTest.ContactUsTest.beforeTest(ContactUsTest.java:39)
... Removed 29 stack frames</pre></div><a href='#' onClick='toggleBox("stack-trace1709700394", this, "Click to show all stack frames", "Click to hide stack frames")'>Click to show all stack frames</a>
<div class='stack-trace' id='stack-trace1709700394'><pre>org.openqa.selenium.SessionNotCreatedException: session not created
from disconnected: received Inspector.detached event
  (Session info: chrome=93.0.4577.82)
Build info: version: &apos;3.141.59&apos;, revision: &apos;e82be7d358&apos;, time: &apos;2018-11-14T08:17:03&apos;
System info: host: &apos;ARPGL006256&apos;, ip: &apos;192.168.42.124&apos;, os.name: &apos;Windows 10&apos;, os.arch: &apos;amd64&apos;, os.version: &apos;10.0&apos;, java.version: &apos;16.0.2&apos;
Driver info: driver.version: ChromeDriver
remote stacktrace: Backtrace:
	Ordinal0 [0x00402A33+2501171]
	Ordinal0 [0x0039D1C1+2085313]
	Ordinal0 [0x002A1FA8+1056680]
	Ordinal0 [0x00295474+1004660]
	Ordinal0 [0x002950B6+1003702]
	Ordinal0 [0x002947FA+1001466]
	Ordinal0 [0x0029398D+997773]
	Ordinal0 [0x00293C46+998470]
	Ordinal0 [0x00293535+996661]
	Ordinal0 [0x0029E0C4+1040580]
	Ordinal0 [0x002934F1+996593]
	Ordinal0 [0x00294416+1000470]
	Ordinal0 [0x0029398D+997773]
	Ordinal0 [0x00293C46+998470]
	Ordinal0 [0x00293535+996661]
	Ordinal0 [0x0029C13A+1032506]
	Ordinal0 [0x002934F1+996593]
	Ordinal0 [0x00294416+1000470]
	Ordinal0 [0x0029398D+997773]
	Ordinal0 [0x00293C46+998470]
	Ordinal0 [0x00293535+996661]
	Ordinal0 [0x00299FC9+1023945]
	Ordinal0 [0x002934F1+996593]
	Ordinal0 [0x00294416+1000470]
	Ordinal0 [0x0029398D+997773]
	Ordinal0 [0x00293C46+998470]
	Ordinal0 [0x00293535+996661]
	Ordinal0 [0x002992EC+1020652]
	Ordinal0 [0x002934F1+996593]
	Ordinal0 [0x00294416+1000470]
	Ordinal0 [0x0029398D+997773]
	Ordinal0 [0x00293C46+998470]
	Ordinal0 [0x00293535+996661]
	Ordinal0 [0x0028F10D+979213]
	Ordinal0 [0x002934F1+996593]
	Ordinal0 [0x00293290+995984]
	Ordinal0 [0x00293029+995369]
	Ordinal0 [0x002A31C0+1061312]
	Ordinal0 [0x002EA93B+1354043]
	Ordinal0 [0x002E960A+1349130]
	Ordinal0 [0x002E551B+1332507]
	Ordinal0 [0x002C1D74+1187188]
	Ordinal0 [0x002C2BD9+1190873]
	GetHandleVerifier [0x0057EFE6+1504438]
	GetHandleVerifier [0x0062DDA5+2220661]
	GetHandleVerifier [0x00485589+481881]
	GetHandleVerifier [0x00484639+477961]
	Ordinal0 [0x003A28BD+2107581]
	Ordinal0 [0x003A6728+2123560]
	Ordinal0 [0x003A6862+2123874]
	Ordinal0 [0x003AFA81+2161281]
	BaseThreadInitThunk [0x7796FA29+25]
	RtlGetAppContainerNamedObjectPath [0x77DF7A7E+286]
	RtlGetAppContainerNamedObjectPath [0x77DF7A4E+238]

	at java.base/jdk.internal.reflect.NativeConstructorAccessorImpl.newInstance0(Native Method)
	at java.base/jdk.internal.reflect.NativeConstructorAccessorImpl.newInstance(NativeConstructorAccessorImpl.java:78)
	at java.base/jdk.internal.reflect.DelegatingConstructorAccessorImpl.newInstance(DelegatingConstructorAccessorImpl.java:45)
	at java.base/java.lang.reflect.Constructor.newInstanceWithCaller(Constructor.java:499)
	at java.base/java.lang.reflect.Constructor.newInstance(Constructor.java:480)
	at org.openqa.selenium.remote.W3CHandshakeResponse.lambda$errorHandler$0(W3CHandshakeResponse.java:62)
	at org.openqa.selenium.remote.HandshakeResponse.lambda$getResponseFunction$0(HandshakeResponse.java:30)
	at org.openqa.selenium.remote.ProtocolHandshake.lambda$createSession$0(ProtocolHandshake.java:126)
	at java.base/java.util.stream.ReferencePipeline$3$1.accept(ReferencePipeline.java:197)
	at java.base/java.util.Spliterators$ArraySpliterator.tryAdvance(Spliterators.java:958)
	at java.base/java.util.stream.ReferencePipeline.forEachWithCancel(ReferencePipeline.java:129)
	at java.base/java.util.stream.AbstractPipeline.copyIntoWithCancel(AbstractPipeline.java:502)
	at java.base/java.util.stream.AbstractPipeline.copyInto(AbstractPipeline.java:488)
	at java.base/java.util.stream.AbstractPipeline.wrapAndCopyInto(AbstractPipeline.java:474)
	at java.base/java.util.stream.FindOps$FindOp.evaluateSequential(FindOps.java:150)
	at java.base/java.util.stream.AbstractPipeline.evaluate(AbstractPipeline.java:234)
	at java.base/java.util.stream.ReferencePipeline.findFirst(ReferencePipeline.java:647)
	at org.openqa.selenium.remote.ProtocolHandshake.createSession(ProtocolHandshake.java:128)
	at org.openqa.selenium.remote.ProtocolHandshake.createSession(ProtocolHandshake.java:74)
	at org.openqa.selenium.remote.HttpCommandExecutor.execute(HttpCommandExecutor.java:136)
	at org.openqa.selenium.remote.service.DriverCommandExecutor.execute(DriverCommandExecutor.java:83)
	at org.openqa.selenium.remote.RemoteWebDriver.execute(RemoteWebDriver.java:552)
	at org.openqa.selenium.remote.RemoteWebDriver.startSession(RemoteWebDriver.java:213)
	at org.openqa.selenium.remote.RemoteWebDriver.&lt;init&gt;(RemoteWebDriver.java:131)
	at org.openqa.selenium.chrome.ChromeDriver.&lt;init&gt;(ChromeDriver.java:181)
	at org.openqa.selenium.chrome.ChromeDriver.&lt;init&gt;(ChromeDriver.java:168)
	at org.openqa.selenium.chrome.ChromeDriver.&lt;init&gt;(ChromeDriver.java:123)
	at test.ContactUsTest.ContactUsTest.beforeTest(ContactUsTest.java:39)
	at java.base/jdk.internal.reflect.NativeMethodAccessorImpl.invoke0(Native Method)
	at java.base/jdk.internal.reflect.NativeMethodAccessorImpl.invoke(NativeMethodAccessorImpl.java:78)
	at java.base/jdk.internal.reflect.DelegatingMethodAccessorImpl.invoke(DelegatingMethodAccessorImpl.java:43)
	at java.base/java.lang.reflect.Method.invoke(Method.java:567)
	at org.testng.internal.MethodInvocationHelper.invokeMethod(MethodInvocationHelper.java:133)
	at org.testng.internal.MethodInvocationHelper.invokeMethodConsideringTimeout(MethodInvocationHelper.java:62)
	at org.testng.internal.ConfigInvoker.invokeConfigurationMethod(ConfigInvoker.java:385)
	at org.testng.internal.ConfigInvoker.invokeConfigurations(ConfigInvoker.java:321)
	at org.testng.TestRunner.invokeTestConfigurations(TestRunner.java:637)
	at org.testng.TestRunner.beforeRun(TestRunner.java:627)
	at org.testng.TestRunner.run(TestRunner.java:589)
	at org.testng.SuiteRunner.runTest(SuiteRunner.java:377)
	at org.testng.SuiteRunner.runSequentially(SuiteRunner.java:371)
	at org.testng.SuiteRunner.privateRun(SuiteRunner.java:332)
	at org.testng.SuiteRunner.run(SuiteRunner.java:276)
	at org.testng.SuiteRunnerWorker.runSuite(SuiteRunnerWorker.java:53)
	at org.testng.SuiteRunnerWorker.run(SuiteRunnerWorker.java:96)
	at org.testng.TestNG.runSuitesSequentially(TestNG.java:1212)
	at org.testng.TestNG.runSuitesLocally(TestNG.java:1134)
	at org.testng.TestNG.runSuites(TestNG.java:1063)
	at org.testng.TestNG.run(TestNG.java:1031)
	at org.testng.remote.AbstractRemoteTestNG.run(AbstractRemoteTestNG.java:115)
	at org.testng.remote.RemoteTestNG.initAndRun(RemoteTestNG.java:251)
	at org.testng.remote.RemoteTestNG.main(RemoteTestNG.java:77)
</pre></div></td>
<td>0</td>
<td>test.adminfunctional.AdminPassword@47d9a273</td></tr>
<tr>
<td title='test.carlistingTests.BookCarTests.bookCarTest()'><b>bookCarTest</b><br>Test class: test.carlistingTests.BookCarTests</td>
<td><div><pre>org.openqa.selenium.SessionNotCreatedException: session not created
from disconnected: received Inspector.detached event
  (Session info: chrome=93.0.4577.82)
Build info: version: &apos;3.141.59&apos;, revision: &apos;e82be7d358&apos;, time: &apos;2018-11-14T08:17:03&apos;
System info: host: &apos;ARPGL006256&apos;, ip: &apos;192.168.42.124&apos;, os.name: &apos;Windows 10&apos;, os.arch: &apos;amd64&apos;, os.version: &apos;10.0&apos;, java.version: &apos;16.0.2&apos;
Driver info: driver.version: ChromeDriver
remote stacktrace: Backtrace:
	Ordinal0 [0x00402A33+2501171]
	Ordinal0 [0x0039D1C1+2085313]
	Ordinal0 [0x002A1FA8+1056680]
	Ordinal0 [0x00295474+1004660]
	Ordinal0 [0x002950B6+1003702]
	Ordinal0 [0x002947FA+1001466]
	Ordinal0 [0x0029398D+997773]
	Ordinal0 [0x00293C46+998470]
	Ordinal0 [0x00293535+996661]
	Ordinal0 [0x0029E0C4+1040580]
	Ordinal0 [0x002934F1+996593]
	Ordinal0 [0x00294416+1000470]
	Ordinal0 [0x0029398D+997773]
	Ordinal0 [0x00293C46+998470]
	Ordinal0 [0x00293535+996661]
	Ordinal0 [0x0029C13A+1032506]
	Ordinal0 [0x002934F1+996593]
	Ordinal0 [0x00294416+1000470]
	Ordinal0 [0x0029398D+997773]
	Ordinal0 [0x00293C46+998470]
	Ordinal0 [0x00293535+996661]
	Ordinal0 [0x00299FC9+1023945]
	Ordinal0 [0x002934F1+996593]
	Ordinal0 [0x00294416+1000470]
	Ordinal0 [0x0029398D+997773]
	Ordinal0 [0x00293C46+998470]
	Ordinal0 [0x00293535+996661]
	Ordinal0 [0x002992EC+1020652]
	Ordinal0 [0x002934F1+996593]
	Ordinal0 [0x00294416+1000470]
	Ordinal0 [0x0029398D+997773]
	Ordinal0 [0x00293C46+998470]
	Ordinal0 [0x00293535+996661]
	Ordinal0 [0x0028F10D+979213]
	Ordinal0 [0x002934F1+996593]
	Ordinal0 [0x00293290+995984]
	Ordinal0 [0x00293029+995369]
	Ordinal0 [0x002A31C0+1061312]
	Ordinal0 [0x002EA93B+1354043]
	Ordinal0 [0x002E960A+1349130]
	Ordinal0 [0x002E551B+1332507]
	Ordinal0 [0x002C1D74+1187188]
	Ordinal0 [0x002C2BD9+1190873]
	GetHandleVerifier [0x0057EFE6+1504438]
	GetHandleVerifier [0x0062DDA5+2220661]
	GetHandleVerifier [0x00485589+481881]
	GetHandleVerifier [0x00484639+477961]
	Ordinal0 [0x003A28BD+2107581]
	Ordinal0 [0x003A6728+2123560]
	Ordinal0 [0x003A6862+2123874]
	Ordinal0 [0x003AFA81+2161281]
	BaseThreadInitThunk [0x7796FA29+25]
	RtlGetAppContainerNamedObjectPath [0x77DF7A7E+286]
	RtlGetAppContainerNamedObjectPath [0x77DF7A4E+238]

	at org.openqa.selenium.remote.W3CHandshakeResponse.lambda$errorHandler$0(W3CHandshakeResponse.java:62)
	at org.openqa.selenium.remote.HandshakeResponse.lambda$getResponseFunction$0(HandshakeResponse.java:30)
	at org.openqa.selenium.remote.ProtocolHandshake.lambda$createSession$0(ProtocolHandshake.java:126)
	at java.base/java.util.stream.ReferencePipeline$3$1.accept(ReferencePipeline.java:197)
	at java.base/java.util.Spliterators$ArraySpliterator.tryAdvance(Spliterators.java:958)
	at java.base/java.util.stream.ReferencePipeline.forEachWithCancel(ReferencePipeline.java:129)
	at java.base/java.util.stream.AbstractPipeline.copyIntoWithCancel(AbstractPipeline.java:502)
	at java.base/java.util.stream.AbstractPipeline.copyInto(AbstractPipeline.java:488)
	at java.base/java.util.stream.AbstractPipeline.wrapAndCopyInto(AbstractPipeline.java:474)
	at java.base/java.util.stream.FindOps$FindOp.evaluateSequential(FindOps.java:150)
	at java.base/java.util.stream.AbstractPipeline.evaluate(AbstractPipeline.java:234)
	at java.base/java.util.stream.ReferencePipeline.findFirst(ReferencePipeline.java:647)
	at org.openqa.selenium.remote.ProtocolHandshake.createSession(ProtocolHandshake.java:128)
	at org.openqa.selenium.remote.ProtocolHandshake.createSession(ProtocolHandshake.java:74)
	at org.openqa.selenium.remote.HttpCommandExecutor.execute(HttpCommandExecutor.java:136)
	at org.openqa.selenium.remote.service.DriverCommandExecutor.execute(DriverCommandExecutor.java:83)
	at org.openqa.selenium.remote.RemoteWebDriver.execute(RemoteWebDriver.java:552)
	at org.openqa.selenium.remote.RemoteWebDriver.startSession(RemoteWebDriver.java:213)
	at org.openqa.selenium.remote.RemoteWebDriver.&lt;init&gt;(RemoteWebDriver.java:131)
	at org.openqa.selenium.chrome.ChromeDriver.&lt;init&gt;(ChromeDriver.java:181)
	at org.openqa.selenium.chrome.ChromeDriver.&lt;init&gt;(ChromeDriver.java:168)
	at org.openqa.selenium.chrome.ChromeDriver.&lt;init&gt;(ChromeDriver.java:123)
	at test.ContactUsTest.ContactUsTest.beforeTest(ContactUsTest.java:39)
... Removed 29 stack frames</pre></div><a href='#' onClick='toggleBox("stack-trace2134915053", this, "Click to show all stack frames", "Click to hide stack frames")'>Click to show all stack frames</a>
<div class='stack-trace' id='stack-trace2134915053'><pre>org.openqa.selenium.SessionNotCreatedException: session not created
from disconnected: received Inspector.detached event
  (Session info: chrome=93.0.4577.82)
Build info: version: &apos;3.141.59&apos;, revision: &apos;e82be7d358&apos;, time: &apos;2018-11-14T08:17:03&apos;
System info: host: &apos;ARPGL006256&apos;, ip: &apos;192.168.42.124&apos;, os.name: &apos;Windows 10&apos;, os.arch: &apos;amd64&apos;, os.version: &apos;10.0&apos;, java.version: &apos;16.0.2&apos;
Driver info: driver.version: ChromeDriver
remote stacktrace: Backtrace:
	Ordinal0 [0x00402A33+2501171]
	Ordinal0 [0x0039D1C1+2085313]
	Ordinal0 [0x002A1FA8+1056680]
	Ordinal0 [0x00295474+1004660]
	Ordinal0 [0x002950B6+1003702]
	Ordinal0 [0x002947FA+1001466]
	Ordinal0 [0x0029398D+997773]
	Ordinal0 [0x00293C46+998470]
	Ordinal0 [0x00293535+996661]
	Ordinal0 [0x0029E0C4+1040580]
	Ordinal0 [0x002934F1+996593]
	Ordinal0 [0x00294416+1000470]
	Ordinal0 [0x0029398D+997773]
	Ordinal0 [0x00293C46+998470]
	Ordinal0 [0x00293535+996661]
	Ordinal0 [0x0029C13A+1032506]
	Ordinal0 [0x002934F1+996593]
	Ordinal0 [0x00294416+1000470]
	Ordinal0 [0x0029398D+997773]
	Ordinal0 [0x00293C46+998470]
	Ordinal0 [0x00293535+996661]
	Ordinal0 [0x00299FC9+1023945]
	Ordinal0 [0x002934F1+996593]
	Ordinal0 [0x00294416+1000470]
	Ordinal0 [0x0029398D+997773]
	Ordinal0 [0x00293C46+998470]
	Ordinal0 [0x00293535+996661]
	Ordinal0 [0x002992EC+1020652]
	Ordinal0 [0x002934F1+996593]
	Ordinal0 [0x00294416+1000470]
	Ordinal0 [0x0029398D+997773]
	Ordinal0 [0x00293C46+998470]
	Ordinal0 [0x00293535+996661]
	Ordinal0 [0x0028F10D+979213]
	Ordinal0 [0x002934F1+996593]
	Ordinal0 [0x00293290+995984]
	Ordinal0 [0x00293029+995369]
	Ordinal0 [0x002A31C0+1061312]
	Ordinal0 [0x002EA93B+1354043]
	Ordinal0 [0x002E960A+1349130]
	Ordinal0 [0x002E551B+1332507]
	Ordinal0 [0x002C1D74+1187188]
	Ordinal0 [0x002C2BD9+1190873]
	GetHandleVerifier [0x0057EFE6+1504438]
	GetHandleVerifier [0x0062DDA5+2220661]
	GetHandleVerifier [0x00485589+481881]
	GetHandleVerifier [0x00484639+477961]
	Ordinal0 [0x003A28BD+2107581]
	Ordinal0 [0x003A6728+2123560]
	Ordinal0 [0x003A6862+2123874]
	Ordinal0 [0x003AFA81+2161281]
	BaseThreadInitThunk [0x7796FA29+25]
	RtlGetAppContainerNamedObjectPath [0x77DF7A7E+286]
	RtlGetAppContainerNamedObjectPath [0x77DF7A4E+238]

	at java.base/jdk.internal.reflect.NativeConstructorAccessorImpl.newInstance0(Native Method)
	at java.base/jdk.internal.reflect.NativeConstructorAccessorImpl.newInstance(NativeConstructorAccessorImpl.java:78)
	at java.base/jdk.internal.reflect.DelegatingConstructorAccessorImpl.newInstance(DelegatingConstructorAccessorImpl.java:45)
	at java.base/java.lang.reflect.Constructor.newInstanceWithCaller(Constructor.java:499)
	at java.base/java.lang.reflect.Constructor.newInstance(Constructor.java:480)
	at org.openqa.selenium.remote.W3CHandshakeResponse.lambda$errorHandler$0(W3CHandshakeResponse.java:62)
	at org.openqa.selenium.remote.HandshakeResponse.lambda$getResponseFunction$0(HandshakeResponse.java:30)
	at org.openqa.selenium.remote.ProtocolHandshake.lambda$createSession$0(ProtocolHandshake.java:126)
	at java.base/java.util.stream.ReferencePipeline$3$1.accept(ReferencePipeline.java:197)
	at java.base/java.util.Spliterators$ArraySpliterator.tryAdvance(Spliterators.java:958)
	at java.base/java.util.stream.ReferencePipeline.forEachWithCancel(ReferencePipeline.java:129)
	at java.base/java.util.stream.AbstractPipeline.copyIntoWithCancel(AbstractPipeline.java:502)
	at java.base/java.util.stream.AbstractPipeline.copyInto(AbstractPipeline.java:488)
	at java.base/java.util.stream.AbstractPipeline.wrapAndCopyInto(AbstractPipeline.java:474)
	at java.base/java.util.stream.FindOps$FindOp.evaluateSequential(FindOps.java:150)
	at java.base/java.util.stream.AbstractPipeline.evaluate(AbstractPipeline.java:234)
	at java.base/java.util.stream.ReferencePipeline.findFirst(ReferencePipeline.java:647)
	at org.openqa.selenium.remote.ProtocolHandshake.createSession(ProtocolHandshake.java:128)
	at org.openqa.selenium.remote.ProtocolHandshake.createSession(ProtocolHandshake.java:74)
	at org.openqa.selenium.remote.HttpCommandExecutor.execute(HttpCommandExecutor.java:136)
	at org.openqa.selenium.remote.service.DriverCommandExecutor.execute(DriverCommandExecutor.java:83)
	at org.openqa.selenium.remote.RemoteWebDriver.execute(RemoteWebDriver.java:552)
	at org.openqa.selenium.remote.RemoteWebDriver.startSession(RemoteWebDriver.java:213)
	at org.openqa.selenium.remote.RemoteWebDriver.&lt;init&gt;(RemoteWebDriver.java:131)
	at org.openqa.selenium.chrome.ChromeDriver.&lt;init&gt;(ChromeDriver.java:181)
	at org.openqa.selenium.chrome.ChromeDriver.&lt;init&gt;(ChromeDriver.java:168)
	at org.openqa.selenium.chrome.ChromeDriver.&lt;init&gt;(ChromeDriver.java:123)
	at test.ContactUsTest.ContactUsTest.beforeTest(ContactUsTest.java:39)
	at java.base/jdk.internal.reflect.NativeMethodAccessorImpl.invoke0(Native Method)
	at java.base/jdk.internal.reflect.NativeMethodAccessorImpl.invoke(NativeMethodAccessorImpl.java:78)
	at java.base/jdk.internal.reflect.DelegatingMethodAccessorImpl.invoke(DelegatingMethodAccessorImpl.java:43)
	at java.base/java.lang.reflect.Method.invoke(Method.java:567)
	at org.testng.internal.MethodInvocationHelper.invokeMethod(MethodInvocationHelper.java:133)
	at org.testng.internal.MethodInvocationHelper.invokeMethodConsideringTimeout(MethodInvocationHelper.java:62)
	at org.testng.internal.ConfigInvoker.invokeConfigurationMethod(ConfigInvoker.java:385)
	at org.testng.internal.ConfigInvoker.invokeConfigurations(ConfigInvoker.java:321)
	at org.testng.TestRunner.invokeTestConfigurations(TestRunner.java:637)
	at org.testng.TestRunner.beforeRun(TestRunner.java:627)
	at org.testng.TestRunner.run(TestRunner.java:589)
	at org.testng.SuiteRunner.runTest(SuiteRunner.java:377)
	at org.testng.SuiteRunner.runSequentially(SuiteRunner.java:371)
	at org.testng.SuiteRunner.privateRun(SuiteRunner.java:332)
	at org.testng.SuiteRunner.run(SuiteRunner.java:276)
	at org.testng.SuiteRunnerWorker.runSuite(SuiteRunnerWorker.java:53)
	at org.testng.SuiteRunnerWorker.run(SuiteRunnerWorker.java:96)
	at org.testng.TestNG.runSuitesSequentially(TestNG.java:1212)
	at org.testng.TestNG.runSuitesLocally(TestNG.java:1134)
	at org.testng.TestNG.runSuites(TestNG.java:1063)
	at org.testng.TestNG.run(TestNG.java:1031)
	at org.testng.remote.AbstractRemoteTestNG.run(AbstractRemoteTestNG.java:115)
	at org.testng.remote.RemoteTestNG.initAndRun(RemoteTestNG.java:251)
	at org.testng.remote.RemoteTestNG.main(RemoteTestNG.java:77)
</pre></div></td>
<td>0</td>
<td>test.carlistingTests.BookCarTests@1151e434</td></tr>
<tr>
<td title='test.adminfunctional.AdminLogin.invalidLogin()'><b>invalidLogin</b><br>Test class: test.adminfunctional.AdminLogin</td>
<td><div><pre>org.openqa.selenium.SessionNotCreatedException: session not created
from disconnected: received Inspector.detached event
  (Session info: chrome=93.0.4577.82)
Build info: version: &apos;3.141.59&apos;, revision: &apos;e82be7d358&apos;, time: &apos;2018-11-14T08:17:03&apos;
System info: host: &apos;ARPGL006256&apos;, ip: &apos;192.168.42.124&apos;, os.name: &apos;Windows 10&apos;, os.arch: &apos;amd64&apos;, os.version: &apos;10.0&apos;, java.version: &apos;16.0.2&apos;
Driver info: driver.version: ChromeDriver
remote stacktrace: Backtrace:
	Ordinal0 [0x00402A33+2501171]
	Ordinal0 [0x0039D1C1+2085313]
	Ordinal0 [0x002A1FA8+1056680]
	Ordinal0 [0x00295474+1004660]
	Ordinal0 [0x002950B6+1003702]
	Ordinal0 [0x002947FA+1001466]
	Ordinal0 [0x0029398D+997773]
	Ordinal0 [0x00293C46+998470]
	Ordinal0 [0x00293535+996661]
	Ordinal0 [0x0029E0C4+1040580]
	Ordinal0 [0x002934F1+996593]
	Ordinal0 [0x00294416+1000470]
	Ordinal0 [0x0029398D+997773]
	Ordinal0 [0x00293C46+998470]
	Ordinal0 [0x00293535+996661]
	Ordinal0 [0x0029C13A+1032506]
	Ordinal0 [0x002934F1+996593]
	Ordinal0 [0x00294416+1000470]
	Ordinal0 [0x0029398D+997773]
	Ordinal0 [0x00293C46+998470]
	Ordinal0 [0x00293535+996661]
	Ordinal0 [0x00299FC9+1023945]
	Ordinal0 [0x002934F1+996593]
	Ordinal0 [0x00294416+1000470]
	Ordinal0 [0x0029398D+997773]
	Ordinal0 [0x00293C46+998470]
	Ordinal0 [0x00293535+996661]
	Ordinal0 [0x002992EC+1020652]
	Ordinal0 [0x002934F1+996593]
	Ordinal0 [0x00294416+1000470]
	Ordinal0 [0x0029398D+997773]
	Ordinal0 [0x00293C46+998470]
	Ordinal0 [0x00293535+996661]
	Ordinal0 [0x0028F10D+979213]
	Ordinal0 [0x002934F1+996593]
	Ordinal0 [0x00293290+995984]
	Ordinal0 [0x00293029+995369]
	Ordinal0 [0x002A31C0+1061312]
	Ordinal0 [0x002EA93B+1354043]
	Ordinal0 [0x002E960A+1349130]
	Ordinal0 [0x002E551B+1332507]
	Ordinal0 [0x002C1D74+1187188]
	Ordinal0 [0x002C2BD9+1190873]
	GetHandleVerifier [0x0057EFE6+1504438]
	GetHandleVerifier [0x0062DDA5+2220661]
	GetHandleVerifier [0x00485589+481881]
	GetHandleVerifier [0x00484639+477961]
	Ordinal0 [0x003A28BD+2107581]
	Ordinal0 [0x003A6728+2123560]
	Ordinal0 [0x003A6862+2123874]
	Ordinal0 [0x003AFA81+2161281]
	BaseThreadInitThunk [0x7796FA29+25]
	RtlGetAppContainerNamedObjectPath [0x77DF7A7E+286]
	RtlGetAppContainerNamedObjectPath [0x77DF7A4E+238]

	at org.openqa.selenium.remote.W3CHandshakeResponse.lambda$errorHandler$0(W3CHandshakeResponse.java:62)
	at org.openqa.selenium.remote.HandshakeResponse.lambda$getResponseFunction$0(HandshakeResponse.java:30)
	at org.openqa.selenium.remote.ProtocolHandshake.lambda$createSession$0(ProtocolHandshake.java:126)
	at java.base/java.util.stream.ReferencePipeline$3$1.accept(ReferencePipeline.java:197)
	at java.base/java.util.Spliterators$ArraySpliterator.tryAdvance(Spliterators.java:958)
	at java.base/java.util.stream.ReferencePipeline.forEachWithCancel(ReferencePipeline.java:129)
	at java.base/java.util.stream.AbstractPipeline.copyIntoWithCancel(AbstractPipeline.java:502)
	at java.base/java.util.stream.AbstractPipeline.copyInto(AbstractPipeline.java:488)
	at java.base/java.util.stream.AbstractPipeline.wrapAndCopyInto(AbstractPipeline.java:474)
	at java.base/java.util.stream.FindOps$FindOp.evaluateSequential(FindOps.java:150)
	at java.base/java.util.stream.AbstractPipeline.evaluate(AbstractPipeline.java:234)
	at java.base/java.util.stream.ReferencePipeline.findFirst(ReferencePipeline.java:647)
	at org.openqa.selenium.remote.ProtocolHandshake.createSession(ProtocolHandshake.java:128)
	at org.openqa.selenium.remote.ProtocolHandshake.createSession(ProtocolHandshake.java:74)
	at org.openqa.selenium.remote.HttpCommandExecutor.execute(HttpCommandExecutor.java:136)
	at org.openqa.selenium.remote.service.DriverCommandExecutor.execute(DriverCommandExecutor.java:83)
	at org.openqa.selenium.remote.RemoteWebDriver.execute(RemoteWebDriver.java:552)
	at org.openqa.selenium.remote.RemoteWebDriver.startSession(RemoteWebDriver.java:213)
	at org.openqa.selenium.remote.RemoteWebDriver.&lt;init&gt;(RemoteWebDriver.java:131)
	at org.openqa.selenium.chrome.ChromeDriver.&lt;init&gt;(ChromeDriver.java:181)
	at org.openqa.selenium.chrome.ChromeDriver.&lt;init&gt;(ChromeDriver.java:168)
	at org.openqa.selenium.chrome.ChromeDriver.&lt;init&gt;(ChromeDriver.java:123)
	at test.ContactUsTest.ContactUsTest.beforeTest(ContactUsTest.java:39)
... Removed 29 stack frames</pre></div><a href='#' onClick='toggleBox("stack-trace2024945312", this, "Click to show all stack frames", "Click to hide stack frames")'>Click to show all stack frames</a>
<div class='stack-trace' id='stack-trace2024945312'><pre>org.openqa.selenium.SessionNotCreatedException: session not created
from disconnected: received Inspector.detached event
  (Session info: chrome=93.0.4577.82)
Build info: version: &apos;3.141.59&apos;, revision: &apos;e82be7d358&apos;, time: &apos;2018-11-14T08:17:03&apos;
System info: host: &apos;ARPGL006256&apos;, ip: &apos;192.168.42.124&apos;, os.name: &apos;Windows 10&apos;, os.arch: &apos;amd64&apos;, os.version: &apos;10.0&apos;, java.version: &apos;16.0.2&apos;
Driver info: driver.version: ChromeDriver
remote stacktrace: Backtrace:
	Ordinal0 [0x00402A33+2501171]
	Ordinal0 [0x0039D1C1+2085313]
	Ordinal0 [0x002A1FA8+1056680]
	Ordinal0 [0x00295474+1004660]
	Ordinal0 [0x002950B6+1003702]
	Ordinal0 [0x002947FA+1001466]
	Ordinal0 [0x0029398D+997773]
	Ordinal0 [0x00293C46+998470]
	Ordinal0 [0x00293535+996661]
	Ordinal0 [0x0029E0C4+1040580]
	Ordinal0 [0x002934F1+996593]
	Ordinal0 [0x00294416+1000470]
	Ordinal0 [0x0029398D+997773]
	Ordinal0 [0x00293C46+998470]
	Ordinal0 [0x00293535+996661]
	Ordinal0 [0x0029C13A+1032506]
	Ordinal0 [0x002934F1+996593]
	Ordinal0 [0x00294416+1000470]
	Ordinal0 [0x0029398D+997773]
	Ordinal0 [0x00293C46+998470]
	Ordinal0 [0x00293535+996661]
	Ordinal0 [0x00299FC9+1023945]
	Ordinal0 [0x002934F1+996593]
	Ordinal0 [0x00294416+1000470]
	Ordinal0 [0x0029398D+997773]
	Ordinal0 [0x00293C46+998470]
	Ordinal0 [0x00293535+996661]
	Ordinal0 [0x002992EC+1020652]
	Ordinal0 [0x002934F1+996593]
	Ordinal0 [0x00294416+1000470]
	Ordinal0 [0x0029398D+997773]
	Ordinal0 [0x00293C46+998470]
	Ordinal0 [0x00293535+996661]
	Ordinal0 [0x0028F10D+979213]
	Ordinal0 [0x002934F1+996593]
	Ordinal0 [0x00293290+995984]
	Ordinal0 [0x00293029+995369]
	Ordinal0 [0x002A31C0+1061312]
	Ordinal0 [0x002EA93B+1354043]
	Ordinal0 [0x002E960A+1349130]
	Ordinal0 [0x002E551B+1332507]
	Ordinal0 [0x002C1D74+1187188]
	Ordinal0 [0x002C2BD9+1190873]
	GetHandleVerifier [0x0057EFE6+1504438]
	GetHandleVerifier [0x0062DDA5+2220661]
	GetHandleVerifier [0x00485589+481881]
	GetHandleVerifier [0x00484639+477961]
	Ordinal0 [0x003A28BD+2107581]
	Ordinal0 [0x003A6728+2123560]
	Ordinal0 [0x003A6862+2123874]
	Ordinal0 [0x003AFA81+2161281]
	BaseThreadInitThunk [0x7796FA29+25]
	RtlGetAppContainerNamedObjectPath [0x77DF7A7E+286]
	RtlGetAppContainerNamedObjectPath [0x77DF7A4E+238]

	at java.base/jdk.internal.reflect.NativeConstructorAccessorImpl.newInstance0(Native Method)
	at java.base/jdk.internal.reflect.NativeConstructorAccessorImpl.newInstance(NativeConstructorAccessorImpl.java:78)
	at java.base/jdk.internal.reflect.DelegatingConstructorAccessorImpl.newInstance(DelegatingConstructorAccessorImpl.java:45)
	at java.base/java.lang.reflect.Constructor.newInstanceWithCaller(Constructor.java:499)
	at java.base/java.lang.reflect.Constructor.newInstance(Constructor.java:480)
	at org.openqa.selenium.remote.W3CHandshakeResponse.lambda$errorHandler$0(W3CHandshakeResponse.java:62)
	at org.openqa.selenium.remote.HandshakeResponse.lambda$getResponseFunction$0(HandshakeResponse.java:30)
	at org.openqa.selenium.remote.ProtocolHandshake.lambda$createSession$0(ProtocolHandshake.java:126)
	at java.base/java.util.stream.ReferencePipeline$3$1.accept(ReferencePipeline.java:197)
	at java.base/java.util.Spliterators$ArraySpliterator.tryAdvance(Spliterators.java:958)
	at java.base/java.util.stream.ReferencePipeline.forEachWithCancel(ReferencePipeline.java:129)
	at java.base/java.util.stream.AbstractPipeline.copyIntoWithCancel(AbstractPipeline.java:502)
	at java.base/java.util.stream.AbstractPipeline.copyInto(AbstractPipeline.java:488)
	at java.base/java.util.stream.AbstractPipeline.wrapAndCopyInto(AbstractPipeline.java:474)
	at java.base/java.util.stream.FindOps$FindOp.evaluateSequential(FindOps.java:150)
	at java.base/java.util.stream.AbstractPipeline.evaluate(AbstractPipeline.java:234)
	at java.base/java.util.stream.ReferencePipeline.findFirst(ReferencePipeline.java:647)
	at org.openqa.selenium.remote.ProtocolHandshake.createSession(ProtocolHandshake.java:128)
	at org.openqa.selenium.remote.ProtocolHandshake.createSession(ProtocolHandshake.java:74)
	at org.openqa.selenium.remote.HttpCommandExecutor.execute(HttpCommandExecutor.java:136)
	at org.openqa.selenium.remote.service.DriverCommandExecutor.execute(DriverCommandExecutor.java:83)
	at org.openqa.selenium.remote.RemoteWebDriver.execute(RemoteWebDriver.java:552)
	at org.openqa.selenium.remote.RemoteWebDriver.startSession(RemoteWebDriver.java:213)
	at org.openqa.selenium.remote.RemoteWebDriver.&lt;init&gt;(RemoteWebDriver.java:131)
	at org.openqa.selenium.chrome.ChromeDriver.&lt;init&gt;(ChromeDriver.java:181)
	at org.openqa.selenium.chrome.ChromeDriver.&lt;init&gt;(ChromeDriver.java:168)
	at org.openqa.selenium.chrome.ChromeDriver.&lt;init&gt;(ChromeDriver.java:123)
	at test.ContactUsTest.ContactUsTest.beforeTest(ContactUsTest.java:39)
	at java.base/jdk.internal.reflect.NativeMethodAccessorImpl.invoke0(Native Method)
	at java.base/jdk.internal.reflect.NativeMethodAccessorImpl.invoke(NativeMethodAccessorImpl.java:78)
	at java.base/jdk.internal.reflect.DelegatingMethodAccessorImpl.invoke(DelegatingMethodAccessorImpl.java:43)
	at java.base/java.lang.reflect.Method.invoke(Method.java:567)
	at org.testng.internal.MethodInvocationHelper.invokeMethod(MethodInvocationHelper.java:133)
	at org.testng.internal.MethodInvocationHelper.invokeMethodConsideringTimeout(MethodInvocationHelper.java:62)
	at org.testng.internal.ConfigInvoker.invokeConfigurationMethod(ConfigInvoker.java:385)
	at org.testng.internal.ConfigInvoker.invokeConfigurations(ConfigInvoker.java:321)
	at org.testng.TestRunner.invokeTestConfigurations(TestRunner.java:637)
	at org.testng.TestRunner.beforeRun(TestRunner.java:627)
	at org.testng.TestRunner.run(TestRunner.java:589)
	at org.testng.SuiteRunner.runTest(SuiteRunner.java:377)
	at org.testng.SuiteRunner.runSequentially(SuiteRunner.java:371)
	at org.testng.SuiteRunner.privateRun(SuiteRunner.java:332)
	at org.testng.SuiteRunner.run(SuiteRunner.java:276)
	at org.testng.SuiteRunnerWorker.runSuite(SuiteRunnerWorker.java:53)
	at org.testng.SuiteRunnerWorker.run(SuiteRunnerWorker.java:96)
	at org.testng.TestNG.runSuitesSequentially(TestNG.java:1212)
	at org.testng.TestNG.runSuitesLocally(TestNG.java:1134)
	at org.testng.TestNG.runSuites(TestNG.java:1063)
	at org.testng.TestNG.run(TestNG.java:1031)
	at org.testng.remote.AbstractRemoteTestNG.run(AbstractRemoteTestNG.java:115)
	at org.testng.remote.RemoteTestNG.initAndRun(RemoteTestNG.java:251)
	at org.testng.remote.RemoteTestNG.main(RemoteTestNG.java:77)
</pre></div></td>
<td>0</td>
<td>test.adminfunctional.AdminLogin@61001b64</td></tr>
<tr>
<td title='test.carlistingTests.FetchCarTest.fetchCarTest()'><b>fetchCarTest</b><br>Test class: test.carlistingTests.FetchCarTest</td>
<td><div><pre>org.openqa.selenium.SessionNotCreatedException: session not created
from disconnected: received Inspector.detached event
  (Session info: chrome=93.0.4577.82)
Build info: version: &apos;3.141.59&apos;, revision: &apos;e82be7d358&apos;, time: &apos;2018-11-14T08:17:03&apos;
System info: host: &apos;ARPGL006256&apos;, ip: &apos;192.168.42.124&apos;, os.name: &apos;Windows 10&apos;, os.arch: &apos;amd64&apos;, os.version: &apos;10.0&apos;, java.version: &apos;16.0.2&apos;
Driver info: driver.version: ChromeDriver
remote stacktrace: Backtrace:
	Ordinal0 [0x00402A33+2501171]
	Ordinal0 [0x0039D1C1+2085313]
	Ordinal0 [0x002A1FA8+1056680]
	Ordinal0 [0x00295474+1004660]
	Ordinal0 [0x002950B6+1003702]
	Ordinal0 [0x002947FA+1001466]
	Ordinal0 [0x0029398D+997773]
	Ordinal0 [0x00293C46+998470]
	Ordinal0 [0x00293535+996661]
	Ordinal0 [0x0029E0C4+1040580]
	Ordinal0 [0x002934F1+996593]
	Ordinal0 [0x00294416+1000470]
	Ordinal0 [0x0029398D+997773]
	Ordinal0 [0x00293C46+998470]
	Ordinal0 [0x00293535+996661]
	Ordinal0 [0x0029C13A+1032506]
	Ordinal0 [0x002934F1+996593]
	Ordinal0 [0x00294416+1000470]
	Ordinal0 [0x0029398D+997773]
	Ordinal0 [0x00293C46+998470]
	Ordinal0 [0x00293535+996661]
	Ordinal0 [0x00299FC9+1023945]
	Ordinal0 [0x002934F1+996593]
	Ordinal0 [0x00294416+1000470]
	Ordinal0 [0x0029398D+997773]
	Ordinal0 [0x00293C46+998470]
	Ordinal0 [0x00293535+996661]
	Ordinal0 [0x002992EC+1020652]
	Ordinal0 [0x002934F1+996593]
	Ordinal0 [0x00294416+1000470]
	Ordinal0 [0x0029398D+997773]
	Ordinal0 [0x00293C46+998470]
	Ordinal0 [0x00293535+996661]
	Ordinal0 [0x0028F10D+979213]
	Ordinal0 [0x002934F1+996593]
	Ordinal0 [0x00293290+995984]
	Ordinal0 [0x00293029+995369]
	Ordinal0 [0x002A31C0+1061312]
	Ordinal0 [0x002EA93B+1354043]
	Ordinal0 [0x002E960A+1349130]
	Ordinal0 [0x002E551B+1332507]
	Ordinal0 [0x002C1D74+1187188]
	Ordinal0 [0x002C2BD9+1190873]
	GetHandleVerifier [0x0057EFE6+1504438]
	GetHandleVerifier [0x0062DDA5+2220661]
	GetHandleVerifier [0x00485589+481881]
	GetHandleVerifier [0x00484639+477961]
	Ordinal0 [0x003A28BD+2107581]
	Ordinal0 [0x003A6728+2123560]
	Ordinal0 [0x003A6862+2123874]
	Ordinal0 [0x003AFA81+2161281]
	BaseThreadInitThunk [0x7796FA29+25]
	RtlGetAppContainerNamedObjectPath [0x77DF7A7E+286]
	RtlGetAppContainerNamedObjectPath [0x77DF7A4E+238]

	at org.openqa.selenium.remote.W3CHandshakeResponse.lambda$errorHandler$0(W3CHandshakeResponse.java:62)
	at org.openqa.selenium.remote.HandshakeResponse.lambda$getResponseFunction$0(HandshakeResponse.java:30)
	at org.openqa.selenium.remote.ProtocolHandshake.lambda$createSession$0(ProtocolHandshake.java:126)
	at java.base/java.util.stream.ReferencePipeline$3$1.accept(ReferencePipeline.java:197)
	at java.base/java.util.Spliterators$ArraySpliterator.tryAdvance(Spliterators.java:958)
	at java.base/java.util.stream.ReferencePipeline.forEachWithCancel(ReferencePipeline.java:129)
	at java.base/java.util.stream.AbstractPipeline.copyIntoWithCancel(AbstractPipeline.java:502)
	at java.base/java.util.stream.AbstractPipeline.copyInto(AbstractPipeline.java:488)
	at java.base/java.util.stream.AbstractPipeline.wrapAndCopyInto(AbstractPipeline.java:474)
	at java.base/java.util.stream.FindOps$FindOp.evaluateSequential(FindOps.java:150)
	at java.base/java.util.stream.AbstractPipeline.evaluate(AbstractPipeline.java:234)
	at java.base/java.util.stream.ReferencePipeline.findFirst(ReferencePipeline.java:647)
	at org.openqa.selenium.remote.ProtocolHandshake.createSession(ProtocolHandshake.java:128)
	at org.openqa.selenium.remote.ProtocolHandshake.createSession(ProtocolHandshake.java:74)
	at org.openqa.selenium.remote.HttpCommandExecutor.execute(HttpCommandExecutor.java:136)
	at org.openqa.selenium.remote.service.DriverCommandExecutor.execute(DriverCommandExecutor.java:83)
	at org.openqa.selenium.remote.RemoteWebDriver.execute(RemoteWebDriver.java:552)
	at org.openqa.selenium.remote.RemoteWebDriver.startSession(RemoteWebDriver.java:213)
	at org.openqa.selenium.remote.RemoteWebDriver.&lt;init&gt;(RemoteWebDriver.java:131)
	at org.openqa.selenium.chrome.ChromeDriver.&lt;init&gt;(ChromeDriver.java:181)
	at org.openqa.selenium.chrome.ChromeDriver.&lt;init&gt;(ChromeDriver.java:168)
	at org.openqa.selenium.chrome.ChromeDriver.&lt;init&gt;(ChromeDriver.java:123)
	at test.ContactUsTest.ContactUsTest.beforeTest(ContactUsTest.java:39)
... Removed 29 stack frames</pre></div><a href='#' onClick='toggleBox("stack-trace1647402786", this, "Click to show all stack frames", "Click to hide stack frames")'>Click to show all stack frames</a>
<div class='stack-trace' id='stack-trace1647402786'><pre>org.openqa.selenium.SessionNotCreatedException: session not created
from disconnected: received Inspector.detached event
  (Session info: chrome=93.0.4577.82)
Build info: version: &apos;3.141.59&apos;, revision: &apos;e82be7d358&apos;, time: &apos;2018-11-14T08:17:03&apos;
System info: host: &apos;ARPGL006256&apos;, ip: &apos;192.168.42.124&apos;, os.name: &apos;Windows 10&apos;, os.arch: &apos;amd64&apos;, os.version: &apos;10.0&apos;, java.version: &apos;16.0.2&apos;
Driver info: driver.version: ChromeDriver
remote stacktrace: Backtrace:
	Ordinal0 [0x00402A33+2501171]
	Ordinal0 [0x0039D1C1+2085313]
	Ordinal0 [0x002A1FA8+1056680]
	Ordinal0 [0x00295474+1004660]
	Ordinal0 [0x002950B6+1003702]
	Ordinal0 [0x002947FA+1001466]
	Ordinal0 [0x0029398D+997773]
	Ordinal0 [0x00293C46+998470]
	Ordinal0 [0x00293535+996661]
	Ordinal0 [0x0029E0C4+1040580]
	Ordinal0 [0x002934F1+996593]
	Ordinal0 [0x00294416+1000470]
	Ordinal0 [0x0029398D+997773]
	Ordinal0 [0x00293C46+998470]
	Ordinal0 [0x00293535+996661]
	Ordinal0 [0x0029C13A+1032506]
	Ordinal0 [0x002934F1+996593]
	Ordinal0 [0x00294416+1000470]
	Ordinal0 [0x0029398D+997773]
	Ordinal0 [0x00293C46+998470]
	Ordinal0 [0x00293535+996661]
	Ordinal0 [0x00299FC9+1023945]
	Ordinal0 [0x002934F1+996593]
	Ordinal0 [0x00294416+1000470]
	Ordinal0 [0x0029398D+997773]
	Ordinal0 [0x00293C46+998470]
	Ordinal0 [0x00293535+996661]
	Ordinal0 [0x002992EC+1020652]
	Ordinal0 [0x002934F1+996593]
	Ordinal0 [0x00294416+1000470]
	Ordinal0 [0x0029398D+997773]
	Ordinal0 [0x00293C46+998470]
	Ordinal0 [0x00293535+996661]
	Ordinal0 [0x0028F10D+979213]
	Ordinal0 [0x002934F1+996593]
	Ordinal0 [0x00293290+995984]
	Ordinal0 [0x00293029+995369]
	Ordinal0 [0x002A31C0+1061312]
	Ordinal0 [0x002EA93B+1354043]
	Ordinal0 [0x002E960A+1349130]
	Ordinal0 [0x002E551B+1332507]
	Ordinal0 [0x002C1D74+1187188]
	Ordinal0 [0x002C2BD9+1190873]
	GetHandleVerifier [0x0057EFE6+1504438]
	GetHandleVerifier [0x0062DDA5+2220661]
	GetHandleVerifier [0x00485589+481881]
	GetHandleVerifier [0x00484639+477961]
	Ordinal0 [0x003A28BD+2107581]
	Ordinal0 [0x003A6728+2123560]
	Ordinal0 [0x003A6862+2123874]
	Ordinal0 [0x003AFA81+2161281]
	BaseThreadInitThunk [0x7796FA29+25]
	RtlGetAppContainerNamedObjectPath [0x77DF7A7E+286]
	RtlGetAppContainerNamedObjectPath [0x77DF7A4E+238]

	at java.base/jdk.internal.reflect.NativeConstructorAccessorImpl.newInstance0(Native Method)
	at java.base/jdk.internal.reflect.NativeConstructorAccessorImpl.newInstance(NativeConstructorAccessorImpl.java:78)
	at java.base/jdk.internal.reflect.DelegatingConstructorAccessorImpl.newInstance(DelegatingConstructorAccessorImpl.java:45)
	at java.base/java.lang.reflect.Constructor.newInstanceWithCaller(Constructor.java:499)
	at java.base/java.lang.reflect.Constructor.newInstance(Constructor.java:480)
	at org.openqa.selenium.remote.W3CHandshakeResponse.lambda$errorHandler$0(W3CHandshakeResponse.java:62)
	at org.openqa.selenium.remote.HandshakeResponse.lambda$getResponseFunction$0(HandshakeResponse.java:30)
	at org.openqa.selenium.remote.ProtocolHandshake.lambda$createSession$0(ProtocolHandshake.java:126)
	at java.base/java.util.stream.ReferencePipeline$3$1.accept(ReferencePipeline.java:197)
	at java.base/java.util.Spliterators$ArraySpliterator.tryAdvance(Spliterators.java:958)
	at java.base/java.util.stream.ReferencePipeline.forEachWithCancel(ReferencePipeline.java:129)
	at java.base/java.util.stream.AbstractPipeline.copyIntoWithCancel(AbstractPipeline.java:502)
	at java.base/java.util.stream.AbstractPipeline.copyInto(AbstractPipeline.java:488)
	at java.base/java.util.stream.AbstractPipeline.wrapAndCopyInto(AbstractPipeline.java:474)
	at java.base/java.util.stream.FindOps$FindOp.evaluateSequential(FindOps.java:150)
	at java.base/java.util.stream.AbstractPipeline.evaluate(AbstractPipeline.java:234)
	at java.base/java.util.stream.ReferencePipeline.findFirst(ReferencePipeline.java:647)
	at org.openqa.selenium.remote.ProtocolHandshake.createSession(ProtocolHandshake.java:128)
	at org.openqa.selenium.remote.ProtocolHandshake.createSession(ProtocolHandshake.java:74)
	at org.openqa.selenium.remote.HttpCommandExecutor.execute(HttpCommandExecutor.java:136)
	at org.openqa.selenium.remote.service.DriverCommandExecutor.execute(DriverCommandExecutor.java:83)
	at org.openqa.selenium.remote.RemoteWebDriver.execute(RemoteWebDriver.java:552)
	at org.openqa.selenium.remote.RemoteWebDriver.startSession(RemoteWebDriver.java:213)
	at org.openqa.selenium.remote.RemoteWebDriver.&lt;init&gt;(RemoteWebDriver.java:131)
	at org.openqa.selenium.chrome.ChromeDriver.&lt;init&gt;(ChromeDriver.java:181)
	at org.openqa.selenium.chrome.ChromeDriver.&lt;init&gt;(ChromeDriver.java:168)
	at org.openqa.selenium.chrome.ChromeDriver.&lt;init&gt;(ChromeDriver.java:123)
	at test.ContactUsTest.ContactUsTest.beforeTest(ContactUsTest.java:39)
	at java.base/jdk.internal.reflect.NativeMethodAccessorImpl.invoke0(Native Method)
	at java.base/jdk.internal.reflect.NativeMethodAccessorImpl.invoke(NativeMethodAccessorImpl.java:78)
	at java.base/jdk.internal.reflect.DelegatingMethodAccessorImpl.invoke(DelegatingMethodAccessorImpl.java:43)
	at java.base/java.lang.reflect.Method.invoke(Method.java:567)
	at org.testng.internal.MethodInvocationHelper.invokeMethod(MethodInvocationHelper.java:133)
	at org.testng.internal.MethodInvocationHelper.invokeMethodConsideringTimeout(MethodInvocationHelper.java:62)
	at org.testng.internal.ConfigInvoker.invokeConfigurationMethod(ConfigInvoker.java:385)
	at org.testng.internal.ConfigInvoker.invokeConfigurations(ConfigInvoker.java:321)
	at org.testng.TestRunner.invokeTestConfigurations(TestRunner.java:637)
	at org.testng.TestRunner.beforeRun(TestRunner.java:627)
	at org.testng.TestRunner.run(TestRunner.java:589)
	at org.testng.SuiteRunner.runTest(SuiteRunner.java:377)
	at org.testng.SuiteRunner.runSequentially(SuiteRunner.java:371)
	at org.testng.SuiteRunner.privateRun(SuiteRunner.java:332)
	at org.testng.SuiteRunner.run(SuiteRunner.java:276)
	at org.testng.SuiteRunnerWorker.runSuite(SuiteRunnerWorker.java:53)
	at org.testng.SuiteRunnerWorker.run(SuiteRunnerWorker.java:96)
	at org.testng.TestNG.runSuitesSequentially(TestNG.java:1212)
	at org.testng.TestNG.runSuitesLocally(TestNG.java:1134)
	at org.testng.TestNG.runSuites(TestNG.java:1063)
	at org.testng.TestNG.run(TestNG.java:1031)
	at org.testng.remote.AbstractRemoteTestNG.run(AbstractRemoteTestNG.java:115)
	at org.testng.remote.RemoteTestNG.initAndRun(RemoteTestNG.java:251)
	at org.testng.remote.RemoteTestNG.main(RemoteTestNG.java:77)
</pre></div></td>
<td>0</td>
<td>test.carlistingTests.FetchCarTest@1b11171f</td></tr>
<tr>
<td title='test.usersignup.ForgotPassword.changePasswordOne()'><b>changePasswordOne</b><br>Test class: test.usersignup.ForgotPassword</td>
<td><div><pre>org.openqa.selenium.SessionNotCreatedException: session not created
from disconnected: received Inspector.detached event
  (Session info: chrome=93.0.4577.82)
Build info: version: &apos;3.141.59&apos;, revision: &apos;e82be7d358&apos;, time: &apos;2018-11-14T08:17:03&apos;
System info: host: &apos;ARPGL006256&apos;, ip: &apos;192.168.42.124&apos;, os.name: &apos;Windows 10&apos;, os.arch: &apos;amd64&apos;, os.version: &apos;10.0&apos;, java.version: &apos;16.0.2&apos;
Driver info: driver.version: ChromeDriver
remote stacktrace: Backtrace:
	Ordinal0 [0x00402A33+2501171]
	Ordinal0 [0x0039D1C1+2085313]
	Ordinal0 [0x002A1FA8+1056680]
	Ordinal0 [0x00295474+1004660]
	Ordinal0 [0x002950B6+1003702]
	Ordinal0 [0x002947FA+1001466]
	Ordinal0 [0x0029398D+997773]
	Ordinal0 [0x00293C46+998470]
	Ordinal0 [0x00293535+996661]
	Ordinal0 [0x0029E0C4+1040580]
	Ordinal0 [0x002934F1+996593]
	Ordinal0 [0x00294416+1000470]
	Ordinal0 [0x0029398D+997773]
	Ordinal0 [0x00293C46+998470]
	Ordinal0 [0x00293535+996661]
	Ordinal0 [0x0029C13A+1032506]
	Ordinal0 [0x002934F1+996593]
	Ordinal0 [0x00294416+1000470]
	Ordinal0 [0x0029398D+997773]
	Ordinal0 [0x00293C46+998470]
	Ordinal0 [0x00293535+996661]
	Ordinal0 [0x00299FC9+1023945]
	Ordinal0 [0x002934F1+996593]
	Ordinal0 [0x00294416+1000470]
	Ordinal0 [0x0029398D+997773]
	Ordinal0 [0x00293C46+998470]
	Ordinal0 [0x00293535+996661]
	Ordinal0 [0x002992EC+1020652]
	Ordinal0 [0x002934F1+996593]
	Ordinal0 [0x00294416+1000470]
	Ordinal0 [0x0029398D+997773]
	Ordinal0 [0x00293C46+998470]
	Ordinal0 [0x00293535+996661]
	Ordinal0 [0x0028F10D+979213]
	Ordinal0 [0x002934F1+996593]
	Ordinal0 [0x00293290+995984]
	Ordinal0 [0x00293029+995369]
	Ordinal0 [0x002A31C0+1061312]
	Ordinal0 [0x002EA93B+1354043]
	Ordinal0 [0x002E960A+1349130]
	Ordinal0 [0x002E551B+1332507]
	Ordinal0 [0x002C1D74+1187188]
	Ordinal0 [0x002C2BD9+1190873]
	GetHandleVerifier [0x0057EFE6+1504438]
	GetHandleVerifier [0x0062DDA5+2220661]
	GetHandleVerifier [0x00485589+481881]
	GetHandleVerifier [0x00484639+477961]
	Ordinal0 [0x003A28BD+2107581]
	Ordinal0 [0x003A6728+2123560]
	Ordinal0 [0x003A6862+2123874]
	Ordinal0 [0x003AFA81+2161281]
	BaseThreadInitThunk [0x7796FA29+25]
	RtlGetAppContainerNamedObjectPath [0x77DF7A7E+286]
	RtlGetAppContainerNamedObjectPath [0x77DF7A4E+238]

	at org.openqa.selenium.remote.W3CHandshakeResponse.lambda$errorHandler$0(W3CHandshakeResponse.java:62)
	at org.openqa.selenium.remote.HandshakeResponse.lambda$getResponseFunction$0(HandshakeResponse.java:30)
	at org.openqa.selenium.remote.ProtocolHandshake.lambda$createSession$0(ProtocolHandshake.java:126)
	at java.base/java.util.stream.ReferencePipeline$3$1.accept(ReferencePipeline.java:197)
	at java.base/java.util.Spliterators$ArraySpliterator.tryAdvance(Spliterators.java:958)
	at java.base/java.util.stream.ReferencePipeline.forEachWithCancel(ReferencePipeline.java:129)
	at java.base/java.util.stream.AbstractPipeline.copyIntoWithCancel(AbstractPipeline.java:502)
	at java.base/java.util.stream.AbstractPipeline.copyInto(AbstractPipeline.java:488)
	at java.base/java.util.stream.AbstractPipeline.wrapAndCopyInto(AbstractPipeline.java:474)
	at java.base/java.util.stream.FindOps$FindOp.evaluateSequential(FindOps.java:150)
	at java.base/java.util.stream.AbstractPipeline.evaluate(AbstractPipeline.java:234)
	at java.base/java.util.stream.ReferencePipeline.findFirst(ReferencePipeline.java:647)
	at org.openqa.selenium.remote.ProtocolHandshake.createSession(ProtocolHandshake.java:128)
	at org.openqa.selenium.remote.ProtocolHandshake.createSession(ProtocolHandshake.java:74)
	at org.openqa.selenium.remote.HttpCommandExecutor.execute(HttpCommandExecutor.java:136)
	at org.openqa.selenium.remote.service.DriverCommandExecutor.execute(DriverCommandExecutor.java:83)
	at org.openqa.selenium.remote.RemoteWebDriver.execute(RemoteWebDriver.java:552)
	at org.openqa.selenium.remote.RemoteWebDriver.startSession(RemoteWebDriver.java:213)
	at org.openqa.selenium.remote.RemoteWebDriver.&lt;init&gt;(RemoteWebDriver.java:131)
	at org.openqa.selenium.chrome.ChromeDriver.&lt;init&gt;(ChromeDriver.java:181)
	at org.openqa.selenium.chrome.ChromeDriver.&lt;init&gt;(ChromeDriver.java:168)
	at org.openqa.selenium.chrome.ChromeDriver.&lt;init&gt;(ChromeDriver.java:123)
	at test.ContactUsTest.ContactUsTest.beforeTest(ContactUsTest.java:39)
... Removed 29 stack frames</pre></div><a href='#' onClick='toggleBox("stack-trace1625939772", this, "Click to show all stack frames", "Click to hide stack frames")'>Click to show all stack frames</a>
<div class='stack-trace' id='stack-trace1625939772'><pre>org.openqa.selenium.SessionNotCreatedException: session not created
from disconnected: received Inspector.detached event
  (Session info: chrome=93.0.4577.82)
Build info: version: &apos;3.141.59&apos;, revision: &apos;e82be7d358&apos;, time: &apos;2018-11-14T08:17:03&apos;
System info: host: &apos;ARPGL006256&apos;, ip: &apos;192.168.42.124&apos;, os.name: &apos;Windows 10&apos;, os.arch: &apos;amd64&apos;, os.version: &apos;10.0&apos;, java.version: &apos;16.0.2&apos;
Driver info: driver.version: ChromeDriver
remote stacktrace: Backtrace:
	Ordinal0 [0x00402A33+2501171]
	Ordinal0 [0x0039D1C1+2085313]
	Ordinal0 [0x002A1FA8+1056680]
	Ordinal0 [0x00295474+1004660]
	Ordinal0 [0x002950B6+1003702]
	Ordinal0 [0x002947FA+1001466]
	Ordinal0 [0x0029398D+997773]
	Ordinal0 [0x00293C46+998470]
	Ordinal0 [0x00293535+996661]
	Ordinal0 [0x0029E0C4+1040580]
	Ordinal0 [0x002934F1+996593]
	Ordinal0 [0x00294416+1000470]
	Ordinal0 [0x0029398D+997773]
	Ordinal0 [0x00293C46+998470]
	Ordinal0 [0x00293535+996661]
	Ordinal0 [0x0029C13A+1032506]
	Ordinal0 [0x002934F1+996593]
	Ordinal0 [0x00294416+1000470]
	Ordinal0 [0x0029398D+997773]
	Ordinal0 [0x00293C46+998470]
	Ordinal0 [0x00293535+996661]
	Ordinal0 [0x00299FC9+1023945]
	Ordinal0 [0x002934F1+996593]
	Ordinal0 [0x00294416+1000470]
	Ordinal0 [0x0029398D+997773]
	Ordinal0 [0x00293C46+998470]
	Ordinal0 [0x00293535+996661]
	Ordinal0 [0x002992EC+1020652]
	Ordinal0 [0x002934F1+996593]
	Ordinal0 [0x00294416+1000470]
	Ordinal0 [0x0029398D+997773]
	Ordinal0 [0x00293C46+998470]
	Ordinal0 [0x00293535+996661]
	Ordinal0 [0x0028F10D+979213]
	Ordinal0 [0x002934F1+996593]
	Ordinal0 [0x00293290+995984]
	Ordinal0 [0x00293029+995369]
	Ordinal0 [0x002A31C0+1061312]
	Ordinal0 [0x002EA93B+1354043]
	Ordinal0 [0x002E960A+1349130]
	Ordinal0 [0x002E551B+1332507]
	Ordinal0 [0x002C1D74+1187188]
	Ordinal0 [0x002C2BD9+1190873]
	GetHandleVerifier [0x0057EFE6+1504438]
	GetHandleVerifier [0x0062DDA5+2220661]
	GetHandleVerifier [0x00485589+481881]
	GetHandleVerifier [0x00484639+477961]
	Ordinal0 [0x003A28BD+2107581]
	Ordinal0 [0x003A6728+2123560]
	Ordinal0 [0x003A6862+2123874]
	Ordinal0 [0x003AFA81+2161281]
	BaseThreadInitThunk [0x7796FA29+25]
	RtlGetAppContainerNamedObjectPath [0x77DF7A7E+286]
	RtlGetAppContainerNamedObjectPath [0x77DF7A4E+238]

	at java.base/jdk.internal.reflect.NativeConstructorAccessorImpl.newInstance0(Native Method)
	at java.base/jdk.internal.reflect.NativeConstructorAccessorImpl.newInstance(NativeConstructorAccessorImpl.java:78)
	at java.base/jdk.internal.reflect.DelegatingConstructorAccessorImpl.newInstance(DelegatingConstructorAccessorImpl.java:45)
	at java.base/java.lang.reflect.Constructor.newInstanceWithCaller(Constructor.java:499)
	at java.base/java.lang.reflect.Constructor.newInstance(Constructor.java:480)
	at org.openqa.selenium.remote.W3CHandshakeResponse.lambda$errorHandler$0(W3CHandshakeResponse.java:62)
	at org.openqa.selenium.remote.HandshakeResponse.lambda$getResponseFunction$0(HandshakeResponse.java:30)
	at org.openqa.selenium.remote.ProtocolHandshake.lambda$createSession$0(ProtocolHandshake.java:126)
	at java.base/java.util.stream.ReferencePipeline$3$1.accept(ReferencePipeline.java:197)
	at java.base/java.util.Spliterators$ArraySpliterator.tryAdvance(Spliterators.java:958)
	at java.base/java.util.stream.ReferencePipeline.forEachWithCancel(ReferencePipeline.java:129)
	at java.base/java.util.stream.AbstractPipeline.copyIntoWithCancel(AbstractPipeline.java:502)
	at java.base/java.util.stream.AbstractPipeline.copyInto(AbstractPipeline.java:488)
	at java.base/java.util.stream.AbstractPipeline.wrapAndCopyInto(AbstractPipeline.java:474)
	at java.base/java.util.stream.FindOps$FindOp.evaluateSequential(FindOps.java:150)
	at java.base/java.util.stream.AbstractPipeline.evaluate(AbstractPipeline.java:234)
	at java.base/java.util.stream.ReferencePipeline.findFirst(ReferencePipeline.java:647)
	at org.openqa.selenium.remote.ProtocolHandshake.createSession(ProtocolHandshake.java:128)
	at org.openqa.selenium.remote.ProtocolHandshake.createSession(ProtocolHandshake.java:74)
	at org.openqa.selenium.remote.HttpCommandExecutor.execute(HttpCommandExecutor.java:136)
	at org.openqa.selenium.remote.service.DriverCommandExecutor.execute(DriverCommandExecutor.java:83)
	at org.openqa.selenium.remote.RemoteWebDriver.execute(RemoteWebDriver.java:552)
	at org.openqa.selenium.remote.RemoteWebDriver.startSession(RemoteWebDriver.java:213)
	at org.openqa.selenium.remote.RemoteWebDriver.&lt;init&gt;(RemoteWebDriver.java:131)
	at org.openqa.selenium.chrome.ChromeDriver.&lt;init&gt;(ChromeDriver.java:181)
	at org.openqa.selenium.chrome.ChromeDriver.&lt;init&gt;(ChromeDriver.java:168)
	at org.openqa.selenium.chrome.ChromeDriver.&lt;init&gt;(ChromeDriver.java:123)
	at test.ContactUsTest.ContactUsTest.beforeTest(ContactUsTest.java:39)
	at java.base/jdk.internal.reflect.NativeMethodAccessorImpl.invoke0(Native Method)
	at java.base/jdk.internal.reflect.NativeMethodAccessorImpl.invoke(NativeMethodAccessorImpl.java:78)
	at java.base/jdk.internal.reflect.DelegatingMethodAccessorImpl.invoke(DelegatingMethodAccessorImpl.java:43)
	at java.base/java.lang.reflect.Method.invoke(Method.java:567)
	at org.testng.internal.MethodInvocationHelper.invokeMethod(MethodInvocationHelper.java:133)
	at org.testng.internal.MethodInvocationHelper.invokeMethodConsideringTimeout(MethodInvocationHelper.java:62)
	at org.testng.internal.ConfigInvoker.invokeConfigurationMethod(ConfigInvoker.java:385)
	at org.testng.internal.ConfigInvoker.invokeConfigurations(ConfigInvoker.java:321)
	at org.testng.TestRunner.invokeTestConfigurations(TestRunner.java:637)
	at org.testng.TestRunner.beforeRun(TestRunner.java:627)
	at org.testng.TestRunner.run(TestRunner.java:589)
	at org.testng.SuiteRunner.runTest(SuiteRunner.java:377)
	at org.testng.SuiteRunner.runSequentially(SuiteRunner.java:371)
	at org.testng.SuiteRunner.privateRun(SuiteRunner.java:332)
	at org.testng.SuiteRunner.run(SuiteRunner.java:276)
	at org.testng.SuiteRunnerWorker.runSuite(SuiteRunnerWorker.java:53)
	at org.testng.SuiteRunnerWorker.run(SuiteRunnerWorker.java:96)
	at org.testng.TestNG.runSuitesSequentially(TestNG.java:1212)
	at org.testng.TestNG.runSuitesLocally(TestNG.java:1134)
	at org.testng.TestNG.runSuites(TestNG.java:1063)
	at org.testng.TestNG.run(TestNG.java:1031)
	at org.testng.remote.AbstractRemoteTestNG.run(AbstractRemoteTestNG.java:115)
	at org.testng.remote.RemoteTestNG.initAndRun(RemoteTestNG.java:251)
	at org.testng.remote.RemoteTestNG.main(RemoteTestNG.java:77)
</pre></div></td>
<td>0</td>
<td>test.usersignup.ForgotPassword@26e356f0</td></tr>
<tr>
<td title='test.usersignup.SignUp.signupTestValid()'><b>signupTestValid</b><br>Test class: test.usersignup.SignUp</td>
<td><div><pre>java.lang.RuntimeException: org.apache.poi.openxml4j.exceptions.InvalidOperationException: Can&apos;t open the specified file input stream from file: &apos;C:\Users\pooja_shitole\Workspace1\CarRental\src\main\resources\data\Data.xlsx&apos;
	at java.base/java.util.ArrayList.forEach(ArrayList.java:1511)
Caused by: org.apache.poi.openxml4j.exceptions.InvalidOperationException: Can&apos;t open the specified file input stream from file: &apos;C:\Users\pooja_shitole\Workspace1\CarRental\src\main\resources\data\Data.xlsx&apos;
	at org.apache.poi.openxml4j.opc.ZipPackage.openZipEntrySourceStream(ZipPackage.java:162)
	at org.apache.poi.openxml4j.opc.ZipPackage.&lt;init&gt;(ZipPackage.java:149)
	at org.apache.poi.openxml4j.opc.ZipPackage.&lt;init&gt;(ZipPackage.java:123)
	at org.apache.poi.openxml4j.opc.OPCPackage.open(OPCPackage.java:244)
	at org.apache.poi.openxml4j.opc.OPCPackage.open(OPCPackage.java:177)
	at org.apache.poi.ooxml.POIXMLDocument.openPackage(POIXMLDocument.java:88)
	at org.apache.poi.xssf.usermodel.XSSFWorkbook.&lt;init&gt;(XSSFWorkbook.java:332)
	at utilities.ExcelUtils.&lt;init&gt;(ExcelUtils.java:17)
	at test.usersignup.SignUp.testData(SignUp.java:71)
	at test.usersignup.SignUp.getData(SignUp.java:61)
	... 25 more
Caused by: java.io.FileNotFoundException: C:\Users\pooja_shitole\Workspace1\CarRental\src\main\resources\data\Data.xlsx (The system cannot find the path specified)
	at java.base/java.io.FileInputStream.open0(Native Method)
	at java.base/java.io.FileInputStream.open(FileInputStream.java:211)
	at java.base/java.io.FileInputStream.&lt;init&gt;(FileInputStream.java:153)
	at org.apache.poi.openxml4j.opc.ZipPackage.openZipEntrySourceStream(ZipPackage.java:159)
	... 41 more
... Removed 32 stack frames</pre></div><a href='#' onClick='toggleBox("stack-trace324579982", this, "Click to show all stack frames", "Click to hide stack frames")'>Click to show all stack frames</a>
<div class='stack-trace' id='stack-trace324579982'><pre>java.lang.RuntimeException: org.apache.poi.openxml4j.exceptions.InvalidOperationException: Can&apos;t open the specified file input stream from file: &apos;C:\Users\pooja_shitole\Workspace1\CarRental\src\main\resources\data\Data.xlsx&apos;
	at org.testng.internal.MethodInvocationHelper.invokeMethodNoCheckedException(MethodInvocationHelper.java:50)
	at org.testng.internal.MethodInvocationHelper.invokeDataProvider(MethodInvocationHelper.java:146)
	at org.testng.internal.Parameters.handleParameters(Parameters.java:798)
	at org.testng.internal.Parameters.handleParameters(Parameters.java:740)
	at org.testng.internal.ParameterHandler.handleParameters(ParameterHandler.java:59)
	at org.testng.internal.ParameterHandler.createParameters(ParameterHandler.java:38)
	at org.testng.internal.TestInvoker$MethodInvocationAgent.invoke(TestInvoker.java:791)
	at org.testng.internal.TestInvoker.invokeTestMethods(TestInvoker.java:146)
	at org.testng.internal.TestMethodWorker.invokeTestMethods(TestMethodWorker.java:146)
	at org.testng.internal.TestMethodWorker.run(TestMethodWorker.java:128)
	at java.base/java.util.ArrayList.forEach(ArrayList.java:1511)
	at org.testng.TestRunner.privateRun(TestRunner.java:794)
	at org.testng.TestRunner.run(TestRunner.java:596)
	at org.testng.SuiteRunner.runTest(SuiteRunner.java:377)
	at org.testng.SuiteRunner.runSequentially(SuiteRunner.java:371)
	at org.testng.SuiteRunner.privateRun(SuiteRunner.java:332)
	at org.testng.SuiteRunner.run(SuiteRunner.java:276)
	at org.testng.SuiteRunnerWorker.runSuite(SuiteRunnerWorker.java:53)
	at org.testng.SuiteRunnerWorker.run(SuiteRunnerWorker.java:96)
	at org.testng.TestNG.runSuitesSequentially(TestNG.java:1212)
	at org.testng.TestNG.runSuitesLocally(TestNG.java:1134)
	at org.testng.TestNG.runSuites(TestNG.java:1063)
	at org.testng.TestNG.run(TestNG.java:1031)
	at org.testng.remote.AbstractRemoteTestNG.run(AbstractRemoteTestNG.java:115)
	at org.testng.remote.RemoteTestNG.initAndRun(RemoteTestNG.java:251)
	at org.testng.remote.RemoteTestNG.main(RemoteTestNG.java:77)
Caused by: org.apache.poi.openxml4j.exceptions.InvalidOperationException: Can&apos;t open the specified file input stream from file: &apos;C:\Users\pooja_shitole\Workspace1\CarRental\src\main\resources\data\Data.xlsx&apos;
	at org.apache.poi.openxml4j.opc.ZipPackage.openZipEntrySourceStream(ZipPackage.java:162)
	at org.apache.poi.openxml4j.opc.ZipPackage.&lt;init&gt;(ZipPackage.java:149)
	at org.apache.poi.openxml4j.opc.ZipPackage.&lt;init&gt;(ZipPackage.java:123)
	at org.apache.poi.openxml4j.opc.OPCPackage.open(OPCPackage.java:244)
	at org.apache.poi.openxml4j.opc.OPCPackage.open(OPCPackage.java:177)
	at org.apache.poi.ooxml.POIXMLDocument.openPackage(POIXMLDocument.java:88)
	at org.apache.poi.xssf.usermodel.XSSFWorkbook.&lt;init&gt;(XSSFWorkbook.java:332)
	at utilities.ExcelUtils.&lt;init&gt;(ExcelUtils.java:17)
	at test.usersignup.SignUp.testData(SignUp.java:71)
	at test.usersignup.SignUp.getData(SignUp.java:61)
	at java.base/jdk.internal.reflect.NativeMethodAccessorImpl.invoke0(Native Method)
	at java.base/jdk.internal.reflect.NativeMethodAccessorImpl.invoke(NativeMethodAccessorImpl.java:78)
	at java.base/jdk.internal.reflect.DelegatingMethodAccessorImpl.invoke(DelegatingMethodAccessorImpl.java:43)
	at java.base/java.lang.reflect.Method.invoke(Method.java:567)
	at org.testng.internal.MethodInvocationHelper.invokeMethod(MethodInvocationHelper.java:133)
	at org.testng.internal.MethodInvocationHelper.invokeMethod(MethodInvocationHelper.java:77)
	at org.testng.internal.MethodInvocationHelper.invokeMethodNoCheckedException(MethodInvocationHelper.java:46)
	... 25 more
Caused by: java.io.FileNotFoundException: C:\Users\pooja_shitole\Workspace1\CarRental\src\main\resources\data\Data.xlsx (The system cannot find the path specified)
	at java.base/java.io.FileInputStream.open0(Native Method)
	at java.base/java.io.FileInputStream.open(FileInputStream.java:211)
	at java.base/java.io.FileInputStream.&lt;init&gt;(FileInputStream.java:153)
	at org.apache.poi.openxml4j.opc.ZipPackage.openZipEntrySourceStream(ZipPackage.java:159)
	... 41 more
</pre></div></td>
<td>0</td>
<td>test.usersignup.SignUp@201a4587</td></tr>
<tr>
<td title='test.adminfunctional.AdminLogin.adminLogout()'><b>adminLogout</b><br>Test class: test.adminfunctional.AdminLogin</td>
<td><div><pre>org.openqa.selenium.SessionNotCreatedException: session not created
from disconnected: received Inspector.detached event
  (Session info: chrome=93.0.4577.82)
Build info: version: &apos;3.141.59&apos;, revision: &apos;e82be7d358&apos;, time: &apos;2018-11-14T08:17:03&apos;
System info: host: &apos;ARPGL006256&apos;, ip: &apos;192.168.42.124&apos;, os.name: &apos;Windows 10&apos;, os.arch: &apos;amd64&apos;, os.version: &apos;10.0&apos;, java.version: &apos;16.0.2&apos;
Driver info: driver.version: ChromeDriver
remote stacktrace: Backtrace:
	Ordinal0 [0x00402A33+2501171]
	Ordinal0 [0x0039D1C1+2085313]
	Ordinal0 [0x002A1FA8+1056680]
	Ordinal0 [0x00295474+1004660]
	Ordinal0 [0x002950B6+1003702]
	Ordinal0 [0x002947FA+1001466]
	Ordinal0 [0x0029398D+997773]
	Ordinal0 [0x00293C46+998470]
	Ordinal0 [0x00293535+996661]
	Ordinal0 [0x0029E0C4+1040580]
	Ordinal0 [0x002934F1+996593]
	Ordinal0 [0x00294416+1000470]
	Ordinal0 [0x0029398D+997773]
	Ordinal0 [0x00293C46+998470]
	Ordinal0 [0x00293535+996661]
	Ordinal0 [0x0029C13A+1032506]
	Ordinal0 [0x002934F1+996593]
	Ordinal0 [0x00294416+1000470]
	Ordinal0 [0x0029398D+997773]
	Ordinal0 [0x00293C46+998470]
	Ordinal0 [0x00293535+996661]
	Ordinal0 [0x00299FC9+1023945]
	Ordinal0 [0x002934F1+996593]
	Ordinal0 [0x00294416+1000470]
	Ordinal0 [0x0029398D+997773]
	Ordinal0 [0x00293C46+998470]
	Ordinal0 [0x00293535+996661]
	Ordinal0 [0x002992EC+1020652]
	Ordinal0 [0x002934F1+996593]
	Ordinal0 [0x00294416+1000470]
	Ordinal0 [0x0029398D+997773]
	Ordinal0 [0x00293C46+998470]
	Ordinal0 [0x00293535+996661]
	Ordinal0 [0x0028F10D+979213]
	Ordinal0 [0x002934F1+996593]
	Ordinal0 [0x00293290+995984]
	Ordinal0 [0x00293029+995369]
	Ordinal0 [0x002A31C0+1061312]
	Ordinal0 [0x002EA93B+1354043]
	Ordinal0 [0x002E960A+1349130]
	Ordinal0 [0x002E551B+1332507]
	Ordinal0 [0x002C1D74+1187188]
	Ordinal0 [0x002C2BD9+1190873]
	GetHandleVerifier [0x0057EFE6+1504438]
	GetHandleVerifier [0x0062DDA5+2220661]
	GetHandleVerifier [0x00485589+481881]
	GetHandleVerifier [0x00484639+477961]
	Ordinal0 [0x003A28BD+2107581]
	Ordinal0 [0x003A6728+2123560]
	Ordinal0 [0x003A6862+2123874]
	Ordinal0 [0x003AFA81+2161281]
	BaseThreadInitThunk [0x7796FA29+25]
	RtlGetAppContainerNamedObjectPath [0x77DF7A7E+286]
	RtlGetAppContainerNamedObjectPath [0x77DF7A4E+238]

	at org.openqa.selenium.remote.W3CHandshakeResponse.lambda$errorHandler$0(W3CHandshakeResponse.java:62)
	at org.openqa.selenium.remote.HandshakeResponse.lambda$getResponseFunction$0(HandshakeResponse.java:30)
	at org.openqa.selenium.remote.ProtocolHandshake.lambda$createSession$0(ProtocolHandshake.java:126)
	at java.base/java.util.stream.ReferencePipeline$3$1.accept(ReferencePipeline.java:197)
	at java.base/java.util.Spliterators$ArraySpliterator.tryAdvance(Spliterators.java:958)
	at java.base/java.util.stream.ReferencePipeline.forEachWithCancel(ReferencePipeline.java:129)
	at java.base/java.util.stream.AbstractPipeline.copyIntoWithCancel(AbstractPipeline.java:502)
	at java.base/java.util.stream.AbstractPipeline.copyInto(AbstractPipeline.java:488)
	at java.base/java.util.stream.AbstractPipeline.wrapAndCopyInto(AbstractPipeline.java:474)
	at java.base/java.util.stream.FindOps$FindOp.evaluateSequential(FindOps.java:150)
	at java.base/java.util.stream.AbstractPipeline.evaluate(AbstractPipeline.java:234)
	at java.base/java.util.stream.ReferencePipeline.findFirst(ReferencePipeline.java:647)
	at org.openqa.selenium.remote.ProtocolHandshake.createSession(ProtocolHandshake.java:128)
	at org.openqa.selenium.remote.ProtocolHandshake.createSession(ProtocolHandshake.java:74)
	at org.openqa.selenium.remote.HttpCommandExecutor.execute(HttpCommandExecutor.java:136)
	at org.openqa.selenium.remote.service.DriverCommandExecutor.execute(DriverCommandExecutor.java:83)
	at org.openqa.selenium.remote.RemoteWebDriver.execute(RemoteWebDriver.java:552)
	at org.openqa.selenium.remote.RemoteWebDriver.startSession(RemoteWebDriver.java:213)
	at org.openqa.selenium.remote.RemoteWebDriver.&lt;init&gt;(RemoteWebDriver.java:131)
	at org.openqa.selenium.chrome.ChromeDriver.&lt;init&gt;(ChromeDriver.java:181)
	at org.openqa.selenium.chrome.ChromeDriver.&lt;init&gt;(ChromeDriver.java:168)
	at org.openqa.selenium.chrome.ChromeDriver.&lt;init&gt;(ChromeDriver.java:123)
	at test.ContactUsTest.ContactUsTest.beforeTest(ContactUsTest.java:39)
... Removed 29 stack frames</pre></div><a href='#' onClick='toggleBox("stack-trace546217718", this, "Click to show all stack frames", "Click to hide stack frames")'>Click to show all stack frames</a>
<div class='stack-trace' id='stack-trace546217718'><pre>org.openqa.selenium.SessionNotCreatedException: session not created
from disconnected: received Inspector.detached event
  (Session info: chrome=93.0.4577.82)
Build info: version: &apos;3.141.59&apos;, revision: &apos;e82be7d358&apos;, time: &apos;2018-11-14T08:17:03&apos;
System info: host: &apos;ARPGL006256&apos;, ip: &apos;192.168.42.124&apos;, os.name: &apos;Windows 10&apos;, os.arch: &apos;amd64&apos;, os.version: &apos;10.0&apos;, java.version: &apos;16.0.2&apos;
Driver info: driver.version: ChromeDriver
remote stacktrace: Backtrace:
	Ordinal0 [0x00402A33+2501171]
	Ordinal0 [0x0039D1C1+2085313]
	Ordinal0 [0x002A1FA8+1056680]
	Ordinal0 [0x00295474+1004660]
	Ordinal0 [0x002950B6+1003702]
	Ordinal0 [0x002947FA+1001466]
	Ordinal0 [0x0029398D+997773]
	Ordinal0 [0x00293C46+998470]
	Ordinal0 [0x00293535+996661]
	Ordinal0 [0x0029E0C4+1040580]
	Ordinal0 [0x002934F1+996593]
	Ordinal0 [0x00294416+1000470]
	Ordinal0 [0x0029398D+997773]
	Ordinal0 [0x00293C46+998470]
	Ordinal0 [0x00293535+996661]
	Ordinal0 [0x0029C13A+1032506]
	Ordinal0 [0x002934F1+996593]
	Ordinal0 [0x00294416+1000470]
	Ordinal0 [0x0029398D+997773]
	Ordinal0 [0x00293C46+998470]
	Ordinal0 [0x00293535+996661]
	Ordinal0 [0x00299FC9+1023945]
	Ordinal0 [0x002934F1+996593]
	Ordinal0 [0x00294416+1000470]
	Ordinal0 [0x0029398D+997773]
	Ordinal0 [0x00293C46+998470]
	Ordinal0 [0x00293535+996661]
	Ordinal0 [0x002992EC+1020652]
	Ordinal0 [0x002934F1+996593]
	Ordinal0 [0x00294416+1000470]
	Ordinal0 [0x0029398D+997773]
	Ordinal0 [0x00293C46+998470]
	Ordinal0 [0x00293535+996661]
	Ordinal0 [0x0028F10D+979213]
	Ordinal0 [0x002934F1+996593]
	Ordinal0 [0x00293290+995984]
	Ordinal0 [0x00293029+995369]
	Ordinal0 [0x002A31C0+1061312]
	Ordinal0 [0x002EA93B+1354043]
	Ordinal0 [0x002E960A+1349130]
	Ordinal0 [0x002E551B+1332507]
	Ordinal0 [0x002C1D74+1187188]
	Ordinal0 [0x002C2BD9+1190873]
	GetHandleVerifier [0x0057EFE6+1504438]
	GetHandleVerifier [0x0062DDA5+2220661]
	GetHandleVerifier [0x00485589+481881]
	GetHandleVerifier [0x00484639+477961]
	Ordinal0 [0x003A28BD+2107581]
	Ordinal0 [0x003A6728+2123560]
	Ordinal0 [0x003A6862+2123874]
	Ordinal0 [0x003AFA81+2161281]
	BaseThreadInitThunk [0x7796FA29+25]
	RtlGetAppContainerNamedObjectPath [0x77DF7A7E+286]
	RtlGetAppContainerNamedObjectPath [0x77DF7A4E+238]

	at java.base/jdk.internal.reflect.NativeConstructorAccessorImpl.newInstance0(Native Method)
	at java.base/jdk.internal.reflect.NativeConstructorAccessorImpl.newInstance(NativeConstructorAccessorImpl.java:78)
	at java.base/jdk.internal.reflect.DelegatingConstructorAccessorImpl.newInstance(DelegatingConstructorAccessorImpl.java:45)
	at java.base/java.lang.reflect.Constructor.newInstanceWithCaller(Constructor.java:499)
	at java.base/java.lang.reflect.Constructor.newInstance(Constructor.java:480)
	at org.openqa.selenium.remote.W3CHandshakeResponse.lambda$errorHandler$0(W3CHandshakeResponse.java:62)
	at org.openqa.selenium.remote.HandshakeResponse.lambda$getResponseFunction$0(HandshakeResponse.java:30)
	at org.openqa.selenium.remote.ProtocolHandshake.lambda$createSession$0(ProtocolHandshake.java:126)
	at java.base/java.util.stream.ReferencePipeline$3$1.accept(ReferencePipeline.java:197)
	at java.base/java.util.Spliterators$ArraySpliterator.tryAdvance(Spliterators.java:958)
	at java.base/java.util.stream.ReferencePipeline.forEachWithCancel(ReferencePipeline.java:129)
	at java.base/java.util.stream.AbstractPipeline.copyIntoWithCancel(AbstractPipeline.java:502)
	at java.base/java.util.stream.AbstractPipeline.copyInto(AbstractPipeline.java:488)
	at java.base/java.util.stream.AbstractPipeline.wrapAndCopyInto(AbstractPipeline.java:474)
	at java.base/java.util.stream.FindOps$FindOp.evaluateSequential(FindOps.java:150)
	at java.base/java.util.stream.AbstractPipeline.evaluate(AbstractPipeline.java:234)
	at java.base/java.util.stream.ReferencePipeline.findFirst(ReferencePipeline.java:647)
	at org.openqa.selenium.remote.ProtocolHandshake.createSession(ProtocolHandshake.java:128)
	at org.openqa.selenium.remote.ProtocolHandshake.createSession(ProtocolHandshake.java:74)
	at org.openqa.selenium.remote.HttpCommandExecutor.execute(HttpCommandExecutor.java:136)
	at org.openqa.selenium.remote.service.DriverCommandExecutor.execute(DriverCommandExecutor.java:83)
	at org.openqa.selenium.remote.RemoteWebDriver.execute(RemoteWebDriver.java:552)
	at org.openqa.selenium.remote.RemoteWebDriver.startSession(RemoteWebDriver.java:213)
	at org.openqa.selenium.remote.RemoteWebDriver.&lt;init&gt;(RemoteWebDriver.java:131)
	at org.openqa.selenium.chrome.ChromeDriver.&lt;init&gt;(ChromeDriver.java:181)
	at org.openqa.selenium.chrome.ChromeDriver.&lt;init&gt;(ChromeDriver.java:168)
	at org.openqa.selenium.chrome.ChromeDriver.&lt;init&gt;(ChromeDriver.java:123)
	at test.ContactUsTest.ContactUsTest.beforeTest(ContactUsTest.java:39)
	at java.base/jdk.internal.reflect.NativeMethodAccessorImpl.invoke0(Native Method)
	at java.base/jdk.internal.reflect.NativeMethodAccessorImpl.invoke(NativeMethodAccessorImpl.java:78)
	at java.base/jdk.internal.reflect.DelegatingMethodAccessorImpl.invoke(DelegatingMethodAccessorImpl.java:43)
	at java.base/java.lang.reflect.Method.invoke(Method.java:567)
	at org.testng.internal.MethodInvocationHelper.invokeMethod(MethodInvocationHelper.java:133)
	at org.testng.internal.MethodInvocationHelper.invokeMethodConsideringTimeout(MethodInvocationHelper.java:62)
	at org.testng.internal.ConfigInvoker.invokeConfigurationMethod(ConfigInvoker.java:385)
	at org.testng.internal.ConfigInvoker.invokeConfigurations(ConfigInvoker.java:321)
	at org.testng.TestRunner.invokeTestConfigurations(TestRunner.java:637)
	at org.testng.TestRunner.beforeRun(TestRunner.java:627)
	at org.testng.TestRunner.run(TestRunner.java:589)
	at org.testng.SuiteRunner.runTest(SuiteRunner.java:377)
	at org.testng.SuiteRunner.runSequentially(SuiteRunner.java:371)
	at org.testng.SuiteRunner.privateRun(SuiteRunner.java:332)
	at org.testng.SuiteRunner.run(SuiteRunner.java:276)
	at org.testng.SuiteRunnerWorker.runSuite(SuiteRunnerWorker.java:53)
	at org.testng.SuiteRunnerWorker.run(SuiteRunnerWorker.java:96)
	at org.testng.TestNG.runSuitesSequentially(TestNG.java:1212)
	at org.testng.TestNG.runSuitesLocally(TestNG.java:1134)
	at org.testng.TestNG.runSuites(TestNG.java:1063)
	at org.testng.TestNG.run(TestNG.java:1031)
	at org.testng.remote.AbstractRemoteTestNG.run(AbstractRemoteTestNG.java:115)
	at org.testng.remote.RemoteTestNG.initAndRun(RemoteTestNG.java:251)
	at org.testng.remote.RemoteTestNG.main(RemoteTestNG.java:77)
</pre></div></td>
<td>0</td>
<td>test.adminfunctional.AdminLogin@61001b64</td></tr>
<tr>
<td title='test.homepageTests.HomePageMyBooking.homePageMyBookingTest()'><b>homePageMyBookingTest</b><br>Test class: test.homepageTests.HomePageMyBooking</td>
<td><div><pre>org.openqa.selenium.SessionNotCreatedException: session not created
from disconnected: received Inspector.detached event
  (Session info: chrome=93.0.4577.82)
Build info: version: &apos;3.141.59&apos;, revision: &apos;e82be7d358&apos;, time: &apos;2018-11-14T08:17:03&apos;
System info: host: &apos;ARPGL006256&apos;, ip: &apos;192.168.42.124&apos;, os.name: &apos;Windows 10&apos;, os.arch: &apos;amd64&apos;, os.version: &apos;10.0&apos;, java.version: &apos;16.0.2&apos;
Driver info: driver.version: ChromeDriver
remote stacktrace: Backtrace:
	Ordinal0 [0x00402A33+2501171]
	Ordinal0 [0x0039D1C1+2085313]
	Ordinal0 [0x002A1FA8+1056680]
	Ordinal0 [0x00295474+1004660]
	Ordinal0 [0x002950B6+1003702]
	Ordinal0 [0x002947FA+1001466]
	Ordinal0 [0x0029398D+997773]
	Ordinal0 [0x00293C46+998470]
	Ordinal0 [0x00293535+996661]
	Ordinal0 [0x0029E0C4+1040580]
	Ordinal0 [0x002934F1+996593]
	Ordinal0 [0x00294416+1000470]
	Ordinal0 [0x0029398D+997773]
	Ordinal0 [0x00293C46+998470]
	Ordinal0 [0x00293535+996661]
	Ordinal0 [0x0029C13A+1032506]
	Ordinal0 [0x002934F1+996593]
	Ordinal0 [0x00294416+1000470]
	Ordinal0 [0x0029398D+997773]
	Ordinal0 [0x00293C46+998470]
	Ordinal0 [0x00293535+996661]
	Ordinal0 [0x00299FC9+1023945]
	Ordinal0 [0x002934F1+996593]
	Ordinal0 [0x00294416+1000470]
	Ordinal0 [0x0029398D+997773]
	Ordinal0 [0x00293C46+998470]
	Ordinal0 [0x00293535+996661]
	Ordinal0 [0x002992EC+1020652]
	Ordinal0 [0x002934F1+996593]
	Ordinal0 [0x00294416+1000470]
	Ordinal0 [0x0029398D+997773]
	Ordinal0 [0x00293C46+998470]
	Ordinal0 [0x00293535+996661]
	Ordinal0 [0x0028F10D+979213]
	Ordinal0 [0x002934F1+996593]
	Ordinal0 [0x00293290+995984]
	Ordinal0 [0x00293029+995369]
	Ordinal0 [0x002A31C0+1061312]
	Ordinal0 [0x002EA93B+1354043]
	Ordinal0 [0x002E960A+1349130]
	Ordinal0 [0x002E551B+1332507]
	Ordinal0 [0x002C1D74+1187188]
	Ordinal0 [0x002C2BD9+1190873]
	GetHandleVerifier [0x0057EFE6+1504438]
	GetHandleVerifier [0x0062DDA5+2220661]
	GetHandleVerifier [0x00485589+481881]
	GetHandleVerifier [0x00484639+477961]
	Ordinal0 [0x003A28BD+2107581]
	Ordinal0 [0x003A6728+2123560]
	Ordinal0 [0x003A6862+2123874]
	Ordinal0 [0x003AFA81+2161281]
	BaseThreadInitThunk [0x7796FA29+25]
	RtlGetAppContainerNamedObjectPath [0x77DF7A7E+286]
	RtlGetAppContainerNamedObjectPath [0x77DF7A4E+238]

	at org.openqa.selenium.remote.W3CHandshakeResponse.lambda$errorHandler$0(W3CHandshakeResponse.java:62)
	at org.openqa.selenium.remote.HandshakeResponse.lambda$getResponseFunction$0(HandshakeResponse.java:30)
	at org.openqa.selenium.remote.ProtocolHandshake.lambda$createSession$0(ProtocolHandshake.java:126)
	at java.base/java.util.stream.ReferencePipeline$3$1.accept(ReferencePipeline.java:197)
	at java.base/java.util.Spliterators$ArraySpliterator.tryAdvance(Spliterators.java:958)
	at java.base/java.util.stream.ReferencePipeline.forEachWithCancel(ReferencePipeline.java:129)
	at java.base/java.util.stream.AbstractPipeline.copyIntoWithCancel(AbstractPipeline.java:502)
	at java.base/java.util.stream.AbstractPipeline.copyInto(AbstractPipeline.java:488)
	at java.base/java.util.stream.AbstractPipeline.wrapAndCopyInto(AbstractPipeline.java:474)
	at java.base/java.util.stream.FindOps$FindOp.evaluateSequential(FindOps.java:150)
	at java.base/java.util.stream.AbstractPipeline.evaluate(AbstractPipeline.java:234)
	at java.base/java.util.stream.ReferencePipeline.findFirst(ReferencePipeline.java:647)
	at org.openqa.selenium.remote.ProtocolHandshake.createSession(ProtocolHandshake.java:128)
	at org.openqa.selenium.remote.ProtocolHandshake.createSession(ProtocolHandshake.java:74)
	at org.openqa.selenium.remote.HttpCommandExecutor.execute(HttpCommandExecutor.java:136)
	at org.openqa.selenium.remote.service.DriverCommandExecutor.execute(DriverCommandExecutor.java:83)
	at org.openqa.selenium.remote.RemoteWebDriver.execute(RemoteWebDriver.java:552)
	at org.openqa.selenium.remote.RemoteWebDriver.startSession(RemoteWebDriver.java:213)
	at org.openqa.selenium.remote.RemoteWebDriver.&lt;init&gt;(RemoteWebDriver.java:131)
	at org.openqa.selenium.chrome.ChromeDriver.&lt;init&gt;(ChromeDriver.java:181)
	at org.openqa.selenium.chrome.ChromeDriver.&lt;init&gt;(ChromeDriver.java:168)
	at org.openqa.selenium.chrome.ChromeDriver.&lt;init&gt;(ChromeDriver.java:123)
	at test.ContactUsTest.ContactUsTest.beforeTest(ContactUsTest.java:39)
... Removed 29 stack frames</pre></div><a href='#' onClick='toggleBox("stack-trace521466380", this, "Click to show all stack frames", "Click to hide stack frames")'>Click to show all stack frames</a>
<div class='stack-trace' id='stack-trace521466380'><pre>org.openqa.selenium.SessionNotCreatedException: session not created
from disconnected: received Inspector.detached event
  (Session info: chrome=93.0.4577.82)
Build info: version: &apos;3.141.59&apos;, revision: &apos;e82be7d358&apos;, time: &apos;2018-11-14T08:17:03&apos;
System info: host: &apos;ARPGL006256&apos;, ip: &apos;192.168.42.124&apos;, os.name: &apos;Windows 10&apos;, os.arch: &apos;amd64&apos;, os.version: &apos;10.0&apos;, java.version: &apos;16.0.2&apos;
Driver info: driver.version: ChromeDriver
remote stacktrace: Backtrace:
	Ordinal0 [0x00402A33+2501171]
	Ordinal0 [0x0039D1C1+2085313]
	Ordinal0 [0x002A1FA8+1056680]
	Ordinal0 [0x00295474+1004660]
	Ordinal0 [0x002950B6+1003702]
	Ordinal0 [0x002947FA+1001466]
	Ordinal0 [0x0029398D+997773]
	Ordinal0 [0x00293C46+998470]
	Ordinal0 [0x00293535+996661]
	Ordinal0 [0x0029E0C4+1040580]
	Ordinal0 [0x002934F1+996593]
	Ordinal0 [0x00294416+1000470]
	Ordinal0 [0x0029398D+997773]
	Ordinal0 [0x00293C46+998470]
	Ordinal0 [0x00293535+996661]
	Ordinal0 [0x0029C13A+1032506]
	Ordinal0 [0x002934F1+996593]
	Ordinal0 [0x00294416+1000470]
	Ordinal0 [0x0029398D+997773]
	Ordinal0 [0x00293C46+998470]
	Ordinal0 [0x00293535+996661]
	Ordinal0 [0x00299FC9+1023945]
	Ordinal0 [0x002934F1+996593]
	Ordinal0 [0x00294416+1000470]
	Ordinal0 [0x0029398D+997773]
	Ordinal0 [0x00293C46+998470]
	Ordinal0 [0x00293535+996661]
	Ordinal0 [0x002992EC+1020652]
	Ordinal0 [0x002934F1+996593]
	Ordinal0 [0x00294416+1000470]
	Ordinal0 [0x0029398D+997773]
	Ordinal0 [0x00293C46+998470]
	Ordinal0 [0x00293535+996661]
	Ordinal0 [0x0028F10D+979213]
	Ordinal0 [0x002934F1+996593]
	Ordinal0 [0x00293290+995984]
	Ordinal0 [0x00293029+995369]
	Ordinal0 [0x002A31C0+1061312]
	Ordinal0 [0x002EA93B+1354043]
	Ordinal0 [0x002E960A+1349130]
	Ordinal0 [0x002E551B+1332507]
	Ordinal0 [0x002C1D74+1187188]
	Ordinal0 [0x002C2BD9+1190873]
	GetHandleVerifier [0x0057EFE6+1504438]
	GetHandleVerifier [0x0062DDA5+2220661]
	GetHandleVerifier [0x00485589+481881]
	GetHandleVerifier [0x00484639+477961]
	Ordinal0 [0x003A28BD+2107581]
	Ordinal0 [0x003A6728+2123560]
	Ordinal0 [0x003A6862+2123874]
	Ordinal0 [0x003AFA81+2161281]
	BaseThreadInitThunk [0x7796FA29+25]
	RtlGetAppContainerNamedObjectPath [0x77DF7A7E+286]
	RtlGetAppContainerNamedObjectPath [0x77DF7A4E+238]

	at java.base/jdk.internal.reflect.NativeConstructorAccessorImpl.newInstance0(Native Method)
	at java.base/jdk.internal.reflect.NativeConstructorAccessorImpl.newInstance(NativeConstructorAccessorImpl.java:78)
	at java.base/jdk.internal.reflect.DelegatingConstructorAccessorImpl.newInstance(DelegatingConstructorAccessorImpl.java:45)
	at java.base/java.lang.reflect.Constructor.newInstanceWithCaller(Constructor.java:499)
	at java.base/java.lang.reflect.Constructor.newInstance(Constructor.java:480)
	at org.openqa.selenium.remote.W3CHandshakeResponse.lambda$errorHandler$0(W3CHandshakeResponse.java:62)
	at org.openqa.selenium.remote.HandshakeResponse.lambda$getResponseFunction$0(HandshakeResponse.java:30)
	at org.openqa.selenium.remote.ProtocolHandshake.lambda$createSession$0(ProtocolHandshake.java:126)
	at java.base/java.util.stream.ReferencePipeline$3$1.accept(ReferencePipeline.java:197)
	at java.base/java.util.Spliterators$ArraySpliterator.tryAdvance(Spliterators.java:958)
	at java.base/java.util.stream.ReferencePipeline.forEachWithCancel(ReferencePipeline.java:129)
	at java.base/java.util.stream.AbstractPipeline.copyIntoWithCancel(AbstractPipeline.java:502)
	at java.base/java.util.stream.AbstractPipeline.copyInto(AbstractPipeline.java:488)
	at java.base/java.util.stream.AbstractPipeline.wrapAndCopyInto(AbstractPipeline.java:474)
	at java.base/java.util.stream.FindOps$FindOp.evaluateSequential(FindOps.java:150)
	at java.base/java.util.stream.AbstractPipeline.evaluate(AbstractPipeline.java:234)
	at java.base/java.util.stream.ReferencePipeline.findFirst(ReferencePipeline.java:647)
	at org.openqa.selenium.remote.ProtocolHandshake.createSession(ProtocolHandshake.java:128)
	at org.openqa.selenium.remote.ProtocolHandshake.createSession(ProtocolHandshake.java:74)
	at org.openqa.selenium.remote.HttpCommandExecutor.execute(HttpCommandExecutor.java:136)
	at org.openqa.selenium.remote.service.DriverCommandExecutor.execute(DriverCommandExecutor.java:83)
	at org.openqa.selenium.remote.RemoteWebDriver.execute(RemoteWebDriver.java:552)
	at org.openqa.selenium.remote.RemoteWebDriver.startSession(RemoteWebDriver.java:213)
	at org.openqa.selenium.remote.RemoteWebDriver.&lt;init&gt;(RemoteWebDriver.java:131)
	at org.openqa.selenium.chrome.ChromeDriver.&lt;init&gt;(ChromeDriver.java:181)
	at org.openqa.selenium.chrome.ChromeDriver.&lt;init&gt;(ChromeDriver.java:168)
	at org.openqa.selenium.chrome.ChromeDriver.&lt;init&gt;(ChromeDriver.java:123)
	at test.ContactUsTest.ContactUsTest.beforeTest(ContactUsTest.java:39)
	at java.base/jdk.internal.reflect.NativeMethodAccessorImpl.invoke0(Native Method)
	at java.base/jdk.internal.reflect.NativeMethodAccessorImpl.invoke(NativeMethodAccessorImpl.java:78)
	at java.base/jdk.internal.reflect.DelegatingMethodAccessorImpl.invoke(DelegatingMethodAccessorImpl.java:43)
	at java.base/java.lang.reflect.Method.invoke(Method.java:567)
	at org.testng.internal.MethodInvocationHelper.invokeMethod(MethodInvocationHelper.java:133)
	at org.testng.internal.MethodInvocationHelper.invokeMethodConsideringTimeout(MethodInvocationHelper.java:62)
	at org.testng.internal.ConfigInvoker.invokeConfigurationMethod(ConfigInvoker.java:385)
	at org.testng.internal.ConfigInvoker.invokeConfigurations(ConfigInvoker.java:321)
	at org.testng.TestRunner.invokeTestConfigurations(TestRunner.java:637)
	at org.testng.TestRunner.beforeRun(TestRunner.java:627)
	at org.testng.TestRunner.run(TestRunner.java:589)
	at org.testng.SuiteRunner.runTest(SuiteRunner.java:377)
	at org.testng.SuiteRunner.runSequentially(SuiteRunner.java:371)
	at org.testng.SuiteRunner.privateRun(SuiteRunner.java:332)
	at org.testng.SuiteRunner.run(SuiteRunner.java:276)
	at org.testng.SuiteRunnerWorker.runSuite(SuiteRunnerWorker.java:53)
	at org.testng.SuiteRunnerWorker.run(SuiteRunnerWorker.java:96)
	at org.testng.TestNG.runSuitesSequentially(TestNG.java:1212)
	at org.testng.TestNG.runSuitesLocally(TestNG.java:1134)
	at org.testng.TestNG.runSuites(TestNG.java:1063)
	at org.testng.TestNG.run(TestNG.java:1031)
	at org.testng.remote.AbstractRemoteTestNG.run(AbstractRemoteTestNG.java:115)
	at org.testng.remote.RemoteTestNG.initAndRun(RemoteTestNG.java:251)
	at org.testng.remote.RemoteTestNG.main(RemoteTestNG.java:77)
</pre></div></td>
<td>0</td>
<td>test.homepageTests.HomePageMyBooking@27f981c6</td></tr>
<tr>
<td title='test.usersignup.ForgotPassword.changePasswordTwo()'><b>changePasswordTwo</b><br>Test class: test.usersignup.ForgotPassword</td>
<td><div><pre>org.openqa.selenium.SessionNotCreatedException: session not created
from disconnected: received Inspector.detached event
  (Session info: chrome=93.0.4577.82)
Build info: version: &apos;3.141.59&apos;, revision: &apos;e82be7d358&apos;, time: &apos;2018-11-14T08:17:03&apos;
System info: host: &apos;ARPGL006256&apos;, ip: &apos;192.168.42.124&apos;, os.name: &apos;Windows 10&apos;, os.arch: &apos;amd64&apos;, os.version: &apos;10.0&apos;, java.version: &apos;16.0.2&apos;
Driver info: driver.version: ChromeDriver
remote stacktrace: Backtrace:
	Ordinal0 [0x00402A33+2501171]
	Ordinal0 [0x0039D1C1+2085313]
	Ordinal0 [0x002A1FA8+1056680]
	Ordinal0 [0x00295474+1004660]
	Ordinal0 [0x002950B6+1003702]
	Ordinal0 [0x002947FA+1001466]
	Ordinal0 [0x0029398D+997773]
	Ordinal0 [0x00293C46+998470]
	Ordinal0 [0x00293535+996661]
	Ordinal0 [0x0029E0C4+1040580]
	Ordinal0 [0x002934F1+996593]
	Ordinal0 [0x00294416+1000470]
	Ordinal0 [0x0029398D+997773]
	Ordinal0 [0x00293C46+998470]
	Ordinal0 [0x00293535+996661]
	Ordinal0 [0x0029C13A+1032506]
	Ordinal0 [0x002934F1+996593]
	Ordinal0 [0x00294416+1000470]
	Ordinal0 [0x0029398D+997773]
	Ordinal0 [0x00293C46+998470]
	Ordinal0 [0x00293535+996661]
	Ordinal0 [0x00299FC9+1023945]
	Ordinal0 [0x002934F1+996593]
	Ordinal0 [0x00294416+1000470]
	Ordinal0 [0x0029398D+997773]
	Ordinal0 [0x00293C46+998470]
	Ordinal0 [0x00293535+996661]
	Ordinal0 [0x002992EC+1020652]
	Ordinal0 [0x002934F1+996593]
	Ordinal0 [0x00294416+1000470]
	Ordinal0 [0x0029398D+997773]
	Ordinal0 [0x00293C46+998470]
	Ordinal0 [0x00293535+996661]
	Ordinal0 [0x0028F10D+979213]
	Ordinal0 [0x002934F1+996593]
	Ordinal0 [0x00293290+995984]
	Ordinal0 [0x00293029+995369]
	Ordinal0 [0x002A31C0+1061312]
	Ordinal0 [0x002EA93B+1354043]
	Ordinal0 [0x002E960A+1349130]
	Ordinal0 [0x002E551B+1332507]
	Ordinal0 [0x002C1D74+1187188]
	Ordinal0 [0x002C2BD9+1190873]
	GetHandleVerifier [0x0057EFE6+1504438]
	GetHandleVerifier [0x0062DDA5+2220661]
	GetHandleVerifier [0x00485589+481881]
	GetHandleVerifier [0x00484639+477961]
	Ordinal0 [0x003A28BD+2107581]
	Ordinal0 [0x003A6728+2123560]
	Ordinal0 [0x003A6862+2123874]
	Ordinal0 [0x003AFA81+2161281]
	BaseThreadInitThunk [0x7796FA29+25]
	RtlGetAppContainerNamedObjectPath [0x77DF7A7E+286]
	RtlGetAppContainerNamedObjectPath [0x77DF7A4E+238]

	at org.openqa.selenium.remote.W3CHandshakeResponse.lambda$errorHandler$0(W3CHandshakeResponse.java:62)
	at org.openqa.selenium.remote.HandshakeResponse.lambda$getResponseFunction$0(HandshakeResponse.java:30)
	at org.openqa.selenium.remote.ProtocolHandshake.lambda$createSession$0(ProtocolHandshake.java:126)
	at java.base/java.util.stream.ReferencePipeline$3$1.accept(ReferencePipeline.java:197)
	at java.base/java.util.Spliterators$ArraySpliterator.tryAdvance(Spliterators.java:958)
	at java.base/java.util.stream.ReferencePipeline.forEachWithCancel(ReferencePipeline.java:129)
	at java.base/java.util.stream.AbstractPipeline.copyIntoWithCancel(AbstractPipeline.java:502)
	at java.base/java.util.stream.AbstractPipeline.copyInto(AbstractPipeline.java:488)
	at java.base/java.util.stream.AbstractPipeline.wrapAndCopyInto(AbstractPipeline.java:474)
	at java.base/java.util.stream.FindOps$FindOp.evaluateSequential(FindOps.java:150)
	at java.base/java.util.stream.AbstractPipeline.evaluate(AbstractPipeline.java:234)
	at java.base/java.util.stream.ReferencePipeline.findFirst(ReferencePipeline.java:647)
	at org.openqa.selenium.remote.ProtocolHandshake.createSession(ProtocolHandshake.java:128)
	at org.openqa.selenium.remote.ProtocolHandshake.createSession(ProtocolHandshake.java:74)
	at org.openqa.selenium.remote.HttpCommandExecutor.execute(HttpCommandExecutor.java:136)
	at org.openqa.selenium.remote.service.DriverCommandExecutor.execute(DriverCommandExecutor.java:83)
	at org.openqa.selenium.remote.RemoteWebDriver.execute(RemoteWebDriver.java:552)
	at org.openqa.selenium.remote.RemoteWebDriver.startSession(RemoteWebDriver.java:213)
	at org.openqa.selenium.remote.RemoteWebDriver.&lt;init&gt;(RemoteWebDriver.java:131)
	at org.openqa.selenium.chrome.ChromeDriver.&lt;init&gt;(ChromeDriver.java:181)
	at org.openqa.selenium.chrome.ChromeDriver.&lt;init&gt;(ChromeDriver.java:168)
	at org.openqa.selenium.chrome.ChromeDriver.&lt;init&gt;(ChromeDriver.java:123)
	at test.ContactUsTest.ContactUsTest.beforeTest(ContactUsTest.java:39)
... Removed 29 stack frames</pre></div><a href='#' onClick='toggleBox("stack-trace1130160902", this, "Click to show all stack frames", "Click to hide stack frames")'>Click to show all stack frames</a>
<div class='stack-trace' id='stack-trace1130160902'><pre>org.openqa.selenium.SessionNotCreatedException: session not created
from disconnected: received Inspector.detached event
  (Session info: chrome=93.0.4577.82)
Build info: version: &apos;3.141.59&apos;, revision: &apos;e82be7d358&apos;, time: &apos;2018-11-14T08:17:03&apos;
System info: host: &apos;ARPGL006256&apos;, ip: &apos;192.168.42.124&apos;, os.name: &apos;Windows 10&apos;, os.arch: &apos;amd64&apos;, os.version: &apos;10.0&apos;, java.version: &apos;16.0.2&apos;
Driver info: driver.version: ChromeDriver
remote stacktrace: Backtrace:
	Ordinal0 [0x00402A33+2501171]
	Ordinal0 [0x0039D1C1+2085313]
	Ordinal0 [0x002A1FA8+1056680]
	Ordinal0 [0x00295474+1004660]
	Ordinal0 [0x002950B6+1003702]
	Ordinal0 [0x002947FA+1001466]
	Ordinal0 [0x0029398D+997773]
	Ordinal0 [0x00293C46+998470]
	Ordinal0 [0x00293535+996661]
	Ordinal0 [0x0029E0C4+1040580]
	Ordinal0 [0x002934F1+996593]
	Ordinal0 [0x00294416+1000470]
	Ordinal0 [0x0029398D+997773]
	Ordinal0 [0x00293C46+998470]
	Ordinal0 [0x00293535+996661]
	Ordinal0 [0x0029C13A+1032506]
	Ordinal0 [0x002934F1+996593]
	Ordinal0 [0x00294416+1000470]
	Ordinal0 [0x0029398D+997773]
	Ordinal0 [0x00293C46+998470]
	Ordinal0 [0x00293535+996661]
	Ordinal0 [0x00299FC9+1023945]
	Ordinal0 [0x002934F1+996593]
	Ordinal0 [0x00294416+1000470]
	Ordinal0 [0x0029398D+997773]
	Ordinal0 [0x00293C46+998470]
	Ordinal0 [0x00293535+996661]
	Ordinal0 [0x002992EC+1020652]
	Ordinal0 [0x002934F1+996593]
	Ordinal0 [0x00294416+1000470]
	Ordinal0 [0x0029398D+997773]
	Ordinal0 [0x00293C46+998470]
	Ordinal0 [0x00293535+996661]
	Ordinal0 [0x0028F10D+979213]
	Ordinal0 [0x002934F1+996593]
	Ordinal0 [0x00293290+995984]
	Ordinal0 [0x00293029+995369]
	Ordinal0 [0x002A31C0+1061312]
	Ordinal0 [0x002EA93B+1354043]
	Ordinal0 [0x002E960A+1349130]
	Ordinal0 [0x002E551B+1332507]
	Ordinal0 [0x002C1D74+1187188]
	Ordinal0 [0x002C2BD9+1190873]
	GetHandleVerifier [0x0057EFE6+1504438]
	GetHandleVerifier [0x0062DDA5+2220661]
	GetHandleVerifier [0x00485589+481881]
	GetHandleVerifier [0x00484639+477961]
	Ordinal0 [0x003A28BD+2107581]
	Ordinal0 [0x003A6728+2123560]
	Ordinal0 [0x003A6862+2123874]
	Ordinal0 [0x003AFA81+2161281]
	BaseThreadInitThunk [0x7796FA29+25]
	RtlGetAppContainerNamedObjectPath [0x77DF7A7E+286]
	RtlGetAppContainerNamedObjectPath [0x77DF7A4E+238]

	at java.base/jdk.internal.reflect.NativeConstructorAccessorImpl.newInstance0(Native Method)
	at java.base/jdk.internal.reflect.NativeConstructorAccessorImpl.newInstance(NativeConstructorAccessorImpl.java:78)
	at java.base/jdk.internal.reflect.DelegatingConstructorAccessorImpl.newInstance(DelegatingConstructorAccessorImpl.java:45)
	at java.base/java.lang.reflect.Constructor.newInstanceWithCaller(Constructor.java:499)
	at java.base/java.lang.reflect.Constructor.newInstance(Constructor.java:480)
	at org.openqa.selenium.remote.W3CHandshakeResponse.lambda$errorHandler$0(W3CHandshakeResponse.java:62)
	at org.openqa.selenium.remote.HandshakeResponse.lambda$getResponseFunction$0(HandshakeResponse.java:30)
	at org.openqa.selenium.remote.ProtocolHandshake.lambda$createSession$0(ProtocolHandshake.java:126)
	at java.base/java.util.stream.ReferencePipeline$3$1.accept(ReferencePipeline.java:197)
	at java.base/java.util.Spliterators$ArraySpliterator.tryAdvance(Spliterators.java:958)
	at java.base/java.util.stream.ReferencePipeline.forEachWithCancel(ReferencePipeline.java:129)
	at java.base/java.util.stream.AbstractPipeline.copyIntoWithCancel(AbstractPipeline.java:502)
	at java.base/java.util.stream.AbstractPipeline.copyInto(AbstractPipeline.java:488)
	at java.base/java.util.stream.AbstractPipeline.wrapAndCopyInto(AbstractPipeline.java:474)
	at java.base/java.util.stream.FindOps$FindOp.evaluateSequential(FindOps.java:150)
	at java.base/java.util.stream.AbstractPipeline.evaluate(AbstractPipeline.java:234)
	at java.base/java.util.stream.ReferencePipeline.findFirst(ReferencePipeline.java:647)
	at org.openqa.selenium.remote.ProtocolHandshake.createSession(ProtocolHandshake.java:128)
	at org.openqa.selenium.remote.ProtocolHandshake.createSession(ProtocolHandshake.java:74)
	at org.openqa.selenium.remote.HttpCommandExecutor.execute(HttpCommandExecutor.java:136)
	at org.openqa.selenium.remote.service.DriverCommandExecutor.execute(DriverCommandExecutor.java:83)
	at org.openqa.selenium.remote.RemoteWebDriver.execute(RemoteWebDriver.java:552)
	at org.openqa.selenium.remote.RemoteWebDriver.startSession(RemoteWebDriver.java:213)
	at org.openqa.selenium.remote.RemoteWebDriver.&lt;init&gt;(RemoteWebDriver.java:131)
	at org.openqa.selenium.chrome.ChromeDriver.&lt;init&gt;(ChromeDriver.java:181)
	at org.openqa.selenium.chrome.ChromeDriver.&lt;init&gt;(ChromeDriver.java:168)
	at org.openqa.selenium.chrome.ChromeDriver.&lt;init&gt;(ChromeDriver.java:123)
	at test.ContactUsTest.ContactUsTest.beforeTest(ContactUsTest.java:39)
	at java.base/jdk.internal.reflect.NativeMethodAccessorImpl.invoke0(Native Method)
	at java.base/jdk.internal.reflect.NativeMethodAccessorImpl.invoke(NativeMethodAccessorImpl.java:78)
	at java.base/jdk.internal.reflect.DelegatingMethodAccessorImpl.invoke(DelegatingMethodAccessorImpl.java:43)
	at java.base/java.lang.reflect.Method.invoke(Method.java:567)
	at org.testng.internal.MethodInvocationHelper.invokeMethod(MethodInvocationHelper.java:133)
	at org.testng.internal.MethodInvocationHelper.invokeMethodConsideringTimeout(MethodInvocationHelper.java:62)
	at org.testng.internal.ConfigInvoker.invokeConfigurationMethod(ConfigInvoker.java:385)
	at org.testng.internal.ConfigInvoker.invokeConfigurations(ConfigInvoker.java:321)
	at org.testng.TestRunner.invokeTestConfigurations(TestRunner.java:637)
	at org.testng.TestRunner.beforeRun(TestRunner.java:627)
	at org.testng.TestRunner.run(TestRunner.java:589)
	at org.testng.SuiteRunner.runTest(SuiteRunner.java:377)
	at org.testng.SuiteRunner.runSequentially(SuiteRunner.java:371)
	at org.testng.SuiteRunner.privateRun(SuiteRunner.java:332)
	at org.testng.SuiteRunner.run(SuiteRunner.java:276)
	at org.testng.SuiteRunnerWorker.runSuite(SuiteRunnerWorker.java:53)
	at org.testng.SuiteRunnerWorker.run(SuiteRunnerWorker.java:96)
	at org.testng.TestNG.runSuitesSequentially(TestNG.java:1212)
	at org.testng.TestNG.runSuitesLocally(TestNG.java:1134)
	at org.testng.TestNG.runSuites(TestNG.java:1063)
	at org.testng.TestNG.run(TestNG.java:1031)
	at org.testng.remote.AbstractRemoteTestNG.run(AbstractRemoteTestNG.java:115)
	at org.testng.remote.RemoteTestNG.initAndRun(RemoteTestNG.java:251)
	at org.testng.remote.RemoteTestNG.main(RemoteTestNG.java:77)
</pre></div></td>
<td>0</td>
<td>test.usersignup.ForgotPassword@26e356f0</td></tr>
<tr>
<td title='test.usersignup.SignUp.signupTestInvalid()'><b>signupTestInvalid</b><br>Test class: test.usersignup.SignUp</td>
<td><div><pre>org.openqa.selenium.SessionNotCreatedException: session not created
from disconnected: received Inspector.detached event
  (Session info: chrome=93.0.4577.82)
Build info: version: &apos;3.141.59&apos;, revision: &apos;e82be7d358&apos;, time: &apos;2018-11-14T08:17:03&apos;
System info: host: &apos;ARPGL006256&apos;, ip: &apos;192.168.42.124&apos;, os.name: &apos;Windows 10&apos;, os.arch: &apos;amd64&apos;, os.version: &apos;10.0&apos;, java.version: &apos;16.0.2&apos;
Driver info: driver.version: ChromeDriver
remote stacktrace: Backtrace:
	Ordinal0 [0x00402A33+2501171]
	Ordinal0 [0x0039D1C1+2085313]
	Ordinal0 [0x002A1FA8+1056680]
	Ordinal0 [0x00295474+1004660]
	Ordinal0 [0x002950B6+1003702]
	Ordinal0 [0x002947FA+1001466]
	Ordinal0 [0x0029398D+997773]
	Ordinal0 [0x00293C46+998470]
	Ordinal0 [0x00293535+996661]
	Ordinal0 [0x0029E0C4+1040580]
	Ordinal0 [0x002934F1+996593]
	Ordinal0 [0x00294416+1000470]
	Ordinal0 [0x0029398D+997773]
	Ordinal0 [0x00293C46+998470]
	Ordinal0 [0x00293535+996661]
	Ordinal0 [0x0029C13A+1032506]
	Ordinal0 [0x002934F1+996593]
	Ordinal0 [0x00294416+1000470]
	Ordinal0 [0x0029398D+997773]
	Ordinal0 [0x00293C46+998470]
	Ordinal0 [0x00293535+996661]
	Ordinal0 [0x00299FC9+1023945]
	Ordinal0 [0x002934F1+996593]
	Ordinal0 [0x00294416+1000470]
	Ordinal0 [0x0029398D+997773]
	Ordinal0 [0x00293C46+998470]
	Ordinal0 [0x00293535+996661]
	Ordinal0 [0x002992EC+1020652]
	Ordinal0 [0x002934F1+996593]
	Ordinal0 [0x00294416+1000470]
	Ordinal0 [0x0029398D+997773]
	Ordinal0 [0x00293C46+998470]
	Ordinal0 [0x00293535+996661]
	Ordinal0 [0x0028F10D+979213]
	Ordinal0 [0x002934F1+996593]
	Ordinal0 [0x00293290+995984]
	Ordinal0 [0x00293029+995369]
	Ordinal0 [0x002A31C0+1061312]
	Ordinal0 [0x002EA93B+1354043]
	Ordinal0 [0x002E960A+1349130]
	Ordinal0 [0x002E551B+1332507]
	Ordinal0 [0x002C1D74+1187188]
	Ordinal0 [0x002C2BD9+1190873]
	GetHandleVerifier [0x0057EFE6+1504438]
	GetHandleVerifier [0x0062DDA5+2220661]
	GetHandleVerifier [0x00485589+481881]
	GetHandleVerifier [0x00484639+477961]
	Ordinal0 [0x003A28BD+2107581]
	Ordinal0 [0x003A6728+2123560]
	Ordinal0 [0x003A6862+2123874]
	Ordinal0 [0x003AFA81+2161281]
	BaseThreadInitThunk [0x7796FA29+25]
	RtlGetAppContainerNamedObjectPath [0x77DF7A7E+286]
	RtlGetAppContainerNamedObjectPath [0x77DF7A4E+238]

	at org.openqa.selenium.remote.W3CHandshakeResponse.lambda$errorHandler$0(W3CHandshakeResponse.java:62)
	at org.openqa.selenium.remote.HandshakeResponse.lambda$getResponseFunction$0(HandshakeResponse.java:30)
	at org.openqa.selenium.remote.ProtocolHandshake.lambda$createSession$0(ProtocolHandshake.java:126)
	at java.base/java.util.stream.ReferencePipeline$3$1.accept(ReferencePipeline.java:197)
	at java.base/java.util.Spliterators$ArraySpliterator.tryAdvance(Spliterators.java:958)
	at java.base/java.util.stream.ReferencePipeline.forEachWithCancel(ReferencePipeline.java:129)
	at java.base/java.util.stream.AbstractPipeline.copyIntoWithCancel(AbstractPipeline.java:502)
	at java.base/java.util.stream.AbstractPipeline.copyInto(AbstractPipeline.java:488)
	at java.base/java.util.stream.AbstractPipeline.wrapAndCopyInto(AbstractPipeline.java:474)
	at java.base/java.util.stream.FindOps$FindOp.evaluateSequential(FindOps.java:150)
	at java.base/java.util.stream.AbstractPipeline.evaluate(AbstractPipeline.java:234)
	at java.base/java.util.stream.ReferencePipeline.findFirst(ReferencePipeline.java:647)
	at org.openqa.selenium.remote.ProtocolHandshake.createSession(ProtocolHandshake.java:128)
	at org.openqa.selenium.remote.ProtocolHandshake.createSession(ProtocolHandshake.java:74)
	at org.openqa.selenium.remote.HttpCommandExecutor.execute(HttpCommandExecutor.java:136)
	at org.openqa.selenium.remote.service.DriverCommandExecutor.execute(DriverCommandExecutor.java:83)
	at org.openqa.selenium.remote.RemoteWebDriver.execute(RemoteWebDriver.java:552)
	at org.openqa.selenium.remote.RemoteWebDriver.startSession(RemoteWebDriver.java:213)
	at org.openqa.selenium.remote.RemoteWebDriver.&lt;init&gt;(RemoteWebDriver.java:131)
	at org.openqa.selenium.chrome.ChromeDriver.&lt;init&gt;(ChromeDriver.java:181)
	at org.openqa.selenium.chrome.ChromeDriver.&lt;init&gt;(ChromeDriver.java:168)
	at org.openqa.selenium.chrome.ChromeDriver.&lt;init&gt;(ChromeDriver.java:123)
	at test.ContactUsTest.ContactUsTest.beforeTest(ContactUsTest.java:39)
... Removed 29 stack frames</pre></div><a href='#' onClick='toggleBox("stack-trace2112135199", this, "Click to show all stack frames", "Click to hide stack frames")'>Click to show all stack frames</a>
<div class='stack-trace' id='stack-trace2112135199'><pre>org.openqa.selenium.SessionNotCreatedException: session not created
from disconnected: received Inspector.detached event
  (Session info: chrome=93.0.4577.82)
Build info: version: &apos;3.141.59&apos;, revision: &apos;e82be7d358&apos;, time: &apos;2018-11-14T08:17:03&apos;
System info: host: &apos;ARPGL006256&apos;, ip: &apos;192.168.42.124&apos;, os.name: &apos;Windows 10&apos;, os.arch: &apos;amd64&apos;, os.version: &apos;10.0&apos;, java.version: &apos;16.0.2&apos;
Driver info: driver.version: ChromeDriver
remote stacktrace: Backtrace:
	Ordinal0 [0x00402A33+2501171]
	Ordinal0 [0x0039D1C1+2085313]
	Ordinal0 [0x002A1FA8+1056680]
	Ordinal0 [0x00295474+1004660]
	Ordinal0 [0x002950B6+1003702]
	Ordinal0 [0x002947FA+1001466]
	Ordinal0 [0x0029398D+997773]
	Ordinal0 [0x00293C46+998470]
	Ordinal0 [0x00293535+996661]
	Ordinal0 [0x0029E0C4+1040580]
	Ordinal0 [0x002934F1+996593]
	Ordinal0 [0x00294416+1000470]
	Ordinal0 [0x0029398D+997773]
	Ordinal0 [0x00293C46+998470]
	Ordinal0 [0x00293535+996661]
	Ordinal0 [0x0029C13A+1032506]
	Ordinal0 [0x002934F1+996593]
	Ordinal0 [0x00294416+1000470]
	Ordinal0 [0x0029398D+997773]
	Ordinal0 [0x00293C46+998470]
	Ordinal0 [0x00293535+996661]
	Ordinal0 [0x00299FC9+1023945]
	Ordinal0 [0x002934F1+996593]
	Ordinal0 [0x00294416+1000470]
	Ordinal0 [0x0029398D+997773]
	Ordinal0 [0x00293C46+998470]
	Ordinal0 [0x00293535+996661]
	Ordinal0 [0x002992EC+1020652]
	Ordinal0 [0x002934F1+996593]
	Ordinal0 [0x00294416+1000470]
	Ordinal0 [0x0029398D+997773]
	Ordinal0 [0x00293C46+998470]
	Ordinal0 [0x00293535+996661]
	Ordinal0 [0x0028F10D+979213]
	Ordinal0 [0x002934F1+996593]
	Ordinal0 [0x00293290+995984]
	Ordinal0 [0x00293029+995369]
	Ordinal0 [0x002A31C0+1061312]
	Ordinal0 [0x002EA93B+1354043]
	Ordinal0 [0x002E960A+1349130]
	Ordinal0 [0x002E551B+1332507]
	Ordinal0 [0x002C1D74+1187188]
	Ordinal0 [0x002C2BD9+1190873]
	GetHandleVerifier [0x0057EFE6+1504438]
	GetHandleVerifier [0x0062DDA5+2220661]
	GetHandleVerifier [0x00485589+481881]
	GetHandleVerifier [0x00484639+477961]
	Ordinal0 [0x003A28BD+2107581]
	Ordinal0 [0x003A6728+2123560]
	Ordinal0 [0x003A6862+2123874]
	Ordinal0 [0x003AFA81+2161281]
	BaseThreadInitThunk [0x7796FA29+25]
	RtlGetAppContainerNamedObjectPath [0x77DF7A7E+286]
	RtlGetAppContainerNamedObjectPath [0x77DF7A4E+238]

	at java.base/jdk.internal.reflect.NativeConstructorAccessorImpl.newInstance0(Native Method)
	at java.base/jdk.internal.reflect.NativeConstructorAccessorImpl.newInstance(NativeConstructorAccessorImpl.java:78)
	at java.base/jdk.internal.reflect.DelegatingConstructorAccessorImpl.newInstance(DelegatingConstructorAccessorImpl.java:45)
	at java.base/java.lang.reflect.Constructor.newInstanceWithCaller(Constructor.java:499)
	at java.base/java.lang.reflect.Constructor.newInstance(Constructor.java:480)
	at org.openqa.selenium.remote.W3CHandshakeResponse.lambda$errorHandler$0(W3CHandshakeResponse.java:62)
	at org.openqa.selenium.remote.HandshakeResponse.lambda$getResponseFunction$0(HandshakeResponse.java:30)
	at org.openqa.selenium.remote.ProtocolHandshake.lambda$createSession$0(ProtocolHandshake.java:126)
	at java.base/java.util.stream.ReferencePipeline$3$1.accept(ReferencePipeline.java:197)
	at java.base/java.util.Spliterators$ArraySpliterator.tryAdvance(Spliterators.java:958)
	at java.base/java.util.stream.ReferencePipeline.forEachWithCancel(ReferencePipeline.java:129)
	at java.base/java.util.stream.AbstractPipeline.copyIntoWithCancel(AbstractPipeline.java:502)
	at java.base/java.util.stream.AbstractPipeline.copyInto(AbstractPipeline.java:488)
	at java.base/java.util.stream.AbstractPipeline.wrapAndCopyInto(AbstractPipeline.java:474)
	at java.base/java.util.stream.FindOps$FindOp.evaluateSequential(FindOps.java:150)
	at java.base/java.util.stream.AbstractPipeline.evaluate(AbstractPipeline.java:234)
	at java.base/java.util.stream.ReferencePipeline.findFirst(ReferencePipeline.java:647)
	at org.openqa.selenium.remote.ProtocolHandshake.createSession(ProtocolHandshake.java:128)
	at org.openqa.selenium.remote.ProtocolHandshake.createSession(ProtocolHandshake.java:74)
	at org.openqa.selenium.remote.HttpCommandExecutor.execute(HttpCommandExecutor.java:136)
	at org.openqa.selenium.remote.service.DriverCommandExecutor.execute(DriverCommandExecutor.java:83)
	at org.openqa.selenium.remote.RemoteWebDriver.execute(RemoteWebDriver.java:552)
	at org.openqa.selenium.remote.RemoteWebDriver.startSession(RemoteWebDriver.java:213)
	at org.openqa.selenium.remote.RemoteWebDriver.&lt;init&gt;(RemoteWebDriver.java:131)
	at org.openqa.selenium.chrome.ChromeDriver.&lt;init&gt;(ChromeDriver.java:181)
	at org.openqa.selenium.chrome.ChromeDriver.&lt;init&gt;(ChromeDriver.java:168)
	at org.openqa.selenium.chrome.ChromeDriver.&lt;init&gt;(ChromeDriver.java:123)
	at test.ContactUsTest.ContactUsTest.beforeTest(ContactUsTest.java:39)
	at java.base/jdk.internal.reflect.NativeMethodAccessorImpl.invoke0(Native Method)
	at java.base/jdk.internal.reflect.NativeMethodAccessorImpl.invoke(NativeMethodAccessorImpl.java:78)
	at java.base/jdk.internal.reflect.DelegatingMethodAccessorImpl.invoke(DelegatingMethodAccessorImpl.java:43)
	at java.base/java.lang.reflect.Method.invoke(Method.java:567)
	at org.testng.internal.MethodInvocationHelper.invokeMethod(MethodInvocationHelper.java:133)
	at org.testng.internal.MethodInvocationHelper.invokeMethodConsideringTimeout(MethodInvocationHelper.java:62)
	at org.testng.internal.ConfigInvoker.invokeConfigurationMethod(ConfigInvoker.java:385)
	at org.testng.internal.ConfigInvoker.invokeConfigurations(ConfigInvoker.java:321)
	at org.testng.TestRunner.invokeTestConfigurations(TestRunner.java:637)
	at org.testng.TestRunner.beforeRun(TestRunner.java:627)
	at org.testng.TestRunner.run(TestRunner.java:589)
	at org.testng.SuiteRunner.runTest(SuiteRunner.java:377)
	at org.testng.SuiteRunner.runSequentially(SuiteRunner.java:371)
	at org.testng.SuiteRunner.privateRun(SuiteRunner.java:332)
	at org.testng.SuiteRunner.run(SuiteRunner.java:276)
	at org.testng.SuiteRunnerWorker.runSuite(SuiteRunnerWorker.java:53)
	at org.testng.SuiteRunnerWorker.run(SuiteRunnerWorker.java:96)
	at org.testng.TestNG.runSuitesSequentially(TestNG.java:1212)
	at org.testng.TestNG.runSuitesLocally(TestNG.java:1134)
	at org.testng.TestNG.runSuites(TestNG.java:1063)
	at org.testng.TestNG.run(TestNG.java:1031)
	at org.testng.remote.AbstractRemoteTestNG.run(AbstractRemoteTestNG.java:115)
	at org.testng.remote.RemoteTestNG.initAndRun(RemoteTestNG.java:251)
	at org.testng.remote.RemoteTestNG.main(RemoteTestNG.java:77)
</pre></div></td>
<td>0</td>
<td>test.usersignup.SignUp@201a4587</td></tr>
<tr>
<td title='test.carlistingTests.BookCarTests.bookCarRequireFieldTest()'><b>bookCarRequireFieldTest</b><br>Test class: test.carlistingTests.BookCarTests</td>
<td><div><pre>org.openqa.selenium.SessionNotCreatedException: session not created
from disconnected: received Inspector.detached event
  (Session info: chrome=93.0.4577.82)
Build info: version: &apos;3.141.59&apos;, revision: &apos;e82be7d358&apos;, time: &apos;2018-11-14T08:17:03&apos;
System info: host: &apos;ARPGL006256&apos;, ip: &apos;192.168.42.124&apos;, os.name: &apos;Windows 10&apos;, os.arch: &apos;amd64&apos;, os.version: &apos;10.0&apos;, java.version: &apos;16.0.2&apos;
Driver info: driver.version: ChromeDriver
remote stacktrace: Backtrace:
	Ordinal0 [0x00402A33+2501171]
	Ordinal0 [0x0039D1C1+2085313]
	Ordinal0 [0x002A1FA8+1056680]
	Ordinal0 [0x00295474+1004660]
	Ordinal0 [0x002950B6+1003702]
	Ordinal0 [0x002947FA+1001466]
	Ordinal0 [0x0029398D+997773]
	Ordinal0 [0x00293C46+998470]
	Ordinal0 [0x00293535+996661]
	Ordinal0 [0x0029E0C4+1040580]
	Ordinal0 [0x002934F1+996593]
	Ordinal0 [0x00294416+1000470]
	Ordinal0 [0x0029398D+997773]
	Ordinal0 [0x00293C46+998470]
	Ordinal0 [0x00293535+996661]
	Ordinal0 [0x0029C13A+1032506]
	Ordinal0 [0x002934F1+996593]
	Ordinal0 [0x00294416+1000470]
	Ordinal0 [0x0029398D+997773]
	Ordinal0 [0x00293C46+998470]
	Ordinal0 [0x00293535+996661]
	Ordinal0 [0x00299FC9+1023945]
	Ordinal0 [0x002934F1+996593]
	Ordinal0 [0x00294416+1000470]
	Ordinal0 [0x0029398D+997773]
	Ordinal0 [0x00293C46+998470]
	Ordinal0 [0x00293535+996661]
	Ordinal0 [0x002992EC+1020652]
	Ordinal0 [0x002934F1+996593]
	Ordinal0 [0x00294416+1000470]
	Ordinal0 [0x0029398D+997773]
	Ordinal0 [0x00293C46+998470]
	Ordinal0 [0x00293535+996661]
	Ordinal0 [0x0028F10D+979213]
	Ordinal0 [0x002934F1+996593]
	Ordinal0 [0x00293290+995984]
	Ordinal0 [0x00293029+995369]
	Ordinal0 [0x002A31C0+1061312]
	Ordinal0 [0x002EA93B+1354043]
	Ordinal0 [0x002E960A+1349130]
	Ordinal0 [0x002E551B+1332507]
	Ordinal0 [0x002C1D74+1187188]
	Ordinal0 [0x002C2BD9+1190873]
	GetHandleVerifier [0x0057EFE6+1504438]
	GetHandleVerifier [0x0062DDA5+2220661]
	GetHandleVerifier [0x00485589+481881]
	GetHandleVerifier [0x00484639+477961]
	Ordinal0 [0x003A28BD+2107581]
	Ordinal0 [0x003A6728+2123560]
	Ordinal0 [0x003A6862+2123874]
	Ordinal0 [0x003AFA81+2161281]
	BaseThreadInitThunk [0x7796FA29+25]
	RtlGetAppContainerNamedObjectPath [0x77DF7A7E+286]
	RtlGetAppContainerNamedObjectPath [0x77DF7A4E+238]

	at org.openqa.selenium.remote.W3CHandshakeResponse.lambda$errorHandler$0(W3CHandshakeResponse.java:62)
	at org.openqa.selenium.remote.HandshakeResponse.lambda$getResponseFunction$0(HandshakeResponse.java:30)
	at org.openqa.selenium.remote.ProtocolHandshake.lambda$createSession$0(ProtocolHandshake.java:126)
	at java.base/java.util.stream.ReferencePipeline$3$1.accept(ReferencePipeline.java:197)
	at java.base/java.util.Spliterators$ArraySpliterator.tryAdvance(Spliterators.java:958)
	at java.base/java.util.stream.ReferencePipeline.forEachWithCancel(ReferencePipeline.java:129)
	at java.base/java.util.stream.AbstractPipeline.copyIntoWithCancel(AbstractPipeline.java:502)
	at java.base/java.util.stream.AbstractPipeline.copyInto(AbstractPipeline.java:488)
	at java.base/java.util.stream.AbstractPipeline.wrapAndCopyInto(AbstractPipeline.java:474)
	at java.base/java.util.stream.FindOps$FindOp.evaluateSequential(FindOps.java:150)
	at java.base/java.util.stream.AbstractPipeline.evaluate(AbstractPipeline.java:234)
	at java.base/java.util.stream.ReferencePipeline.findFirst(ReferencePipeline.java:647)
	at org.openqa.selenium.remote.ProtocolHandshake.createSession(ProtocolHandshake.java:128)
	at org.openqa.selenium.remote.ProtocolHandshake.createSession(ProtocolHandshake.java:74)
	at org.openqa.selenium.remote.HttpCommandExecutor.execute(HttpCommandExecutor.java:136)
	at org.openqa.selenium.remote.service.DriverCommandExecutor.execute(DriverCommandExecutor.java:83)
	at org.openqa.selenium.remote.RemoteWebDriver.execute(RemoteWebDriver.java:552)
	at org.openqa.selenium.remote.RemoteWebDriver.startSession(RemoteWebDriver.java:213)
	at org.openqa.selenium.remote.RemoteWebDriver.&lt;init&gt;(RemoteWebDriver.java:131)
	at org.openqa.selenium.chrome.ChromeDriver.&lt;init&gt;(ChromeDriver.java:181)
	at org.openqa.selenium.chrome.ChromeDriver.&lt;init&gt;(ChromeDriver.java:168)
	at org.openqa.selenium.chrome.ChromeDriver.&lt;init&gt;(ChromeDriver.java:123)
	at test.ContactUsTest.ContactUsTest.beforeTest(ContactUsTest.java:39)
... Removed 29 stack frames</pre></div><a href='#' onClick='toggleBox("stack-trace185164978", this, "Click to show all stack frames", "Click to hide stack frames")'>Click to show all stack frames</a>
<div class='stack-trace' id='stack-trace185164978'><pre>org.openqa.selenium.SessionNotCreatedException: session not created
from disconnected: received Inspector.detached event
  (Session info: chrome=93.0.4577.82)
Build info: version: &apos;3.141.59&apos;, revision: &apos;e82be7d358&apos;, time: &apos;2018-11-14T08:17:03&apos;
System info: host: &apos;ARPGL006256&apos;, ip: &apos;192.168.42.124&apos;, os.name: &apos;Windows 10&apos;, os.arch: &apos;amd64&apos;, os.version: &apos;10.0&apos;, java.version: &apos;16.0.2&apos;
Driver info: driver.version: ChromeDriver
remote stacktrace: Backtrace:
	Ordinal0 [0x00402A33+2501171]
	Ordinal0 [0x0039D1C1+2085313]
	Ordinal0 [0x002A1FA8+1056680]
	Ordinal0 [0x00295474+1004660]
	Ordinal0 [0x002950B6+1003702]
	Ordinal0 [0x002947FA+1001466]
	Ordinal0 [0x0029398D+997773]
	Ordinal0 [0x00293C46+998470]
	Ordinal0 [0x00293535+996661]
	Ordinal0 [0x0029E0C4+1040580]
	Ordinal0 [0x002934F1+996593]
	Ordinal0 [0x00294416+1000470]
	Ordinal0 [0x0029398D+997773]
	Ordinal0 [0x00293C46+998470]
	Ordinal0 [0x00293535+996661]
	Ordinal0 [0x0029C13A+1032506]
	Ordinal0 [0x002934F1+996593]
	Ordinal0 [0x00294416+1000470]
	Ordinal0 [0x0029398D+997773]
	Ordinal0 [0x00293C46+998470]
	Ordinal0 [0x00293535+996661]
	Ordinal0 [0x00299FC9+1023945]
	Ordinal0 [0x002934F1+996593]
	Ordinal0 [0x00294416+1000470]
	Ordinal0 [0x0029398D+997773]
	Ordinal0 [0x00293C46+998470]
	Ordinal0 [0x00293535+996661]
	Ordinal0 [0x002992EC+1020652]
	Ordinal0 [0x002934F1+996593]
	Ordinal0 [0x00294416+1000470]
	Ordinal0 [0x0029398D+997773]
	Ordinal0 [0x00293C46+998470]
	Ordinal0 [0x00293535+996661]
	Ordinal0 [0x0028F10D+979213]
	Ordinal0 [0x002934F1+996593]
	Ordinal0 [0x00293290+995984]
	Ordinal0 [0x00293029+995369]
	Ordinal0 [0x002A31C0+1061312]
	Ordinal0 [0x002EA93B+1354043]
	Ordinal0 [0x002E960A+1349130]
	Ordinal0 [0x002E551B+1332507]
	Ordinal0 [0x002C1D74+1187188]
	Ordinal0 [0x002C2BD9+1190873]
	GetHandleVerifier [0x0057EFE6+1504438]
	GetHandleVerifier [0x0062DDA5+2220661]
	GetHandleVerifier [0x00485589+481881]
	GetHandleVerifier [0x00484639+477961]
	Ordinal0 [0x003A28BD+2107581]
	Ordinal0 [0x003A6728+2123560]
	Ordinal0 [0x003A6862+2123874]
	Ordinal0 [0x003AFA81+2161281]
	BaseThreadInitThunk [0x7796FA29+25]
	RtlGetAppContainerNamedObjectPath [0x77DF7A7E+286]
	RtlGetAppContainerNamedObjectPath [0x77DF7A4E+238]

	at java.base/jdk.internal.reflect.NativeConstructorAccessorImpl.newInstance0(Native Method)
	at java.base/jdk.internal.reflect.NativeConstructorAccessorImpl.newInstance(NativeConstructorAccessorImpl.java:78)
	at java.base/jdk.internal.reflect.DelegatingConstructorAccessorImpl.newInstance(DelegatingConstructorAccessorImpl.java:45)
	at java.base/java.lang.reflect.Constructor.newInstanceWithCaller(Constructor.java:499)
	at java.base/java.lang.reflect.Constructor.newInstance(Constructor.java:480)
	at org.openqa.selenium.remote.W3CHandshakeResponse.lambda$errorHandler$0(W3CHandshakeResponse.java:62)
	at org.openqa.selenium.remote.HandshakeResponse.lambda$getResponseFunction$0(HandshakeResponse.java:30)
	at org.openqa.selenium.remote.ProtocolHandshake.lambda$createSession$0(ProtocolHandshake.java:126)
	at java.base/java.util.stream.ReferencePipeline$3$1.accept(ReferencePipeline.java:197)
	at java.base/java.util.Spliterators$ArraySpliterator.tryAdvance(Spliterators.java:958)
	at java.base/java.util.stream.ReferencePipeline.forEachWithCancel(ReferencePipeline.java:129)
	at java.base/java.util.stream.AbstractPipeline.copyIntoWithCancel(AbstractPipeline.java:502)
	at java.base/java.util.stream.AbstractPipeline.copyInto(AbstractPipeline.java:488)
	at java.base/java.util.stream.AbstractPipeline.wrapAndCopyInto(AbstractPipeline.java:474)
	at java.base/java.util.stream.FindOps$FindOp.evaluateSequential(FindOps.java:150)
	at java.base/java.util.stream.AbstractPipeline.evaluate(AbstractPipeline.java:234)
	at java.base/java.util.stream.ReferencePipeline.findFirst(ReferencePipeline.java:647)
	at org.openqa.selenium.remote.ProtocolHandshake.createSession(ProtocolHandshake.java:128)
	at org.openqa.selenium.remote.ProtocolHandshake.createSession(ProtocolHandshake.java:74)
	at org.openqa.selenium.remote.HttpCommandExecutor.execute(HttpCommandExecutor.java:136)
	at org.openqa.selenium.remote.service.DriverCommandExecutor.execute(DriverCommandExecutor.java:83)
	at org.openqa.selenium.remote.RemoteWebDriver.execute(RemoteWebDriver.java:552)
	at org.openqa.selenium.remote.RemoteWebDriver.startSession(RemoteWebDriver.java:213)
	at org.openqa.selenium.remote.RemoteWebDriver.&lt;init&gt;(RemoteWebDriver.java:131)
	at org.openqa.selenium.chrome.ChromeDriver.&lt;init&gt;(ChromeDriver.java:181)
	at org.openqa.selenium.chrome.ChromeDriver.&lt;init&gt;(ChromeDriver.java:168)
	at org.openqa.selenium.chrome.ChromeDriver.&lt;init&gt;(ChromeDriver.java:123)
	at test.ContactUsTest.ContactUsTest.beforeTest(ContactUsTest.java:39)
	at java.base/jdk.internal.reflect.NativeMethodAccessorImpl.invoke0(Native Method)
	at java.base/jdk.internal.reflect.NativeMethodAccessorImpl.invoke(NativeMethodAccessorImpl.java:78)
	at java.base/jdk.internal.reflect.DelegatingMethodAccessorImpl.invoke(DelegatingMethodAccessorImpl.java:43)
	at java.base/java.lang.reflect.Method.invoke(Method.java:567)
	at org.testng.internal.MethodInvocationHelper.invokeMethod(MethodInvocationHelper.java:133)
	at org.testng.internal.MethodInvocationHelper.invokeMethodConsideringTimeout(MethodInvocationHelper.java:62)
	at org.testng.internal.ConfigInvoker.invokeConfigurationMethod(ConfigInvoker.java:385)
	at org.testng.internal.ConfigInvoker.invokeConfigurations(ConfigInvoker.java:321)
	at org.testng.TestRunner.invokeTestConfigurations(TestRunner.java:637)
	at org.testng.TestRunner.beforeRun(TestRunner.java:627)
	at org.testng.TestRunner.run(TestRunner.java:589)
	at org.testng.SuiteRunner.runTest(SuiteRunner.java:377)
	at org.testng.SuiteRunner.runSequentially(SuiteRunner.java:371)
	at org.testng.SuiteRunner.privateRun(SuiteRunner.java:332)
	at org.testng.SuiteRunner.run(SuiteRunner.java:276)
	at org.testng.SuiteRunnerWorker.runSuite(SuiteRunnerWorker.java:53)
	at org.testng.SuiteRunnerWorker.run(SuiteRunnerWorker.java:96)
	at org.testng.TestNG.runSuitesSequentially(TestNG.java:1212)
	at org.testng.TestNG.runSuitesLocally(TestNG.java:1134)
	at org.testng.TestNG.runSuites(TestNG.java:1063)
	at org.testng.TestNG.run(TestNG.java:1031)
	at org.testng.remote.AbstractRemoteTestNG.run(AbstractRemoteTestNG.java:115)
	at org.testng.remote.RemoteTestNG.initAndRun(RemoteTestNG.java:251)
	at org.testng.remote.RemoteTestNG.main(RemoteTestNG.java:77)
</pre></div></td>
<td>0</td>
<td>test.carlistingTests.BookCarTests@1151e434</td></tr>
<tr>
<td title='test.adminfunctional.AdminPassword.changePasswordThree()'><b>changePasswordThree</b><br>Test class: test.adminfunctional.AdminPassword</td>
<td><div><pre>org.openqa.selenium.SessionNotCreatedException: session not created
from disconnected: received Inspector.detached event
  (Session info: chrome=93.0.4577.82)
Build info: version: &apos;3.141.59&apos;, revision: &apos;e82be7d358&apos;, time: &apos;2018-11-14T08:17:03&apos;
System info: host: &apos;ARPGL006256&apos;, ip: &apos;192.168.42.124&apos;, os.name: &apos;Windows 10&apos;, os.arch: &apos;amd64&apos;, os.version: &apos;10.0&apos;, java.version: &apos;16.0.2&apos;
Driver info: driver.version: ChromeDriver
remote stacktrace: Backtrace:
	Ordinal0 [0x00402A33+2501171]
	Ordinal0 [0x0039D1C1+2085313]
	Ordinal0 [0x002A1FA8+1056680]
	Ordinal0 [0x00295474+1004660]
	Ordinal0 [0x002950B6+1003702]
	Ordinal0 [0x002947FA+1001466]
	Ordinal0 [0x0029398D+997773]
	Ordinal0 [0x00293C46+998470]
	Ordinal0 [0x00293535+996661]
	Ordinal0 [0x0029E0C4+1040580]
	Ordinal0 [0x002934F1+996593]
	Ordinal0 [0x00294416+1000470]
	Ordinal0 [0x0029398D+997773]
	Ordinal0 [0x00293C46+998470]
	Ordinal0 [0x00293535+996661]
	Ordinal0 [0x0029C13A+1032506]
	Ordinal0 [0x002934F1+996593]
	Ordinal0 [0x00294416+1000470]
	Ordinal0 [0x0029398D+997773]
	Ordinal0 [0x00293C46+998470]
	Ordinal0 [0x00293535+996661]
	Ordinal0 [0x00299FC9+1023945]
	Ordinal0 [0x002934F1+996593]
	Ordinal0 [0x00294416+1000470]
	Ordinal0 [0x0029398D+997773]
	Ordinal0 [0x00293C46+998470]
	Ordinal0 [0x00293535+996661]
	Ordinal0 [0x002992EC+1020652]
	Ordinal0 [0x002934F1+996593]
	Ordinal0 [0x00294416+1000470]
	Ordinal0 [0x0029398D+997773]
	Ordinal0 [0x00293C46+998470]
	Ordinal0 [0x00293535+996661]
	Ordinal0 [0x0028F10D+979213]
	Ordinal0 [0x002934F1+996593]
	Ordinal0 [0x00293290+995984]
	Ordinal0 [0x00293029+995369]
	Ordinal0 [0x002A31C0+1061312]
	Ordinal0 [0x002EA93B+1354043]
	Ordinal0 [0x002E960A+1349130]
	Ordinal0 [0x002E551B+1332507]
	Ordinal0 [0x002C1D74+1187188]
	Ordinal0 [0x002C2BD9+1190873]
	GetHandleVerifier [0x0057EFE6+1504438]
	GetHandleVerifier [0x0062DDA5+2220661]
	GetHandleVerifier [0x00485589+481881]
	GetHandleVerifier [0x00484639+477961]
	Ordinal0 [0x003A28BD+2107581]
	Ordinal0 [0x003A6728+2123560]
	Ordinal0 [0x003A6862+2123874]
	Ordinal0 [0x003AFA81+2161281]
	BaseThreadInitThunk [0x7796FA29+25]
	RtlGetAppContainerNamedObjectPath [0x77DF7A7E+286]
	RtlGetAppContainerNamedObjectPath [0x77DF7A4E+238]

	at org.openqa.selenium.remote.W3CHandshakeResponse.lambda$errorHandler$0(W3CHandshakeResponse.java:62)
	at org.openqa.selenium.remote.HandshakeResponse.lambda$getResponseFunction$0(HandshakeResponse.java:30)
	at org.openqa.selenium.remote.ProtocolHandshake.lambda$createSession$0(ProtocolHandshake.java:126)
	at java.base/java.util.stream.ReferencePipeline$3$1.accept(ReferencePipeline.java:197)
	at java.base/java.util.Spliterators$ArraySpliterator.tryAdvance(Spliterators.java:958)
	at java.base/java.util.stream.ReferencePipeline.forEachWithCancel(ReferencePipeline.java:129)
	at java.base/java.util.stream.AbstractPipeline.copyIntoWithCancel(AbstractPipeline.java:502)
	at java.base/java.util.stream.AbstractPipeline.copyInto(AbstractPipeline.java:488)
	at java.base/java.util.stream.AbstractPipeline.wrapAndCopyInto(AbstractPipeline.java:474)
	at java.base/java.util.stream.FindOps$FindOp.evaluateSequential(FindOps.java:150)
	at java.base/java.util.stream.AbstractPipeline.evaluate(AbstractPipeline.java:234)
	at java.base/java.util.stream.ReferencePipeline.findFirst(ReferencePipeline.java:647)
	at org.openqa.selenium.remote.ProtocolHandshake.createSession(ProtocolHandshake.java:128)
	at org.openqa.selenium.remote.ProtocolHandshake.createSession(ProtocolHandshake.java:74)
	at org.openqa.selenium.remote.HttpCommandExecutor.execute(HttpCommandExecutor.java:136)
	at org.openqa.selenium.remote.service.DriverCommandExecutor.execute(DriverCommandExecutor.java:83)
	at org.openqa.selenium.remote.RemoteWebDriver.execute(RemoteWebDriver.java:552)
	at org.openqa.selenium.remote.RemoteWebDriver.startSession(RemoteWebDriver.java:213)
	at org.openqa.selenium.remote.RemoteWebDriver.&lt;init&gt;(RemoteWebDriver.java:131)
	at org.openqa.selenium.chrome.ChromeDriver.&lt;init&gt;(ChromeDriver.java:181)
	at org.openqa.selenium.chrome.ChromeDriver.&lt;init&gt;(ChromeDriver.java:168)
	at org.openqa.selenium.chrome.ChromeDriver.&lt;init&gt;(ChromeDriver.java:123)
	at test.ContactUsTest.ContactUsTest.beforeTest(ContactUsTest.java:39)
... Removed 29 stack frames</pre></div><a href='#' onClick='toggleBox("stack-trace1969856053", this, "Click to show all stack frames", "Click to hide stack frames")'>Click to show all stack frames</a>
<div class='stack-trace' id='stack-trace1969856053'><pre>org.openqa.selenium.SessionNotCreatedException: session not created
from disconnected: received Inspector.detached event
  (Session info: chrome=93.0.4577.82)
Build info: version: &apos;3.141.59&apos;, revision: &apos;e82be7d358&apos;, time: &apos;2018-11-14T08:17:03&apos;
System info: host: &apos;ARPGL006256&apos;, ip: &apos;192.168.42.124&apos;, os.name: &apos;Windows 10&apos;, os.arch: &apos;amd64&apos;, os.version: &apos;10.0&apos;, java.version: &apos;16.0.2&apos;
Driver info: driver.version: ChromeDriver
remote stacktrace: Backtrace:
	Ordinal0 [0x00402A33+2501171]
	Ordinal0 [0x0039D1C1+2085313]
	Ordinal0 [0x002A1FA8+1056680]
	Ordinal0 [0x00295474+1004660]
	Ordinal0 [0x002950B6+1003702]
	Ordinal0 [0x002947FA+1001466]
	Ordinal0 [0x0029398D+997773]
	Ordinal0 [0x00293C46+998470]
	Ordinal0 [0x00293535+996661]
	Ordinal0 [0x0029E0C4+1040580]
	Ordinal0 [0x002934F1+996593]
	Ordinal0 [0x00294416+1000470]
	Ordinal0 [0x0029398D+997773]
	Ordinal0 [0x00293C46+998470]
	Ordinal0 [0x00293535+996661]
	Ordinal0 [0x0029C13A+1032506]
	Ordinal0 [0x002934F1+996593]
	Ordinal0 [0x00294416+1000470]
	Ordinal0 [0x0029398D+997773]
	Ordinal0 [0x00293C46+998470]
	Ordinal0 [0x00293535+996661]
	Ordinal0 [0x00299FC9+1023945]
	Ordinal0 [0x002934F1+996593]
	Ordinal0 [0x00294416+1000470]
	Ordinal0 [0x0029398D+997773]
	Ordinal0 [0x00293C46+998470]
	Ordinal0 [0x00293535+996661]
	Ordinal0 [0x002992EC+1020652]
	Ordinal0 [0x002934F1+996593]
	Ordinal0 [0x00294416+1000470]
	Ordinal0 [0x0029398D+997773]
	Ordinal0 [0x00293C46+998470]
	Ordinal0 [0x00293535+996661]
	Ordinal0 [0x0028F10D+979213]
	Ordinal0 [0x002934F1+996593]
	Ordinal0 [0x00293290+995984]
	Ordinal0 [0x00293029+995369]
	Ordinal0 [0x002A31C0+1061312]
	Ordinal0 [0x002EA93B+1354043]
	Ordinal0 [0x002E960A+1349130]
	Ordinal0 [0x002E551B+1332507]
	Ordinal0 [0x002C1D74+1187188]
	Ordinal0 [0x002C2BD9+1190873]
	GetHandleVerifier [0x0057EFE6+1504438]
	GetHandleVerifier [0x0062DDA5+2220661]
	GetHandleVerifier [0x00485589+481881]
	GetHandleVerifier [0x00484639+477961]
	Ordinal0 [0x003A28BD+2107581]
	Ordinal0 [0x003A6728+2123560]
	Ordinal0 [0x003A6862+2123874]
	Ordinal0 [0x003AFA81+2161281]
	BaseThreadInitThunk [0x7796FA29+25]
	RtlGetAppContainerNamedObjectPath [0x77DF7A7E+286]
	RtlGetAppContainerNamedObjectPath [0x77DF7A4E+238]

	at java.base/jdk.internal.reflect.NativeConstructorAccessorImpl.newInstance0(Native Method)
	at java.base/jdk.internal.reflect.NativeConstructorAccessorImpl.newInstance(NativeConstructorAccessorImpl.java:78)
	at java.base/jdk.internal.reflect.DelegatingConstructorAccessorImpl.newInstance(DelegatingConstructorAccessorImpl.java:45)
	at java.base/java.lang.reflect.Constructor.newInstanceWithCaller(Constructor.java:499)
	at java.base/java.lang.reflect.Constructor.newInstance(Constructor.java:480)
	at org.openqa.selenium.remote.W3CHandshakeResponse.lambda$errorHandler$0(W3CHandshakeResponse.java:62)
	at org.openqa.selenium.remote.HandshakeResponse.lambda$getResponseFunction$0(HandshakeResponse.java:30)
	at org.openqa.selenium.remote.ProtocolHandshake.lambda$createSession$0(ProtocolHandshake.java:126)
	at java.base/java.util.stream.ReferencePipeline$3$1.accept(ReferencePipeline.java:197)
	at java.base/java.util.Spliterators$ArraySpliterator.tryAdvance(Spliterators.java:958)
	at java.base/java.util.stream.ReferencePipeline.forEachWithCancel(ReferencePipeline.java:129)
	at java.base/java.util.stream.AbstractPipeline.copyIntoWithCancel(AbstractPipeline.java:502)
	at java.base/java.util.stream.AbstractPipeline.copyInto(AbstractPipeline.java:488)
	at java.base/java.util.stream.AbstractPipeline.wrapAndCopyInto(AbstractPipeline.java:474)
	at java.base/java.util.stream.FindOps$FindOp.evaluateSequential(FindOps.java:150)
	at java.base/java.util.stream.AbstractPipeline.evaluate(AbstractPipeline.java:234)
	at java.base/java.util.stream.ReferencePipeline.findFirst(ReferencePipeline.java:647)
	at org.openqa.selenium.remote.ProtocolHandshake.createSession(ProtocolHandshake.java:128)
	at org.openqa.selenium.remote.ProtocolHandshake.createSession(ProtocolHandshake.java:74)
	at org.openqa.selenium.remote.HttpCommandExecutor.execute(HttpCommandExecutor.java:136)
	at org.openqa.selenium.remote.service.DriverCommandExecutor.execute(DriverCommandExecutor.java:83)
	at org.openqa.selenium.remote.RemoteWebDriver.execute(RemoteWebDriver.java:552)
	at org.openqa.selenium.remote.RemoteWebDriver.startSession(RemoteWebDriver.java:213)
	at org.openqa.selenium.remote.RemoteWebDriver.&lt;init&gt;(RemoteWebDriver.java:131)
	at org.openqa.selenium.chrome.ChromeDriver.&lt;init&gt;(ChromeDriver.java:181)
	at org.openqa.selenium.chrome.ChromeDriver.&lt;init&gt;(ChromeDriver.java:168)
	at org.openqa.selenium.chrome.ChromeDriver.&lt;init&gt;(ChromeDriver.java:123)
	at test.ContactUsTest.ContactUsTest.beforeTest(ContactUsTest.java:39)
	at java.base/jdk.internal.reflect.NativeMethodAccessorImpl.invoke0(Native Method)
	at java.base/jdk.internal.reflect.NativeMethodAccessorImpl.invoke(NativeMethodAccessorImpl.java:78)
	at java.base/jdk.internal.reflect.DelegatingMethodAccessorImpl.invoke(DelegatingMethodAccessorImpl.java:43)
	at java.base/java.lang.reflect.Method.invoke(Method.java:567)
	at org.testng.internal.MethodInvocationHelper.invokeMethod(MethodInvocationHelper.java:133)
	at org.testng.internal.MethodInvocationHelper.invokeMethodConsideringTimeout(MethodInvocationHelper.java:62)
	at org.testng.internal.ConfigInvoker.invokeConfigurationMethod(ConfigInvoker.java:385)
	at org.testng.internal.ConfigInvoker.invokeConfigurations(ConfigInvoker.java:321)
	at org.testng.TestRunner.invokeTestConfigurations(TestRunner.java:637)
	at org.testng.TestRunner.beforeRun(TestRunner.java:627)
	at org.testng.TestRunner.run(TestRunner.java:589)
	at org.testng.SuiteRunner.runTest(SuiteRunner.java:377)
	at org.testng.SuiteRunner.runSequentially(SuiteRunner.java:371)
	at org.testng.SuiteRunner.privateRun(SuiteRunner.java:332)
	at org.testng.SuiteRunner.run(SuiteRunner.java:276)
	at org.testng.SuiteRunnerWorker.runSuite(SuiteRunnerWorker.java:53)
	at org.testng.SuiteRunnerWorker.run(SuiteRunnerWorker.java:96)
	at org.testng.TestNG.runSuitesSequentially(TestNG.java:1212)
	at org.testng.TestNG.runSuitesLocally(TestNG.java:1134)
	at org.testng.TestNG.runSuites(TestNG.java:1063)
	at org.testng.TestNG.run(TestNG.java:1031)
	at org.testng.remote.AbstractRemoteTestNG.run(AbstractRemoteTestNG.java:115)
	at org.testng.remote.RemoteTestNG.initAndRun(RemoteTestNG.java:251)
	at org.testng.remote.RemoteTestNG.main(RemoteTestNG.java:77)
</pre></div></td>
<td>0</td>
<td>test.adminfunctional.AdminPassword@47d9a273</td></tr>
</table><p>
</body>
</html>