<?xml version="1.0" encoding="UTF-8"?>
<!-- Generated by org.testng.reporters.JUnitXMLReporter -->
<testsuite ignored="0" hostname="ARPGL006256" failures="0" tests="19" name="TestLogin" time="12.918" errors="0" timestamp="2021-09-19T16:40:42 IST">
  <testcase classname="test.ContactUsTest.ContactUsTest" name="@BeforeTest beforeTest" time="3.614">
    <failure type="org.openqa.selenium.SessionNotCreatedException" message="session not created
from disconnected: received Inspector.detached event
  (Session info: chrome=93.0.4577.82)
Build info: version: &amp;apos;3.141.59&amp;apos;, revision: &amp;apos;e82be7d358&amp;apos;, time: &amp;apos;2018-11-14T08:17:03&amp;apos;
System info: host: &amp;apos;ARPGL006256&amp;apos;, ip: &amp;apos;192.168.42.124&amp;apos;, os.name: &amp;apos;Windows 10&amp;apos;, os.arch: &amp;apos;amd64&amp;apos;, os.version: &amp;apos;10.0&amp;apos;, java.version: &amp;apos;16.0.2&amp;apos;
Driver info: driver.version: ChromeDriver
remote stacktrace: Backtrace:
	Ordinal0 [0x00402A33+2501171]
	Ordinal0 [0x0039D1C1+2085313]
	Ordinal0 [0x002A1FA8+1056680]
	Ordinal0 [0x00295474+1004660]
	Ordinal0 [0x002950B6+1003702]
	Ordinal0 [0x002947FA+1001466]
	Ordinal0 [0x0029398D+997773]
	Ordinal0 [0x00293C46+998470]
	Ordinal0 [0x00293535+996661]
	Ordinal0 [0x0029E0C4+1040580]
	Ordinal0 [0x002934F1+996593]
	Ordinal0 [0x00294416+1000470]
	Ordinal0 [0x0029398D+997773]
	Ordinal0 [0x00293C46+998470]
	Ordinal0 [0x00293535+996661]
	Ordinal0 [0x0029C13A+1032506]
	Ordinal0 [0x002934F1+996593]
	Ordinal0 [0x00294416+1000470]
	Ordinal0 [0x0029398D+997773]
	Ordinal0 [0x00293C46+998470]
	Ordinal0 [0x00293535+996661]
	Ordinal0 [0x00299FC9+1023945]
	Ordinal0 [0x002934F1+996593]
	Ordinal0 [0x00294416+1000470]
	Ordinal0 [0x0029398D+997773]
	Ordinal0 [0x00293C46+998470]
	Ordinal0 [0x00293535+996661]
	Ordinal0 [0x002992EC+1020652]
	Ordinal0 [0x002934F1+996593]
	Ordinal0 [0x00294416+1000470]
	Ordinal0 [0x0029398D+997773]
	Ordinal0 [0x00293C46+998470]
	Ordinal0 [0x00293535+996661]
	Ordinal0 [0x0028F10D+979213]
	Ordinal0 [0x002934F1+996593]
	Ordinal0 [0x00293290+995984]
	Ordinal0 [0x00293029+995369]
	Ordinal0 [0x002A31C0+1061312]
	Ordinal0 [0x002EA93B+1354043]
	Ordinal0 [0x002E960A+1349130]
	Ordinal0 [0x002E551B+1332507]
	Ordinal0 [0x002C1D74+1187188]
	Ordinal0 [0x002C2BD9+1190873]
	GetHandleVerifier [0x0057EFE6+1504438]
	GetHandleVerifier [0x0062DDA5+2220661]
	GetHandleVerifier [0x00485589+481881]
	GetHandleVerifier [0x00484639+477961]
	Ordinal0 [0x003A28BD+2107581]
	Ordinal0 [0x003A6728+2123560]
	Ordinal0 [0x003A6862+2123874]
	Ordinal0 [0x003AFA81+2161281]
	BaseThreadInitThunk [0x7796FA29+25]
	RtlGetAppContainerNamedObjectPath [0x77DF7A7E+286]
	RtlGetAppContainerNamedObjectPath [0x77DF7A4E+238]
">
      <![CDATA[org.openqa.selenium.SessionNotCreatedException: session not created
from disconnected: received Inspector.detached event
  (Session info: chrome=93.0.4577.82)
Build info: version: '3.141.59', revision: 'e82be7d358', time: '2018-11-14T08:17:03'
System info: host: 'ARPGL006256', ip: '192.168.42.124', os.name: 'Windows 10', os.arch: 'amd64', os.version: '10.0', java.version: '16.0.2'
Driver info: driver.version: ChromeDriver
remote stacktrace: Backtrace:
Ordinal0 [0x00402A33+2501171]
Ordinal0 [0x0039D1C1+2085313]
Ordinal0 [0x002A1FA8+1056680]
Ordinal0 [0x00295474+1004660]
Ordinal0 [0x002950B6+1003702]
Ordinal0 [0x002947FA+1001466]
Ordinal0 [0x0029398D+997773]
Ordinal0 [0x00293C46+998470]
Ordinal0 [0x00293535+996661]
Ordinal0 [0x0029E0C4+1040580]
Ordinal0 [0x002934F1+996593]
Ordinal0 [0x00294416+1000470]
Ordinal0 [0x0029398D+997773]
Ordinal0 [0x00293C46+998470]
Ordinal0 [0x00293535+996661]
Ordinal0 [0x0029C13A+1032506]
Ordinal0 [0x002934F1+996593]
Ordinal0 [0x00294416+1000470]
Ordinal0 [0x0029398D+997773]
Ordinal0 [0x00293C46+998470]
Ordinal0 [0x00293535+996661]
Ordinal0 [0x00299FC9+1023945]
Ordinal0 [0x002934F1+996593]
Ordinal0 [0x00294416+1000470]
Ordinal0 [0x0029398D+997773]
Ordinal0 [0x00293C46+998470]
Ordinal0 [0x00293535+996661]
Ordinal0 [0x002992EC+1020652]
Ordinal0 [0x002934F1+996593]
Ordinal0 [0x00294416+1000470]
Ordinal0 [0x0029398D+997773]
Ordinal0 [0x00293C46+998470]
Ordinal0 [0x00293535+996661]
Ordinal0 [0x0028F10D+979213]
Ordinal0 [0x002934F1+996593]
Ordinal0 [0x00293290+995984]
Ordinal0 [0x00293029+995369]
Ordinal0 [0x002A31C0+1061312]
Ordinal0 [0x002EA93B+1354043]
Ordinal0 [0x002E960A+1349130]
Ordinal0 [0x002E551B+1332507]
Ordinal0 [0x002C1D74+1187188]
Ordinal0 [0x002C2BD9+1190873]
GetHandleVerifier [0x0057EFE6+1504438]
GetHandleVerifier [0x0062DDA5+2220661]
GetHandleVerifier [0x00485589+481881]
GetHandleVerifier [0x00484639+477961]
Ordinal0 [0x003A28BD+2107581]
Ordinal0 [0x003A6728+2123560]
Ordinal0 [0x003A6862+2123874]
Ordinal0 [0x003AFA81+2161281]
BaseThreadInitThunk [0x7796FA29+25]
RtlGetAppContainerNamedObjectPath [0x77DF7A7E+286]
RtlGetAppContainerNamedObjectPath [0x77DF7A4E+238]

at org.openqa.selenium.remote.W3CHandshakeResponse.lambda$errorHandler$0(W3CHandshakeResponse.java:62)
at org.openqa.selenium.remote.HandshakeResponse.lambda$getResponseFunction$0(HandshakeResponse.java:30)
at org.openqa.selenium.remote.ProtocolHandshake.lambda$createSession$0(ProtocolHandshake.java:126)
at java.base/java.util.stream.ReferencePipeline$3$1.accept(ReferencePipeline.java:197)
at java.base/java.util.Spliterators$ArraySpliterator.tryAdvance(Spliterators.java:958)
at java.base/java.util.stream.ReferencePipeline.forEachWithCancel(ReferencePipeline.java:129)
at java.base/java.util.stream.AbstractPipeline.copyIntoWithCancel(AbstractPipeline.java:502)
at java.base/java.util.stream.AbstractPipeline.copyInto(AbstractPipeline.java:488)
at java.base/java.util.stream.AbstractPipeline.wrapAndCopyInto(AbstractPipeline.java:474)
at java.base/java.util.stream.FindOps$FindOp.evaluateSequential(FindOps.java:150)
at java.base/java.util.stream.AbstractPipeline.evaluate(AbstractPipeline.java:234)
at java.base/java.util.stream.ReferencePipeline.findFirst(ReferencePipeline.java:647)
at org.openqa.selenium.remote.ProtocolHandshake.createSession(ProtocolHandshake.java:128)
at org.openqa.selenium.remote.ProtocolHandshake.createSession(ProtocolHandshake.java:74)
at org.openqa.selenium.remote.HttpCommandExecutor.execute(HttpCommandExecutor.java:136)
at org.openqa.selenium.remote.service.DriverCommandExecutor.execute(DriverCommandExecutor.java:83)
at org.openqa.selenium.remote.RemoteWebDriver.execute(RemoteWebDriver.java:552)
at org.openqa.selenium.remote.RemoteWebDriver.startSession(RemoteWebDriver.java:213)
at org.openqa.selenium.remote.RemoteWebDriver.<init>(RemoteWebDriver.java:131)
at org.openqa.selenium.chrome.ChromeDriver.<init>(ChromeDriver.java:181)
at org.openqa.selenium.chrome.ChromeDriver.<init>(ChromeDriver.java:168)
at org.openqa.selenium.chrome.ChromeDriver.<init>(ChromeDriver.java:123)
at test.ContactUsTest.ContactUsTest.beforeTest(ContactUsTest.java:39)
... Removed 29 stack frames]]>
    </failure>
  </testcase> <!-- @BeforeTest beforeTest -->
  <testcase classname="test.carlistingTests.FetchCarTest" name="@BeforeTest beforeTest" time="-1.632049842295E9">
    <skipped/>
  </testcase> <!-- @BeforeTest beforeTest -->
  <testcase classname="test.usersignup.ForgotPassword" name="@BeforeTest beforeTest" time="-1.632049842297E9">
    <skipped/>
  </testcase> <!-- @BeforeTest beforeTest -->
  <testcase classname="test.homepageTests.HomePageMyBooking" name="@BeforeTest beforeTest" time="-1.632049842299E9">
    <skipped/>
  </testcase> <!-- @BeforeTest beforeTest -->
  <testcase classname="test.adminfunctional.ManageBooking" name="@BeforeTest beforeTest" time="-1.6320498423E9">
    <skipped/>
  </testcase> <!-- @BeforeTest beforeTest -->
  <testcase classname="test.usersignup.SignUp" name="@BeforeTest beforeTest" time="-1.6320498423E9">
    <skipped/>
  </testcase> <!-- @BeforeTest beforeTest -->
  <testcase classname="test.userlogin.UserLogin" name="@BeforeTest beforeTest" time="-1.632049842301E9">
    <skipped/>
  </testcase> <!-- @BeforeTest beforeTest -->
  <testcase classname="test.userlogin.UserLogin" name="@BeforeMethod beforeMethod" time="-1.632049842339E9">
    <skipped/>
  </testcase> <!-- @BeforeMethod beforeMethod -->
  <testcase classname="test.userlogin.UserLogin" name="@BeforeMethod beforeMethod" time="-1.632049842353E9">
    <skipped/>
  </testcase> <!-- @BeforeMethod beforeMethod -->
  <testcase classname="test.usersignup.SignUp" name="@BeforeMethod beforeMethod" time="-1.632049842438E9">
    <skipped/>
  </testcase> <!-- @BeforeMethod beforeMethod -->
  <testcase classname="test.usersignup.ForgotPassword" name="@BeforeMethod beforeMethod" time="-1.632049842463E9">
    <skipped/>
  </testcase> <!-- @BeforeMethod beforeMethod -->
  <testcase classname="test.usersignup.ForgotPassword" name="@BeforeMethod beforeMethod" time="-1.632049842469E9">
    <skipped/>
  </testcase> <!-- @BeforeMethod beforeMethod -->
  <testcase classname="test.adminfunctional.AdminPassword" name="@BeforeMethod beforeMethod" time="-1.632049842475E9">
    <skipped/>
  </testcase> <!-- @BeforeMethod beforeMethod -->
  <testcase classname="test.adminfunctional.AdminPassword" name="@BeforeMethod beforeMethod" time="-1.632049842481E9">
    <skipped/>
  </testcase> <!-- @BeforeMethod beforeMethod -->
  <testcase classname="test.adminfunctional.AdminPassword" name="@BeforeMethod beforeMethod" time="-1.632049842485E9">
    <skipped/>
  </testcase> <!-- @BeforeMethod beforeMethod -->
  <testcase classname="test.carlistingTests.BookCarTests" name="@BeforeMethod beforeMethod" time="-1.63204984251E9">
    <skipped/>
  </testcase> <!-- @BeforeMethod beforeMethod -->
  <testcase classname="test.carlistingTests.BookCarTests" name="@BeforeMethod beforeMethod" time="-1.632049842515E9">
    <skipped/>
  </testcase> <!-- @BeforeMethod beforeMethod -->
  <testcase classname="test.carlistingTests.BookCarTests" name="@BeforeMethod beforeMethod" time="-1.632049842521E9">
    <skipped/>
  </testcase> <!-- @BeforeMethod beforeMethod -->
  <testcase classname="test.adminfunctional.AdminLogin" name="@AfterTest afterTest" time="-1.63204984253E9">
    <skipped/>
  </testcase> <!-- @AfterTest afterTest -->
  <testcase classname="test.adminfunctional.AdminPassword" name="@AfterTest AfterTest" time="-1.632049842531E9">
    <skipped/>
  </testcase> <!-- @AfterTest AfterTest -->
  <testcase classname="test.carlistingTests.BookCarTests" name="@AfterTest afterMethod" time="-1.632049842531E9">
    <skipped/>
  </testcase> <!-- @AfterTest afterMethod -->
  <testcase classname="test.ContactUsTest.ContactUsTest" name="@AfterTest afterTest" time="-1.632049842532E9">
    <skipped/>
  </testcase> <!-- @AfterTest afterTest -->
  <testcase classname="test.carlistingTests.FetchCarTest" name="@AfterTest afterTest" time="-1.632049842532E9">
    <skipped/>
  </testcase> <!-- @AfterTest afterTest -->
  <testcase classname="test.usersignup.ForgotPassword" name="@AfterTest afterTest" time="-1.632049842534E9">
    <skipped/>
  </testcase> <!-- @AfterTest afterTest -->
  <testcase classname="test.homepageTests.HomePageMyBooking" name="@AfterTest afteTest" time="-1.632049842536E9">
    <skipped/>
  </testcase> <!-- @AfterTest afteTest -->
  <testcase classname="test.adminfunctional.ManageBooking" name="@AfterTest afterTest" time="-1.632049842537E9">
    <skipped/>
  </testcase> <!-- @AfterTest afterTest -->
  <testcase classname="test.usersignup.SignUp" name="@AfterTest AfterTest" time="-1.632049842538E9">
    <skipped/>
  </testcase> <!-- @AfterTest AfterTest -->
  <testcase classname="test.userlogin.UserLogin" name="@AfterTest AfterTest" time="-1.632049842538E9">
    <skipped/>
  </testcase> <!-- @AfterTest AfterTest -->
  <testcase classname="test.userlogin.UserLogin" name="loginWithInValidDetailsTest" time="0.0">
    <skipped/>
  </testcase> <!-- loginWithInValidDetailsTest -->
  <testcase classname="test.userlogin.UserLogin" name="loginWithValidDetailsTest" time="0.0">
    <skipped/>
  </testcase> <!-- loginWithValidDetailsTest -->
  <testcase classname="test.usersignup.SignUp" name="signupTestValid" time="0.0">
    <skipped/>
  </testcase> <!-- signupTestValid -->
  <testcase classname="test.usersignup.SignUp" name="signupTestInvalid" time="0.0">
    <skipped/>
  </testcase> <!-- signupTestInvalid -->
  <testcase classname="test.adminfunctional.AdminLogin" name="validLogin" time="0.0">
    <skipped/>
  </testcase> <!-- validLogin -->
  <testcase classname="test.adminfunctional.AdminLogin" name="adminLogout" time="0.0">
    <skipped/>
  </testcase> <!-- adminLogout -->
  <testcase classname="test.adminfunctional.AdminLogin" name="invalidLogin" time="0.0">
    <skipped/>
  </testcase> <!-- invalidLogin -->
  <testcase classname="test.usersignup.ForgotPassword" name="changePasswordOne" time="0.0">
    <skipped/>
  </testcase> <!-- changePasswordOne -->
  <testcase classname="test.usersignup.ForgotPassword" name="changePasswordTwo" time="0.0">
    <skipped/>
  </testcase> <!-- changePasswordTwo -->
  <testcase classname="test.adminfunctional.AdminPassword" name="changePasswordOne" time="0.0">
    <skipped/>
  </testcase> <!-- changePasswordOne -->
  <testcase classname="test.adminfunctional.AdminPassword" name="changePasswordTwo" time="0.0">
    <skipped/>
  </testcase> <!-- changePasswordTwo -->
  <testcase classname="test.adminfunctional.AdminPassword" name="changePasswordThree" time="0.0">
    <skipped/>
  </testcase> <!-- changePasswordThree -->
  <testcase classname="test.ContactUsTest.ContactUsTest" name="contactusTest" time="0.0">
    <skipped/>
  </testcase> <!-- contactusTest -->
  <testcase classname="test.homepageTests.HomePageMyBooking" name="homePageMyBookingTest" time="0.0">
    <skipped/>
  </testcase> <!-- homePageMyBookingTest -->
  <testcase classname="test.carlistingTests.FetchCarTest" name="fetchCarTest" time="0.0">
    <skipped/>
  </testcase> <!-- fetchCarTest -->
  <testcase classname="test.carlistingTests.BookCarTests" name="bookwithoutloginTest" time="0.0">
    <skipped/>
  </testcase> <!-- bookwithoutloginTest -->
  <testcase classname="test.carlistingTests.BookCarTests" name="bookCarRequireFieldTest" time="0.0">
    <skipped/>
  </testcase> <!-- bookCarRequireFieldTest -->
  <testcase classname="test.carlistingTests.BookCarTests" name="bookCarTest" time="0.0">
    <skipped/>
  </testcase> <!-- bookCarTest -->
  <testcase classname="test.adminfunctional.ManageBooking" name="manageBooking" time="0.0">
    <skipped/>
  </testcase> <!-- manageBooking -->
</testsuite> <!-- TestLogin -->
